

Microchip MPLAB XC8 Assembler V2.46 build 20240104201356 
                                                                                               Wed Aug 14 10:03:46 2024

Microchip MPLAB XC8 C Compiler v2.46 (Free license) build 20240104201356 Og1 
     1                           	processor	18F4580
     2                           	fnconf	rparam,??,?,0
     3                           	pagewidth 120
     4                           	opt	flic
     5                           	psect	cinit,global,reloc=2,class=CODE,delta=1
     6                           	psect	cstackCOMRAM,global,class=COMRAM,space=1,delta=1,lowdata,noexec
     7                           	psect	text0,global,reloc=2,class=CODE,delta=1
     8                           	psect	smallconst,global,reloc=2,class=SMALLCONST,delta=1,noexec
     9                           	psect	intsave_regs,global,class=BIGRAM,space=1,delta=1,noexec
    10                           	psect	rparam,global,class=COMRAM,space=1,delta=1,noexec
    11   000000                     
    12                           ; Generated 17/10/2023 GMT
    13                           ; 
    14                           ; Copyright © 2023, Microchip Technology Inc. and its subsidiaries ("Microchip")
    15                           ; All rights reserved.
    16                           ; 
    17                           ; This software is developed by Microchip Technology Inc. and its subsidiaries ("Microch
      +                          ip").
    18                           ; 
    19                           ; Redistribution and use in source and binary forms, with or without modification, are
    20                           ; permitted provided that the following conditions are met:
    21                           ; 
    22                           ;     1. Redistributions of source code must retain the above copyright notice, this lis
      +                          t of
    23                           ;        conditions and the following disclaimer.
    24                           ; 
    25                           ;     2. Redistributions in binary form must reproduce the above copyright notice, this 
      +                          list
    26                           ;        of conditions and the following disclaimer in the documentation and/or other
    27                           ;        materials provided with the distribution. Publication is not required when
    28                           ;        this file is used in an embedded application.
    29                           ; 
    30                           ;     3. Microchip's name may not be used to endorse or promote products derived from th
      +                          is
    31                           ;        software without specific prior written permission.
    32                           ; 
    33                           ; THIS SOFTWARE IS PROVIDED BY MICROCHIP "AS IS" AND ANY EXPRESS OR IMPLIED WARRANTIES,
    34                           ; INCLUDING, BUT NOT LIMITED TO, THE IMPLIED WARRANTIES OF MERCHANTABILITY AND FITNESS F
      +                          OR
    35                           ; PURPOSE ARE DISCLAIMED.  IN NO EVENT SHALL MICROCHIP BE LIABLE FOR ANY DIRECT, INDIREC
      +                          T,
    36                           ; INCIDENTAL, SPECIAL, EXEMPLARY, OR CONSEQUENTIAL DAMAGES (INCLUDING BUT NOT LIMITED TO
    37                           ; PROCUREMENT OF SUBSTITUTE GOODS OR SERVICES; LOSS OF USE, DATA OR PROFITS; OR BUSINESS
    38                           ; INTERRUPTION) HOWSOEVER CAUSED AND ON ANY THEORY OF LIABILITY, WHETHER IN CONTRACT, ST
      +                          RICT
    39                           ; LIABILITY, OR TORT (INCLUDING NEGLIGENCE OR OTHERWISE) ARISING IN ANY WAY OUT OF THE U
      +                          SE OF
    40                           ; THIS SOFTWARE, EVEN IF ADVISED OF THE POSSIBILITY OF SUCH DAMAGE.
    41                           ; 
    42                           ; 
    43                           ; Code-generator required, PIC18F4580 Definitions
    44                           ; 
    45                           ; SFR Addresses
    46   000000                     _TRISC	set	3988
    47   000000                     _RCSTA	set	4011
    48   000000                     _TXSTA	set	4012
    49   000000                     _TXIF	set	31988
    50   000000                     _TXREG	set	4013
    51   000000                     _SPBRG	set	4015
    52   000000                     _BAUDCON	set	4024
    53                           
    54                           ; #config settings
    55                           
    56                           	psect	cinit
    57   00062E                     __pcinit:
    58                           	callstack 0
    59   00062E                     start_initialization:
    60                           	callstack 0
    61   00062E                     __initialization:
    62                           	callstack 0
    63   00062E                     end_of_initialization:
    64                           	callstack 0
    65   00062E                     __end_of__initialization:
    66                           	callstack 0
    67   00062E  0100               	movlb	0
    68   000630  EF01  F003         	goto	_main	;jump to C main() function
    69                           
    70                           	psect	cstackCOMRAM
    71   000000                     __pcstackCOMRAM:
    72                           	callstack 0
    73   000000                     
    74                           ; 1 bytes @ 0x0
    75 ;;
    76 ;;Main: autosize = 0, tempsize = 0, incstack = 0, save=0
    77 ;;
    78 ;; *************** function _main *****************
    79 ;; Defined at:
    80 ;;		line 11 in file "eusart.c"
    81 ;; Parameters:    Size  Location     Type
    82 ;;		None
    83 ;; Auto vars:     Size  Location     Type
    84 ;;		None
    85 ;; Return value:  Size  Location     Type
    86 ;;                  1    wreg      void 
    87 ;; Registers used:
    88 ;;		wreg, status,2
    89 ;; Tracked objects:
    90 ;;		On entry : 0/0
    91 ;;		On exit  : 0/0
    92 ;;		Unchanged: 0/0
    93 ;; Data sizes:     COMRAM   BANK0   BANK1   BANK2   BANK3   BANK4   BANK5
    94 ;;      Params:         0       0       0       0       0       0       0
    95 ;;      Locals:         0       0       0       0       0       0       0
    96 ;;      Temps:          0       0       0       0       0       0       0
    97 ;;      Totals:         0       0       0       0       0       0       0
    98 ;;Total ram usage:        0 bytes
    99 ;; This function calls:
   100 ;;		Nothing
   101 ;; This function is called by:
   102 ;;		Startup code after reset
   103 ;; This function uses a non-reentrant model
   104 ;;
   105                           
   106                           	psect	text0
   107   000602                     __ptext0:
   108                           	callstack 0
   109   000602                     _main:
   110                           	callstack 31
   111   000602                     
   112                           ;eusart.c: 12:     TRISC=0X00;
   113   000602  0E00               	movlw	0
   114   000604  6E94               	movwf	148,c	;volatile
   115                           
   116                           ;eusart.c: 13:     TXSTA =0X24;
   117   000606  0E24               	movlw	36
   118   000608  6EAC               	movwf	172,c	;volatile
   119                           
   120                           ;eusart.c: 14:     RCSTA=0X90;
   121   00060A  0E90               	movlw	144
   122   00060C  6EAB               	movwf	171,c	;volatile
   123                           
   124                           ;eusart.c: 15:     BAUDCON=0X00;
   125   00060E  0E00               	movlw	0
   126   000610  6EB8               	movwf	184,c	;volatile
   127                           
   128                           ;eusart.c: 16:      SPBRG=129;
   129   000612  0E81               	movlw	129
   130   000614  6EAF               	movwf	175,c	;volatile
   131                           
   132                           ;eusart.c: 17:     TXREG='A';
   133   000616  0E41               	movlw	65
   134   000618  6EAD               	movwf	173,c	;volatile
   135   00061A                     l19:
   136   00061A  A89E               	btfss	3998,4,c	;volatile
   137   00061C  EF12  F003         	goto	u11
   138   000620  EF14  F003         	goto	u10
   139   000624                     u11:
   140   000624  EF0D  F003         	goto	l19
   141   000628                     u10:
   142   000628                     
   143                           ;eusart.c: 19:     TXIF=0;
   144   000628  989E               	bcf	3998,4,c	;volatile
   145   00062A  EF00  F000         	goto	start
   146   00062E                     __end_of_main:
   147                           	callstack 0
   148                           
   149                           	psect	smallconst
   150   000600                     __psmallconst:
   151                           	callstack 0
   152   000600  00                 	db	0
   153   000601  00                 	db	0	; dummy byte at the end
   154   000000                     
   155                           	psect	rparam
   156   000000                     tosu	equ	0xFFF
   157                           tosh	equ	0xFFE
   158                           tosl	equ	0xFFD
   159                           stkptr	equ	0xFFC
   160                           pclatu	equ	0xFFB
   161                           pclath	equ	0xFFA
   162                           pcl	equ	0xFF9
   163                           tblptru	equ	0xFF8
   164                           tblptrh	equ	0xFF7
   165                           tblptrl	equ	0xFF6
   166                           tablat	equ	0xFF5
   167                           prodh	equ	0xFF4
   168                           prodl	equ	0xFF3
   169                           indf0	equ	0xFEF
   170                           postinc0	equ	0xFEE
   171                           postdec0	equ	0xFED
   172                           preinc0	equ	0xFEC
   173                           plusw0	equ	0xFEB
   174                           fsr0h	equ	0xFEA
   175                           fsr0l	equ	0xFE9
   176                           wreg	equ	0xFE8
   177                           indf1	equ	0xFE7
   178                           postinc1	equ	0xFE6
   179                           postdec1	equ	0xFE5
   180                           preinc1	equ	0xFE4
   181                           plusw1	equ	0xFE3
   182                           fsr1h	equ	0xFE2
   183                           fsr1l	equ	0xFE1
   184                           bsr	equ	0xFE0
   185                           indf2	equ	0xFDF
   186                           postinc2	equ	0xFDE
   187                           postdec2	equ	0xFDD
   188                           preinc2	equ	0xFDC
   189                           plusw2	equ	0xFDB
   190                           fsr2h	equ	0xFDA
   191                           fsr2l	equ	0xFD9
   192                           status	equ	0xFD8

Data Sizes:
    Strings     0
    Constant    0
    Data        0
    BSS         0
    Persistent  0
    Stack       0

Auto Spaces:
    Space          Size  Autos    Used
    COMRAM           95      0       0
    BANK0           160      0       0
    BANK1           256      0       0
    BANK2           256      0       0
    BANK3           256      0       0
    BANK4           256      0       0
    BANK5           256      0       0

Pointer List with Targets:

    None.

Critical Paths under _main in COMRAM

    None.

Critical Paths under _main in BANK0

    None.

Critical Paths under _main in BANK1

    None.

Critical Paths under _main in BANK2

    None.

Critical Paths under _main in BANK3

    None.

Critical Paths under _main in BANK4

    None.

Critical Paths under _main in BANK5

    None.

Call Graph Tables:

 ---------------------------------------------------------------------------------
 (Depth) Function   	        Calls       Base Space   Used Autos Params    Refs
 ---------------------------------------------------------------------------------
 (0) _main                                                 0     0      0       0
 ---------------------------------------------------------------------------------
 Estimated maximum stack depth 0
 ---------------------------------------------------------------------------------

 Call Graph Graphs:

 _main (ROOT)

 Address spaces:
Name               Size   Autos  Total    Cost      Usage
BITCOMRAM           5F      0       0       0        0.0%
EEDATA             100      0       0       0        0.0%
NULL                 0      0       0       0        0.0%
CODE                 0      0       0       0        0.0%
COMRAM              5F      0       0       1        0.0%
STACK                0      0       0       2        0.0%
DATA                 0      0       0       3        0.0%
BITBANK0            A0      0       0       4        0.0%
BANK0               A0      0       0       5        0.0%
BITBANK1           100      0       0       6        0.0%
BANK1              100      0       0       7        0.0%
BITBANK2           100      0       0       8        0.0%
BANK2              100      0       0       9        0.0%
BITBANK3           100      0       0      10        0.0%
BANK3              100      0       0      11        0.0%
BITBANK4           100      0       0      12        0.0%
BANK4              100      0       0      13        0.0%
BITBANK5           100      0       0      14        0.0%
BANK5              100      0       0      15        0.0%
BITBIGSFRhhh        47      0       0      16        0.0%
BITBIGSFRhhlh        8      0       0      17        0.0%
BITBIGSFRhhll        1      0       0      18        0.0%
BITBIGSFRhlh         C      0       0      19        0.0%
BITBIGSFRhll         9      0       0      20        0.0%
BITBIGSFRl         294      0       0      21        0.0%
ABS                  0      0       0      22        0.0%
BIGRAM             5FF      0       0      23        0.0%
BIGSFR               0      0       0     200        0.0%
BITSFR_3             0      0       0     200        0.0%
SFR_3                0      0       0     200        0.0%
BITSFR_2             0      0       0     200        0.0%
SFR_2                0      0       0     200        0.0%
BITSFR_1             0      0       0     200        0.0%
SFR_1                0      0       0     200        0.0%
BITSFR               0      0       0     200        0.0%
SFR                  0      0       0     200        0.0%


Microchip Technology PIC18 Macro Assembler V2.46 build 20240104201356 
Symbol Table                                                                                   Wed Aug 14 10:03:46 2024

                     l21 0628                       l22 062A                       l19 061A  
                     u10 0628                       u11 0624                      l698 0602  
                   _TXIF 7CF4                     _main 0602                     start 0000  
           ___param_bank 0000                    ?_main 0000                    _RCSTA 0FAB  
                  _SPBRG 0FAF                    _TRISC 0F94                    _TXREG 0FAD  
                  _TXSTA 0FAC          __initialization 062E             __end_of_main 062E  
                 ??_main 0000            __activetblptr 0000                   isa$std 0001  
           __mediumconst 0000               __accesstop 0060  __end_of__initialization 062E  
          ___rparam_used 0001           __pcstackCOMRAM 0000                  _BAUDCON 0FB8  
                __Hparam 0000                  __Lparam 0000             __psmallconst 0600  
                __pcinit 062E                  __ramtop 0600                  __ptext0 0602  
   end_of_initialization 062E      start_initialization 062E              __smallconst 0600  
               __Hrparam 0000                 __Lrparam 0000                 isa$xinst 0000  
