

Microchip MPLAB XC8 Assembler V2.46 build 20240104201356 
                                                                                               Thu Jul 25 10:01:00 2024

Microchip MPLAB XC8 C Compiler v2.46 (Free license) build 20240104201356 Og1 
     1                           	processor	18F4580
     2                           	fnconf	rparam,??,?,0
     3                           	pagewidth 120
     4                           	opt	flic
     5                           	psect	cinit,global,reloc=2,class=CODE,delta=1
     6                           	psect	cstackCOMRAM,global,class=COMRAM,space=1,delta=1,lowdata,noexec
     7                           	psect	text0,global,reloc=2,class=CODE,delta=1
     8                           	psect	smallconst,global,reloc=2,class=SMALLCONST,delta=1,noexec
     9                           	psect	intsave_regs,global,class=BIGRAM,space=1,delta=1,noexec
    10                           	psect	rparam,global,class=COMRAM,space=1,delta=1,noexec
    11   000000                     
    12                           ; Generated 17/10/2023 GMT
    13                           ; 
    14                           ; Copyright © 2023, Microchip Technology Inc. and its subsidiaries ("Microchip")
    15                           ; All rights reserved.
    16                           ; 
    17                           ; This software is developed by Microchip Technology Inc. and its subsidiaries ("Microch
      +                          ip").
    18                           ; 
    19                           ; Redistribution and use in source and binary forms, with or without modification, are
    20                           ; permitted provided that the following conditions are met:
    21                           ; 
    22                           ;     1. Redistributions of source code must retain the above copyright notice, this lis
      +                          t of
    23                           ;        conditions and the following disclaimer.
    24                           ; 
    25                           ;     2. Redistributions in binary form must reproduce the above copyright notice, this 
      +                          list
    26                           ;        of conditions and the following disclaimer in the documentation and/or other
    27                           ;        materials provided with the distribution. Publication is not required when
    28                           ;        this file is used in an embedded application.
    29                           ; 
    30                           ;     3. Microchip's name may not be used to endorse or promote products derived from th
      +                          is
    31                           ;        software without specific prior written permission.
    32                           ; 
    33                           ; THIS SOFTWARE IS PROVIDED BY MICROCHIP "AS IS" AND ANY EXPRESS OR IMPLIED WARRANTIES,
    34                           ; INCLUDING, BUT NOT LIMITED TO, THE IMPLIED WARRANTIES OF MERCHANTABILITY AND FITNESS F
      +                          OR
    35                           ; PURPOSE ARE DISCLAIMED.  IN NO EVENT SHALL MICROCHIP BE LIABLE FOR ANY DIRECT, INDIREC
      +                          T,
    36                           ; INCIDENTAL, SPECIAL, EXEMPLARY, OR CONSEQUENTIAL DAMAGES (INCLUDING BUT NOT LIMITED TO
    37                           ; PROCUREMENT OF SUBSTITUTE GOODS OR SERVICES; LOSS OF USE, DATA OR PROFITS; OR BUSINESS
    38                           ; INTERRUPTION) HOWSOEVER CAUSED AND ON ANY THEORY OF LIABILITY, WHETHER IN CONTRACT, ST
      +                          RICT
    39                           ; LIABILITY, OR TORT (INCLUDING NEGLIGENCE OR OTHERWISE) ARISING IN ANY WAY OUT OF THE U
      +                          SE OF
    40                           ; THIS SOFTWARE, EVEN IF ADVISED OF THE POSSIBILITY OF SUCH DAMAGE.
    41                           ; 
    42                           ; 
    43                           ; Code-generator required, PIC18F4580 Definitions
    44                           ; 
    45                           ; SFR Addresses
    46   000000                     _TRISC	set	3988
    47                           
    48                           ; #config settings
    49                           
    50                           	psect	cinit
    51   00060A                     __pcinit:
    52                           	callstack 0
    53   00060A                     start_initialization:
    54                           	callstack 0
    55   00060A                     __initialization:
    56                           	callstack 0
    57   00060A                     end_of_initialization:
    58                           	callstack 0
    59   00060A                     __end_of__initialization:
    60                           	callstack 0
    61   00060A  0100               	movlb	0
    62   00060C  EF01  F003         	goto	_main	;jump to C main() function
    63                           
    64                           	psect	cstackCOMRAM
    65   000000                     __pcstackCOMRAM:
    66                           	callstack 0
    67   000000                     
    68                           ; 1 bytes @ 0x0
    69 ;;
    70 ;;Main: autosize = 0, tempsize = 0, incstack = 0, save=0
    71 ;;
    72 ;; *************** function _main *****************
    73 ;; Defined at:
    74 ;;		line 11 in file "newmain.c"
    75 ;; Parameters:    Size  Location     Type
    76 ;;		None
    77 ;; Auto vars:     Size  Location     Type
    78 ;;		None
    79 ;; Return value:  Size  Location     Type
    80 ;;                  1    wreg      void 
    81 ;; Registers used:
    82 ;;		wreg, status,2
    83 ;; Tracked objects:
    84 ;;		On entry : 0/0
    85 ;;		On exit  : 0/0
    86 ;;		Unchanged: 0/0
    87 ;; Data sizes:     COMRAM   BANK0   BANK1   BANK2   BANK3   BANK4   BANK5
    88 ;;      Params:         0       0       0       0       0       0       0
    89 ;;      Locals:         0       0       0       0       0       0       0
    90 ;;      Temps:          0       0       0       0       0       0       0
    91 ;;      Totals:         0       0       0       0       0       0       0
    92 ;;Total ram usage:        0 bytes
    93 ;; This function calls:
    94 ;;		Nothing
    95 ;; This function is called by:
    96 ;;		Startup code after reset
    97 ;; This function uses a non-reentrant model
    98 ;;
    99                           
   100                           	psect	text0
   101   000602                     __ptext0:
   102                           	callstack 0
   103   000602                     _main:
   104                           	callstack 31
   105   000602                     
   106                           ;newmain.c: 12:     TRISC=0X00;
   107   000602  0E00               	movlw	0
   108   000604  6E94               	movwf	148,c	;volatile
   109   000606  EF00  F000         	goto	start
   110   00060A                     __end_of_main:
   111                           	callstack 0
   112                           
   113                           	psect	smallconst
   114   000600                     __psmallconst:
   115                           	callstack 0
   116   000600  00                 	db	0
   117   000601  00                 	db	0	; dummy byte at the end
   118   000000                     
   119                           	psect	rparam
   120   000000                     tosu	equ	0xFFF
   121                           tosh	equ	0xFFE
   122                           tosl	equ	0xFFD
   123                           stkptr	equ	0xFFC
   124                           pclatu	equ	0xFFB
   125                           pclath	equ	0xFFA
   126                           pcl	equ	0xFF9
   127                           tblptru	equ	0xFF8
   128                           tblptrh	equ	0xFF7
   129                           tblptrl	equ	0xFF6
   130                           tablat	equ	0xFF5
   131                           prodh	equ	0xFF4
   132                           prodl	equ	0xFF3
   133                           indf0	equ	0xFEF
   134                           postinc0	equ	0xFEE
   135                           postdec0	equ	0xFED
   136                           preinc0	equ	0xFEC
   137                           plusw0	equ	0xFEB
   138                           fsr0h	equ	0xFEA
   139                           fsr0l	equ	0xFE9
   140                           wreg	equ	0xFE8
   141                           indf1	equ	0xFE7
   142                           postinc1	equ	0xFE6
   143                           postdec1	equ	0xFE5
   144                           preinc1	equ	0xFE4
   145                           plusw1	equ	0xFE3
   146                           fsr1h	equ	0xFE2
   147                           fsr1l	equ	0xFE1
   148                           bsr	equ	0xFE0
   149                           indf2	equ	0xFDF
   150                           postinc2	equ	0xFDE
   151                           postdec2	equ	0xFDD
   152                           preinc2	equ	0xFDC
   153                           plusw2	equ	0xFDB
   154                           fsr2h	equ	0xFDA
   155                           fsr2l	equ	0xFD9
   156                           status	equ	0xFD8

Data Sizes:
    Strings     0
    Constant    0
    Data        0
    BSS         0
    Persistent  0
    Stack       0

Auto Spaces:
    Space          Size  Autos    Used
    COMRAM           95      0       0
    BANK0           160      0       0
    BANK1           256      0       0
    BANK2           256      0       0
    BANK3           256      0       0
    BANK4           256      0       0
    BANK5           256      0       0

Pointer List with Targets:

    None.

Critical Paths under _main in COMRAM

    None.

Critical Paths under _main in BANK0

    None.

Critical Paths under _main in BANK1

    None.

Critical Paths under _main in BANK2

    None.

Critical Paths under _main in BANK3

    None.

Critical Paths under _main in BANK4

    None.

Critical Paths under _main in BANK5

    None.

Call Graph Tables:

 ---------------------------------------------------------------------------------
 (Depth) Function   	        Calls       Base Space   Used Autos Params    Refs
 ---------------------------------------------------------------------------------
 (0) _main                                                 0     0      0       0
 ---------------------------------------------------------------------------------
 Estimated maximum stack depth 0
 ---------------------------------------------------------------------------------

 Call Graph Graphs:

 _main (ROOT)

 Address spaces:
Name               Size   Autos  Total    Cost      Usage
BITCOMRAM           5F      0       0       0        0.0%
EEDATA             100      0       0       0        0.0%
NULL                 0      0       0       0        0.0%
CODE                 0      0       0       0        0.0%
COMRAM              5F      0       0       1        0.0%
STACK                0      0       0       2        0.0%
DATA                 0      0       0       3        0.0%
BITBANK0            A0      0       0       4        0.0%
BANK0               A0      0       0       5        0.0%
BITBANK1           100      0       0       6        0.0%
BANK1              100      0       0       7        0.0%
BITBANK2           100      0       0       8        0.0%
BANK2              100      0       0       9        0.0%
BITBANK3           100      0       0      10        0.0%
BANK3              100      0       0      11        0.0%
BITBANK4           100      0       0      12        0.0%
BANK4              100      0       0      13        0.0%
BITBANK5           100      0       0      14        0.0%
BANK5              100      0       0      15        0.0%
BITBIGSFRh          6B      0       0      16        0.0%
BITBIGSFRl         294      0       0      17        0.0%
ABS                  0      0       0      18        0.0%
BIGRAM             5FF      0       0      19        0.0%
BIGSFR               0      0       0     200        0.0%
BITSFR_3             0      0       0     200        0.0%
SFR_3                0      0       0     200        0.0%
BITSFR_2             0      0       0     200        0.0%
SFR_2                0      0       0     200        0.0%
BITSFR_1             0      0       0     200        0.0%
SFR_1                0      0       0     200        0.0%
BITSFR               0      0       0     200        0.0%
SFR                  0      0       0     200        0.0%


Microchip Technology PIC18 Macro Assembler V2.46 build 20240104201356 
Symbol Table                                                                                   Thu Jul 25 10:01:00 2024

                      l7 0606                      l683 0602                     _main 0602  
                   start 0000             ___param_bank 0000                    ?_main 0000  
                  _TRISC 0F94          __initialization 060A             __end_of_main 060A  
                 ??_main 0000            __activetblptr 0000                   isa$std 0001  
           __mediumconst 0000               __accesstop 0060  __end_of__initialization 060A  
          ___rparam_used 0001           __pcstackCOMRAM 0000                  __Hparam 0000  
                __Lparam 0000             __psmallconst 0600                  __pcinit 060A  
                __ramtop 0600                  __ptext0 0602     end_of_initialization 060A  
    start_initialization 060A              __smallconst 0600                 __Hrparam 0000  
               __Lrparam 0000                 isa$xinst 0000  
