

Microchip MPLAB XC8 Assembler V2.46 build 20240104201356 
                                                                                               Thu Aug 01 09:41:10 2024

Microchip MPLAB XC8 C Compiler v2.46 (Free license) build 20240104201356 Og1 
     1                           	processor	18F4580
     2                           	fnconf	rparam,??,?,0
     3                           	pagewidth 120
     4                           	opt	flic
     5                           	psect	cinit,global,reloc=2,class=CODE,delta=1
     6                           	psect	cstackCOMRAM,global,class=COMRAM,space=1,delta=1,lowdata,noexec
     7                           	psect	text0,global,reloc=2,class=CODE,delta=1
     8                           	psect	text1,global,reloc=2,class=CODE,delta=1
     9                           	psect	smallconst,global,reloc=2,class=SMALLCONST,delta=1,noexec
    10                           	psect	intsave_regs,global,class=BIGRAM,space=1,delta=1,noexec
    11                           	psect	rparam,global,class=COMRAM,space=1,delta=1,noexec
    12   000000                     
    13                           ; Generated 17/10/2023 GMT
    14                           ; 
    15                           ; Copyright © 2023, Microchip Technology Inc. and its subsidiaries ("Microchip")
    16                           ; All rights reserved.
    17                           ; 
    18                           ; This software is developed by Microchip Technology Inc. and its subsidiaries ("Microch
      +                          ip").
    19                           ; 
    20                           ; Redistribution and use in source and binary forms, with or without modification, are
    21                           ; permitted provided that the following conditions are met:
    22                           ; 
    23                           ;     1. Redistributions of source code must retain the above copyright notice, this lis
      +                          t of
    24                           ;        conditions and the following disclaimer.
    25                           ; 
    26                           ;     2. Redistributions in binary form must reproduce the above copyright notice, this 
      +                          list
    27                           ;        of conditions and the following disclaimer in the documentation and/or other
    28                           ;        materials provided with the distribution. Publication is not required when
    29                           ;        this file is used in an embedded application.
    30                           ; 
    31                           ;     3. Microchip's name may not be used to endorse or promote products derived from th
      +                          is
    32                           ;        software without specific prior written permission.
    33                           ; 
    34                           ; THIS SOFTWARE IS PROVIDED BY MICROCHIP "AS IS" AND ANY EXPRESS OR IMPLIED WARRANTIES,
    35                           ; INCLUDING, BUT NOT LIMITED TO, THE IMPLIED WARRANTIES OF MERCHANTABILITY AND FITNESS F
      +                          OR
    36                           ; PURPOSE ARE DISCLAIMED.  IN NO EVENT SHALL MICROCHIP BE LIABLE FOR ANY DIRECT, INDIREC
      +                          T,
    37                           ; INCIDENTAL, SPECIAL, EXEMPLARY, OR CONSEQUENTIAL DAMAGES (INCLUDING BUT NOT LIMITED TO
    38                           ; PROCUREMENT OF SUBSTITUTE GOODS OR SERVICES; LOSS OF USE, DATA OR PROFITS; OR BUSINESS
    39                           ; INTERRUPTION) HOWSOEVER CAUSED AND ON ANY THEORY OF LIABILITY, WHETHER IN CONTRACT, ST
      +                          RICT
    40                           ; LIABILITY, OR TORT (INCLUDING NEGLIGENCE OR OTHERWISE) ARISING IN ANY WAY OUT OF THE U
      +                          SE OF
    41                           ; THIS SOFTWARE, EVEN IF ADVISED OF THE POSSIBILITY OF SUCH DAMAGE.
    42                           ; 
    43                           ; 
    44                           ; Code-generator required, PIC18F4580 Definitions
    45                           ; 
    46                           ; SFR Addresses
    47   000000                     _PORTC	set	3970
    48   000000                     _TRISC	set	3988
    49                           
    50                           ; #config settings
    51                           
    52                           	psect	cinit
    53   00064A                     __pcinit:
    54                           	callstack 0
    55   00064A                     start_initialization:
    56                           	callstack 0
    57   00064A                     __initialization:
    58                           	callstack 0
    59   00064A                     end_of_initialization:
    60                           	callstack 0
    61   00064A                     __end_of__initialization:
    62                           	callstack 0
    63   00064A  0100               	movlb	0
    64   00064C  EF01  F003         	goto	_main	;jump to C main() function
    65                           
    66                           	psect	cstackCOMRAM
    67   000001                     __pcstackCOMRAM:
    68                           	callstack 0
    69   000001                     delay@i:
    70                           	callstack 0
    71                           
    72                           ; 2 bytes @ 0x0
    73   000001                     	ds	2
    74   000003                     
    75                           ; 1 bytes @ 0x2
    76 ;;
    77 ;;Main: autosize = 0, tempsize = 0, incstack = 0, save=0
    78 ;;
    79 ;; *************** function _main *****************
    80 ;; Defined at:
    81 ;;		line 11 in file "clkwiseanticlkstop.c"
    82 ;; Parameters:    Size  Location     Type
    83 ;;		None
    84 ;; Auto vars:     Size  Location     Type
    85 ;;		None
    86 ;; Return value:  Size  Location     Type
    87 ;;                  1    wreg      void 
    88 ;; Registers used:
    89 ;;		wreg, status,2, status,0, cstack
    90 ;; Tracked objects:
    91 ;;		On entry : 0/0
    92 ;;		On exit  : 0/0
    93 ;;		Unchanged: 0/0
    94 ;; Data sizes:     COMRAM   BANK0   BANK1   BANK2   BANK3   BANK4   BANK5
    95 ;;      Params:         0       0       0       0       0       0       0
    96 ;;      Locals:         0       0       0       0       0       0       0
    97 ;;      Temps:          0       0       0       0       0       0       0
    98 ;;      Totals:         0       0       0       0       0       0       0
    99 ;;Total ram usage:        0 bytes
   100 ;; Hardware stack levels required when called: 1
   101 ;; This function calls:
   102 ;;		_delay
   103 ;; This function is called by:
   104 ;;		Startup code after reset
   105 ;; This function uses a non-reentrant model
   106 ;;
   107                           
   108                           	psect	text0
   109   000602                     __ptext0:
   110                           	callstack 0
   111   000602                     _main:
   112                           	callstack 30
   113   000602                     
   114                           ;clkwiseanticlkstop.c: 13:     TRISC=0X00;
   115   000602  0E00               	movlw	0
   116   000604  6E94               	movwf	148,c	;volatile
   117   000606                     l11:
   118                           
   119                           ;clkwiseanticlkstop.c: 15:     {;clkwiseanticlkstop.c: 16:         PORTC=0X01;
   120   000606  0E01               	movlw	1
   121   000608  6E82               	movwf	130,c	;volatile
   122   00060A                     
   123                           ;clkwiseanticlkstop.c: 17:         delay();
   124   00060A  EC13  F003         	call	_delay	;wreg free
   125   00060E                     
   126                           ;clkwiseanticlkstop.c: 18:         PORTC=0X02;
   127   00060E  0E02               	movlw	2
   128   000610  6E82               	movwf	130,c	;volatile
   129                           
   130                           ;clkwiseanticlkstop.c: 19:         delay();
   131   000612  EC13  F003         	call	_delay	;wreg free
   132   000616                     
   133                           ;clkwiseanticlkstop.c: 20:         PORTC=0X00;
   134   000616  0E00               	movlw	0
   135   000618  6E82               	movwf	130,c	;volatile
   136   00061A                     
   137                           ;clkwiseanticlkstop.c: 21:         delay();
   138   00061A  EC13  F003         	call	_delay	;wreg free
   139   00061E  EF03  F003         	goto	l11
   140   000622  EF00  F000         	goto	start
   141   000626                     __end_of_main:
   142                           	callstack 0
   143                           
   144 ;; *************** function _delay *****************
   145 ;; Defined at:
   146 ;;		line 24 in file "clkwiseanticlkstop.c"
   147 ;; Parameters:    Size  Location     Type
   148 ;;		None
   149 ;; Auto vars:     Size  Location     Type
   150 ;;  i               2    0[COMRAM] unsigned int 
   151 ;; Return value:  Size  Location     Type
   152 ;;                  1    wreg      void 
   153 ;; Registers used:
   154 ;;		wreg, status,2, status,0
   155 ;; Tracked objects:
   156 ;;		On entry : 0/0
   157 ;;		On exit  : 0/0
   158 ;;		Unchanged: 0/0
   159 ;; Data sizes:     COMRAM   BANK0   BANK1   BANK2   BANK3   BANK4   BANK5
   160 ;;      Params:         0       0       0       0       0       0       0
   161 ;;      Locals:         2       0       0       0       0       0       0
   162 ;;      Temps:          0       0       0       0       0       0       0
   163 ;;      Totals:         2       0       0       0       0       0       0
   164 ;;Total ram usage:        2 bytes
   165 ;; Hardware stack levels used: 1
   166 ;; This function calls:
   167 ;;		Nothing
   168 ;; This function is called by:
   169 ;;		_main
   170 ;; This function uses a non-reentrant model
   171 ;;
   172                           
   173                           	psect	text1
   174   000626                     __ptext1:
   175                           	callstack 0
   176   000626                     _delay:
   177                           	callstack 30
   178   000626                     
   179                           ;clkwiseanticlkstop.c: 26:         for(unsigned int i=0;i<65000;i++);
   180   000626  0E00               	movlw	0
   181   000628  6E02               	movwf	(delay@i+1)^0,c
   182   00062A  0E00               	movlw	0
   183   00062C  6E01               	movwf	delay@i^0,c
   184   00062E                     l701:
   185   00062E  4A01               	infsnz	delay@i^0,f,c
   186   000630  2A02               	incf	(delay@i+1)^0,f,c
   187   000632  0EE8               	movlw	232
   188   000634  5C01               	subwf	delay@i^0,w,c
   189   000636  0EFD               	movlw	253
   190   000638  5802               	subwfb	(delay@i+1)^0,w,c
   191   00063A  A0D8               	btfss	status,0,c
   192   00063C  EF22  F003         	goto	u11
   193   000640  EF24  F003         	goto	u10
   194   000644                     u11:
   195   000644  EF17  F003         	goto	l701
   196   000648                     u10:
   197   000648  0012               	return		;funcret
   198   00064A                     __end_of_delay:
   199                           	callstack 0
   200                           
   201                           	psect	smallconst
   202   000600                     __psmallconst:
   203                           	callstack 0
   204   000600  00                 	db	0
   205   000601  00                 	db	0	; dummy byte at the end
   206   000000                     
   207                           	psect	rparam
   208   000000                     tosu	equ	0xFFF
   209                           tosh	equ	0xFFE
   210                           tosl	equ	0xFFD
   211                           stkptr	equ	0xFFC
   212                           pclatu	equ	0xFFB
   213                           pclath	equ	0xFFA
   214                           pcl	equ	0xFF9
   215                           tblptru	equ	0xFF8
   216                           tblptrh	equ	0xFF7
   217                           tblptrl	equ	0xFF6
   218                           tablat	equ	0xFF5
   219                           prodh	equ	0xFF4
   220                           prodl	equ	0xFF3
   221                           indf0	equ	0xFEF
   222                           postinc0	equ	0xFEE
   223                           postdec0	equ	0xFED
   224                           preinc0	equ	0xFEC
   225                           plusw0	equ	0xFEB
   226                           fsr0h	equ	0xFEA
   227                           fsr0l	equ	0xFE9
   228                           wreg	equ	0xFE8
   229                           indf1	equ	0xFE7
   230                           postinc1	equ	0xFE6
   231                           postdec1	equ	0xFE5
   232                           preinc1	equ	0xFE4
   233                           plusw1	equ	0xFE3
   234                           fsr1h	equ	0xFE2
   235                           fsr1l	equ	0xFE1
   236                           bsr	equ	0xFE0
   237                           indf2	equ	0xFDF
   238                           postinc2	equ	0xFDE
   239                           postdec2	equ	0xFDD
   240                           preinc2	equ	0xFDC
   241                           plusw2	equ	0xFDB
   242                           fsr2h	equ	0xFDA
   243                           fsr2l	equ	0xFD9
   244                           status	equ	0xFD8

Data Sizes:
    Strings     0
    Constant    0
    Data        0
    BSS         0
    Persistent  0
    Stack       0

Auto Spaces:
    Space          Size  Autos    Used
    COMRAM           95      2       2
    BANK0           160      0       0
    BANK1           256      0       0
    BANK2           256      0       0
    BANK3           256      0       0
    BANK4           256      0       0
    BANK5           256      0       0

Pointer List with Targets:

    None.

Critical Paths under _main in COMRAM

    _main->_delay

Critical Paths under _main in BANK0

    None.

Critical Paths under _main in BANK1

    None.

Critical Paths under _main in BANK2

    None.

Critical Paths under _main in BANK3

    None.

Critical Paths under _main in BANK4

    None.

Critical Paths under _main in BANK5

    None.

Call Graph Tables:

 ---------------------------------------------------------------------------------
 (Depth) Function   	        Calls       Base Space   Used Autos Params    Refs
 ---------------------------------------------------------------------------------
 (0) _main                                                 0     0      0      30
                              _delay
 ---------------------------------------------------------------------------------
 (1) _delay                                                2     2      0      30
                                              0 COMRAM     2     2      0
 ---------------------------------------------------------------------------------
 Estimated maximum stack depth 1
 ---------------------------------------------------------------------------------

 Call Graph Graphs:

 _main (ROOT)
   _delay

 Address spaces:
Name               Size   Autos  Total    Cost      Usage
BITCOMRAM           5F      0       0       0        0.0%
EEDATA             100      0       0       0        0.0%
NULL                 0      0       0       0        0.0%
CODE                 0      0       0       0        0.0%
COMRAM              5F      2       2       1        2.1%
STACK                0      0       0       2        0.0%
DATA                 0      0       0       3        0.0%
BITBANK0            A0      0       0       4        0.0%
BANK0               A0      0       0       5        0.0%
BITBANK1           100      0       0       6        0.0%
BANK1              100      0       0       7        0.0%
BITBANK2           100      0       0       8        0.0%
BANK2              100      0       0       9        0.0%
BITBANK3           100      0       0      10        0.0%
BANK3              100      0       0      11        0.0%
BITBANK4           100      0       0      12        0.0%
BANK4              100      0       0      13        0.0%
BITBANK5           100      0       0      14        0.0%
BANK5              100      0       0      15        0.0%
BITBIGSFRh          6B      0       0      16        0.0%
BITBIGSFRlh         11      0       0      17        0.0%
BITBIGSFRll        282      0       0      18        0.0%
ABS                  0      0       0      19        0.0%
BIGRAM             5FF      0       0      20        0.0%
BIGSFR               0      0       0     200        0.0%
BITSFR_3             0      0       0     200        0.0%
SFR_3                0      0       0     200        0.0%
BITSFR_2             0      0       0     200        0.0%
SFR_2                0      0       0     200        0.0%
BITSFR_1             0      0       0     200        0.0%
SFR_1                0      0       0     200        0.0%
BITSFR               0      0       0     200        0.0%
SFR                  0      0       0     200        0.0%


Microchip Technology PIC18 Macro Assembler V2.46 build 20240104201356 
Symbol Table                                                                                   Thu Aug 01 09:41:10 2024

                     l11 0606                       l19 0648                       u10 0648  
                     u11 0644                      l701 062E                      l703 0632  
                    l711 0616                      l713 061A                      l705 0602  
                    l707 060A                      l709 060E                      l695 0626  
                   _main 0602                     start 0000             ___param_bank 0000  
                  ?_main 0001                    _PORTC 0F82                    _TRISC 0F94  
                  _delay 0626                    status 0FD8          __initialization 064A  
           __end_of_main 0626                   ??_main 0003            __activetblptr 0000  
                 ?_delay 0001                   delay@i 0001                   isa$std 0001  
           __mediumconst 0000               __accesstop 0060  __end_of__initialization 064A  
          ___rparam_used 0001           __pcstackCOMRAM 0001            __end_of_delay 064A  
                ??_delay 0001                  __Hparam 0000                  __Lparam 0000  
           __psmallconst 0600                  __pcinit 064A                  __ramtop 0600  
                __ptext0 0602                  __ptext1 0626     end_of_initialization 064A  
    start_initialization 064A              __smallconst 0600                 __Hrparam 0000  
               __Lrparam 0000                 isa$xinst 0000  
