

Microchip MPLAB XC8 Assembler V2.46 build 20240104201356 
                                                                                               Mon Jul 29 10:17:04 2024

Microchip MPLAB XC8 C Compiler v2.46 (Free license) build 20240104201356 Og1 
     1                           	processor	18F4580
     2                           	fnconf	rparam,??,?,0
     3                           	pagewidth 120
     4                           	opt	flic
     5                           	psect	cinit,global,reloc=2,class=CODE,delta=1
     6                           	psect	cstackCOMRAM,global,class=COMRAM,space=1,delta=1,lowdata,noexec
     7                           	psect	text0,global,reloc=2,class=CODE,delta=1
     8                           	psect	smallconst,global,reloc=2,class=SMALLCONST,delta=1,noexec
     9                           	psect	intsave_regs,global,class=BIGRAM,space=1,delta=1,noexec
    10                           	psect	rparam,global,class=COMRAM,space=1,delta=1,noexec
    11   000000                     
    12                           ; Generated 17/10/2023 GMT
    13                           ; 
    14                           ; Copyright © 2023, Microchip Technology Inc. and its subsidiaries ("Microchip")
    15                           ; All rights reserved.
    16                           ; 
    17                           ; This software is developed by Microchip Technology Inc. and its subsidiaries ("Microch
      +                          ip").
    18                           ; 
    19                           ; Redistribution and use in source and binary forms, with or without modification, are
    20                           ; permitted provided that the following conditions are met:
    21                           ; 
    22                           ;     1. Redistributions of source code must retain the above copyright notice, this lis
      +                          t of
    23                           ;        conditions and the following disclaimer.
    24                           ; 
    25                           ;     2. Redistributions in binary form must reproduce the above copyright notice, this 
      +                          list
    26                           ;        of conditions and the following disclaimer in the documentation and/or other
    27                           ;        materials provided with the distribution. Publication is not required when
    28                           ;        this file is used in an embedded application.
    29                           ; 
    30                           ;     3. Microchip's name may not be used to endorse or promote products derived from th
      +                          is
    31                           ;        software without specific prior written permission.
    32                           ; 
    33                           ; THIS SOFTWARE IS PROVIDED BY MICROCHIP "AS IS" AND ANY EXPRESS OR IMPLIED WARRANTIES,
    34                           ; INCLUDING, BUT NOT LIMITED TO, THE IMPLIED WARRANTIES OF MERCHANTABILITY AND FITNESS F
      +                          OR
    35                           ; PURPOSE ARE DISCLAIMED.  IN NO EVENT SHALL MICROCHIP BE LIABLE FOR ANY DIRECT, INDIREC
      +                          T,
    36                           ; INCIDENTAL, SPECIAL, EXEMPLARY, OR CONSEQUENTIAL DAMAGES (INCLUDING BUT NOT LIMITED TO
    37                           ; PROCUREMENT OF SUBSTITUTE GOODS OR SERVICES; LOSS OF USE, DATA OR PROFITS; OR BUSINESS
    38                           ; INTERRUPTION) HOWSOEVER CAUSED AND ON ANY THEORY OF LIABILITY, WHETHER IN CONTRACT, ST
      +                          RICT
    39                           ; LIABILITY, OR TORT (INCLUDING NEGLIGENCE OR OTHERWISE) ARISING IN ANY WAY OUT OF THE U
      +                          SE OF
    40                           ; THIS SOFTWARE, EVEN IF ADVISED OF THE POSSIBILITY OF SUCH DAMAGE.
    41                           ; 
    42                           ; 
    43                           ; Code-generator required, PIC18F4580 Definitions
    44                           ; 
    45                           ; SFR Addresses
    46   000000                     _PORTC	set	3970
    47   000000                     _TRISC	set	3988
    48   000000                     _TRISD	set	3989
    49   000000                     _PORTD	set	3971
    50                           
    51                           ; #config settings
    52                           
    53                           	psect	cinit
    54   000662                     __pcinit:
    55                           	callstack 0
    56   000662                     start_initialization:
    57                           	callstack 0
    58   000662                     __initialization:
    59                           	callstack 0
    60   000662                     end_of_initialization:
    61                           	callstack 0
    62   000662                     __end_of__initialization:
    63                           	callstack 0
    64   000662  0100               	movlb	0
    65   000664  EF01  F003         	goto	_main	;jump to C main() function
    66                           
    67                           	psect	cstackCOMRAM
    68   000001                     __pcstackCOMRAM:
    69                           	callstack 0
    70   000001                     main@i:
    71                           	callstack 0
    72                           
    73                           ; 2 bytes @ 0x0
    74   000001                     	ds	2
    75   000003                     main@j:
    76                           	callstack 0
    77                           
    78                           ; 2 bytes @ 0x2
    79   000003                     	ds	2
    80                           
    81 ;;
    82 ;;Main: autosize = 0, tempsize = 0, incstack = 0, save=0
    83 ;;
    84 ;; *************** function _main *****************
    85 ;; Defined at:
    86 ;;		line 11 in file "PORTDandC.c"
    87 ;; Parameters:    Size  Location     Type
    88 ;;		None
    89 ;; Auto vars:     Size  Location     Type
    90 ;;  i               2    0        unsigned int 
    91 ;;  i               2    0[COMRAM] unsigned int 
    92 ;;  j               2    0        int 
    93 ;;  j               2    2[COMRAM] int 
    94 ;; Return value:  Size  Location     Type
    95 ;;                  1    wreg      void 
    96 ;; Registers used:
    97 ;;		wreg, status,2, status,0
    98 ;; Tracked objects:
    99 ;;		On entry : 0/0
   100 ;;		On exit  : 0/0
   101 ;;		Unchanged: 0/0
   102 ;; Data sizes:     COMRAM   BANK0   BANK1   BANK2   BANK3   BANK4   BANK5
   103 ;;      Params:         0       0       0       0       0       0       0
   104 ;;      Locals:         4       0       0       0       0       0       0
   105 ;;      Temps:          0       0       0       0       0       0       0
   106 ;;      Totals:         4       0       0       0       0       0       0
   107 ;;Total ram usage:        4 bytes
   108 ;; This function calls:
   109 ;;		Nothing
   110 ;; This function is called by:
   111 ;;		Startup code after reset
   112 ;; This function uses a non-reentrant model
   113 ;;
   114                           
   115                           	psect	text0
   116   000602                     __ptext0:
   117                           	callstack 0
   118   000602                     _main:
   119                           	callstack 31
   120   000602                     
   121                           ;PORTDandC.c: 12:     TRISC=0X00;
   122   000602  0E00               	movlw	0
   123   000604  6E94               	movwf	148,c	;volatile
   124   000606                     l13:
   125                           
   126                           ;PORTDandC.c: 15:     {;PORTDandC.c: 16:         for(int j =0X80;j>0X01;j=j*2 )
   127   000606  0E00               	movlw	0
   128   000608  6E04               	movwf	(main@j+1)^0,c
   129   00060A  0E80               	movlw	128
   130   00060C  6E03               	movwf	main@j^0,c
   131   00060E                     l14:
   132                           
   133                           ;PORTDandC.c: 17:         {;PORTDandC.c: 18:            PORTC=j;
   134   00060E  C003  FF82         	movff	main@j,3970	;volatile
   135   000612                     
   136                           ;PORTDandC.c: 19: for(unsigned int i=0;i<60000;i++ );
   137   000612  0E00               	movlw	0
   138   000614  6E02               	movwf	(main@i+1)^0,c
   139   000616  0E00               	movlw	0
   140   000618  6E01               	movwf	main@i^0,c
   141   00061A                     l715:
   142   00061A  4A01               	infsnz	main@i^0,f,c
   143   00061C  2A02               	incf	(main@i+1)^0,f,c
   144   00061E  0E60               	movlw	96
   145   000620  5C01               	subwf	main@i^0,w,c
   146   000622  0EEA               	movlw	234
   147   000624  5802               	subwfb	(main@i+1)^0,w,c
   148   000626  A0D8               	btfss	status,0,c
   149   000628  EF18  F003         	goto	u11
   150   00062C  EF1A  F003         	goto	u10
   151   000630                     u11:
   152   000630  EF0D  F003         	goto	l715
   153   000634                     u10:
   154   000634                     
   155                           ;PORTDandC.c: 21:        }
   156   000634  90D8               	bcf	status,0,c
   157   000636  3403               	rlcf	main@j^0,w,c
   158   000638  6E03               	movwf	main@j^0,c
   159   00063A  3404               	rlcf	(main@j+1)^0,w,c
   160   00063C  6E04               	movwf	(main@j+1)^0,c
   161   00063E  BE04               	btfsc	(main@j+1)^0,7,c
   162   000640  EF2D  F003         	goto	u20
   163   000644  5004               	movf	(main@j+1)^0,w,c
   164   000646  E107               	bnz	u21
   165   000648  0E02               	movlw	2
   166   00064A  5C03               	subwf	main@j^0,w,c
   167   00064C  B0D8               	btfsc	status,0,c
   168   00064E  EF2B  F003         	goto	u21
   169   000652  EF2D  F003         	goto	u20
   170   000656                     u21:
   171   000656  EF07  F003         	goto	l14
   172   00065A                     u20:
   173   00065A  EF03  F003         	goto	l13
   174   00065E  EF00  F000         	goto	start
   175   000662                     __end_of_main:
   176                           	callstack 0
   177                           
   178                           	psect	smallconst
   179   000600                     __psmallconst:
   180                           	callstack 0
   181   000600  00                 	db	0
   182   000601  00                 	db	0	; dummy byte at the end
   183   000000                     
   184                           	psect	rparam
   185   000000                     tosu	equ	0xFFF
   186                           tosh	equ	0xFFE
   187                           tosl	equ	0xFFD
   188                           stkptr	equ	0xFFC
   189                           pclatu	equ	0xFFB
   190                           pclath	equ	0xFFA
   191                           pcl	equ	0xFF9
   192                           tblptru	equ	0xFF8
   193                           tblptrh	equ	0xFF7
   194                           tblptrl	equ	0xFF6
   195                           tablat	equ	0xFF5
   196                           prodh	equ	0xFF4
   197                           prodl	equ	0xFF3
   198                           indf0	equ	0xFEF
   199                           postinc0	equ	0xFEE
   200                           postdec0	equ	0xFED
   201                           preinc0	equ	0xFEC
   202                           plusw0	equ	0xFEB
   203                           fsr0h	equ	0xFEA
   204                           fsr0l	equ	0xFE9
   205                           wreg	equ	0xFE8
   206                           indf1	equ	0xFE7
   207                           postinc1	equ	0xFE6
   208                           postdec1	equ	0xFE5
   209                           preinc1	equ	0xFE4
   210                           plusw1	equ	0xFE3
   211                           fsr1h	equ	0xFE2
   212                           fsr1l	equ	0xFE1
   213                           bsr	equ	0xFE0
   214                           indf2	equ	0xFDF
   215                           postinc2	equ	0xFDE
   216                           postdec2	equ	0xFDD
   217                           preinc2	equ	0xFDC
   218                           plusw2	equ	0xFDB
   219                           fsr2h	equ	0xFDA
   220                           fsr2l	equ	0xFD9
   221                           status	equ	0xFD8

Data Sizes:
    Strings     0
    Constant    0
    Data        0
    BSS         0
    Persistent  0
    Stack       0

Auto Spaces:
    Space          Size  Autos    Used
    COMRAM           95      4       4
    BANK0           160      0       0
    BANK1           256      0       0
    BANK2           256      0       0
    BANK3           256      0       0
    BANK4           256      0       0
    BANK5           256      0       0

Pointer List with Targets:

    None.

Critical Paths under _main in COMRAM

    None.

Critical Paths under _main in BANK0

    None.

Critical Paths under _main in BANK1

    None.

Critical Paths under _main in BANK2

    None.

Critical Paths under _main in BANK3

    None.

Critical Paths under _main in BANK4

    None.

Critical Paths under _main in BANK5

    None.

Call Graph Tables:

 ---------------------------------------------------------------------------------
 (Depth) Function   	        Calls       Base Space   Used Autos Params    Refs
 ---------------------------------------------------------------------------------
 (0) _main                                                 8     8      0     180
                                              0 COMRAM     4     4      0
 ---------------------------------------------------------------------------------
 Estimated maximum stack depth 0
 ---------------------------------------------------------------------------------

 Call Graph Graphs:

 _main (ROOT)

 Address spaces:
Name               Size   Autos  Total    Cost      Usage
BITCOMRAM           5F      0       0       0        0.0%
EEDATA             100      0       0       0        0.0%
NULL                 0      0       0       0        0.0%
CODE                 0      0       0       0        0.0%
COMRAM              5F      4       4       1        4.2%
STACK                0      0       0       2        0.0%
DATA                 0      0       0       3        0.0%
BITBANK0            A0      0       0       4        0.0%
BANK0               A0      0       0       5        0.0%
BITBANK1           100      0       0       6        0.0%
BANK1              100      0       0       7        0.0%
BITBANK2           100      0       0       8        0.0%
BANK2              100      0       0       9        0.0%
BITBANK3           100      0       0      10        0.0%
BANK3              100      0       0      11        0.0%
BITBANK4           100      0       0      12        0.0%
BANK4              100      0       0      13        0.0%
BITBANK5           100      0       0      14        0.0%
BANK5              100      0       0      15        0.0%
BITBIGSFRh          6A      0       0      16        0.0%
BITBIGSFRlh         10      0       0      17        0.0%
BITBIGSFRll        282      0       0      18        0.0%
ABS                  0      0       0      19        0.0%
BIGRAM             5FF      0       0      20        0.0%
BIGSFR               0      0       0     200        0.0%
BITSFR_3             0      0       0     200        0.0%
SFR_3                0      0       0     200        0.0%
BITSFR_2             0      0       0     200        0.0%
SFR_2                0      0       0     200        0.0%
BITSFR_1             0      0       0     200        0.0%
SFR_1                0      0       0     200        0.0%
BITSFR               0      0       0     200        0.0%
SFR                  0      0       0     200        0.0%


Microchip Technology PIC18 Macro Assembler V2.46 build 20240104201356 
Symbol Table                                                                                   Mon Jul 29 10:17:04 2024

                     l13 0606                       l14 060E                       u10 0634  
                     u11 0630                       u20 065A                       u21 0656  
                    l703 0602                      l715 061A                      l717 061E  
                    l709 0612                      l719 0634                     _main 0602  
                   start 0000             ___param_bank 0000                    ?_main 0001  
                  _PORTC 0F82                    _PORTD 0F83                    _TRISC 0F94  
                  _TRISD 0F95                    main@i 0001                    main@j 0003  
                  status 0FD8          __initialization 0662             __end_of_main 0662  
                 ??_main 0001            __activetblptr 0000                   isa$std 0001  
           __mediumconst 0000               __accesstop 0060  __end_of__initialization 0662  
          ___rparam_used 0001           __pcstackCOMRAM 0001                  __Hparam 0000  
                __Lparam 0000             __psmallconst 0600                  __pcinit 0662  
                __ramtop 0600                  __ptext0 0602     end_of_initialization 0662  
    start_initialization 0662              __smallconst 0600                 __Hrparam 0000  
               __Lrparam 0000                 isa$xinst 0000  
