

Microchip MPLAB XC8 Assembler V2.46 build 20240104201356 
                                                                                               Thu Aug 22 10:06:31 2024

Microchip MPLAB XC8 C Compiler v2.46 (Free license) build 20240104201356 Og1 
     1                           	processor	18F4580
     2                           	fnconf	rparam,??,?,0
     3                           	pagewidth 120
     4                           	opt	flic
     5                           	psect	cinit,global,reloc=2,class=CODE,delta=1
     6                           	psect	cstackCOMRAM,global,class=COMRAM,space=1,delta=1,lowdata,noexec
     7                           	psect	text0,global,reloc=2,class=CODE,delta=1
     8                           	psect	text1,global,reloc=2,class=CODE,delta=1
     9                           	psect	intcode,global,reloc=2,class=CODE,delta=1
    10                           	psect	intcode_body,global,reloc=2,class=CODE,delta=1
    11                           	psect	text3,global,reloc=2,class=CODE,delta=1
    12                           	psect	smallconst,global,reloc=2,class=SMALLCONST,delta=1,noexec
    13                           	psect	intsave_regs,global,class=BIGRAM,space=1,delta=1,noexec
    14                           	psect	rparam,global,class=COMRAM,space=1,delta=1,noexec
    15                           	psect	temp,global,ovrld,common,class=COMRAM,space=1,delta=1,lowdata
    16   000000                     
    17                           ; Generated 17/10/2023 GMT
    18                           ; 
    19                           ; Copyright © 2023, Microchip Technology Inc. and its subsidiaries ("Microchip")
    20                           ; All rights reserved.
    21                           ; 
    22                           ; This software is developed by Microchip Technology Inc. and its subsidiaries ("Microch
      +                          ip").
    23                           ; 
    24                           ; Redistribution and use in source and binary forms, with or without modification, are
    25                           ; permitted provided that the following conditions are met:
    26                           ; 
    27                           ;     1. Redistributions of source code must retain the above copyright notice, this lis
      +                          t of
    28                           ;        conditions and the following disclaimer.
    29                           ; 
    30                           ;     2. Redistributions in binary form must reproduce the above copyright notice, this 
      +                          list
    31                           ;        of conditions and the following disclaimer in the documentation and/or other
    32                           ;        materials provided with the distribution. Publication is not required when
    33                           ;        this file is used in an embedded application.
    34                           ; 
    35                           ;     3. Microchip's name may not be used to endorse or promote products derived from th
      +                          is
    36                           ;        software without specific prior written permission.
    37                           ; 
    38                           ; THIS SOFTWARE IS PROVIDED BY MICROCHIP "AS IS" AND ANY EXPRESS OR IMPLIED WARRANTIES,
    39                           ; INCLUDING, BUT NOT LIMITED TO, THE IMPLIED WARRANTIES OF MERCHANTABILITY AND FITNESS F
      +                          OR
    40                           ; PURPOSE ARE DISCLAIMED.  IN NO EVENT SHALL MICROCHIP BE LIABLE FOR ANY DIRECT, INDIREC
      +                          T,
    41                           ; INCIDENTAL, SPECIAL, EXEMPLARY, OR CONSEQUENTIAL DAMAGES (INCLUDING BUT NOT LIMITED TO
    42                           ; PROCUREMENT OF SUBSTITUTE GOODS OR SERVICES; LOSS OF USE, DATA OR PROFITS; OR BUSINESS
    43                           ; INTERRUPTION) HOWSOEVER CAUSED AND ON ANY THEORY OF LIABILITY, WHETHER IN CONTRACT, ST
      +                          RICT
    44                           ; LIABILITY, OR TORT (INCLUDING NEGLIGENCE OR OTHERWISE) ARISING IN ANY WAY OUT OF THE U
      +                          SE OF
    45                           ; THIS SOFTWARE, EVEN IF ADVISED OF THE POSSIBILITY OF SUCH DAMAGE.
    46                           ; 
    47                           ; 
    48                           ; Code-generator required, PIC18F4580 Definitions
    49                           ; 
    50                           ; SFR Addresses
    51   000000                     _INT0IF	set	32657
    52   000000                     _PORTC	set	3970
    53   000000                     _TRISB	set	3987
    54   000000                     _TRISC	set	3988
    55   000000                     _ADCON1	set	4033
    56   000000                     _TRISD	set	3989
    57   000000                     _INTCON	set	4082
    58   000000                     _PORTD	set	3971
    59                           
    60                           ; #config settings
    61                           
    62                           	psect	cinit
    63   00071E                     __pcinit:
    64                           	callstack 0
    65   00071E                     start_initialization:
    66                           	callstack 0
    67   00071E                     __initialization:
    68                           	callstack 0
    69   00071E                     end_of_initialization:
    70                           	callstack 0
    71   00071E                     __end_of__initialization:
    72                           	callstack 0
    73   00071E  900B               	bcf	int$flags,0,c	;clear compiler interrupt flag (level 1)
    74   000720  920B               	bcf	int$flags,1,c	;clear compiler interrupt flag (level 2)
    75   000722  0100               	movlb	0
    76   000724  EF7A  F003         	goto	_main	;jump to C main() function
    77                           
    78                           	psect	cstackCOMRAM
    79   000001                     __pcstackCOMRAM:
    80                           	callstack 0
    81   000001                     i2delay@i:
    82                           	callstack 0
    83                           
    84                           ; 2 bytes @ 0x0
    85   000001                     	ds	2
    86   000003                     i2delay@j:
    87                           	callstack 0
    88                           
    89                           ; 2 bytes @ 0x2
    90   000003                     	ds	2
    91   000005                     ISR@i_47:
    92                           	callstack 0
    93                           
    94                           ; 2 bytes @ 0x4
    95   000005                     	ds	2
    96   000007                     delay@i:
    97                           	callstack 0
    98                           
    99                           ; 2 bytes @ 0x6
   100   000007                     	ds	2
   101   000009                     delay@j:
   102                           	callstack 0
   103                           
   104                           ; 2 bytes @ 0x8
   105   000009                     	ds	2
   106   00000B                     
   107                           ; 1 bytes @ 0xA
   108 ;;
   109 ;;Main: autosize = 0, tempsize = 0, incstack = 0, save=0
   110 ;;
   111 ;; *************** function _main *****************
   112 ;; Defined at:
   113 ;;		line 12 in file "intr.c"
   114 ;; Parameters:    Size  Location     Type
   115 ;;		None
   116 ;; Auto vars:     Size  Location     Type
   117 ;;		None
   118 ;; Return value:  Size  Location     Type
   119 ;;                  1    wreg      void 
   120 ;; Registers used:
   121 ;;		wreg, status,2, status,0, cstack
   122 ;; Tracked objects:
   123 ;;		On entry : 0/0
   124 ;;		On exit  : 0/0
   125 ;;		Unchanged: 0/0
   126 ;; Data sizes:     COMRAM   BANK0   BANK1   BANK2   BANK3   BANK4   BANK5
   127 ;;      Params:         0       0       0       0       0       0       0
   128 ;;      Locals:         0       0       0       0       0       0       0
   129 ;;      Temps:          0       0       0       0       0       0       0
   130 ;;      Totals:         0       0       0       0       0       0       0
   131 ;;Total ram usage:        0 bytes
   132 ;; Hardware stack levels required when called: 3
   133 ;; This function calls:
   134 ;;		_delay
   135 ;; This function is called by:
   136 ;;		Startup code after reset
   137 ;; This function uses a non-reentrant model
   138 ;;
   139                           
   140                           	psect	text0
   141   0006F4                     __ptext0:
   142                           	callstack 0
   143   0006F4                     _main:
   144                           	callstack 28
   145   0006F4                     
   146                           ;intr.c: 13:     TRISC=TRISD=0X00;
   147   0006F4  0E00               	movlw	0
   148   0006F6  6E95               	movwf	149,c	;volatile
   149   0006F8  CF95 FF94          	movff	3989,3988	;volatile
   150                           
   151                           ;intr.c: 14:     TRISB=0X01;
   152   0006FC  0E01               	movlw	1
   153   0006FE  6E93               	movwf	147,c	;volatile
   154                           
   155                           ;intr.c: 15:     ADCON1=0X0F;
   156   000700  0E0F               	movlw	15
   157   000702  6EC1               	movwf	193,c	;volatile
   158                           
   159                           ;intr.c: 16:     INTCON=0XD0;
   160   000704  0ED0               	movlw	208
   161   000706  6EF2               	movwf	242,c	;volatile
   162   000708                     l759:
   163                           
   164                           ;intr.c: 18: {;intr.c: 19:     PORTC=0X0FF;
   165   000708  6882               	setf	130,c	;volatile
   166   00070A                     
   167                           ;intr.c: 20:     delay();
   168   00070A  EC01  F003         	call	_delay	;wreg free
   169   00070E                     
   170                           ;intr.c: 22:     PORTC=0X00;
   171   00070E  0E00               	movlw	0
   172   000710  6E82               	movwf	130,c	;volatile
   173                           
   174                           ;intr.c: 23:     delay();
   175   000712  EC01  F003         	call	_delay	;wreg free
   176   000716  EF84  F003         	goto	l759
   177   00071A  EF07  F000         	goto	start
   178   00071E                     __end_of_main:
   179                           	callstack 0
   180                           
   181 ;; *************** function _delay *****************
   182 ;; Defined at:
   183 ;;		line 45 in file "intr.c"
   184 ;; Parameters:    Size  Location     Type
   185 ;;		None
   186 ;; Auto vars:     Size  Location     Type
   187 ;;  j               2    8[COMRAM] int 
   188 ;;  i               2    6[COMRAM] int 
   189 ;; Return value:  Size  Location     Type
   190 ;;                  1    wreg      void 
   191 ;; Registers used:
   192 ;;		wreg, status,2, status,0
   193 ;; Tracked objects:
   194 ;;		On entry : 0/0
   195 ;;		On exit  : 0/0
   196 ;;		Unchanged: 0/0
   197 ;; Data sizes:     COMRAM   BANK0   BANK1   BANK2   BANK3   BANK4   BANK5
   198 ;;      Params:         0       0       0       0       0       0       0
   199 ;;      Locals:         4       0       0       0       0       0       0
   200 ;;      Temps:          0       0       0       0       0       0       0
   201 ;;      Totals:         4       0       0       0       0       0       0
   202 ;;Total ram usage:        4 bytes
   203 ;; Hardware stack levels used: 1
   204 ;; Hardware stack levels required when called: 2
   205 ;; This function calls:
   206 ;;		Nothing
   207 ;; This function is called by:
   208 ;;		_main
   209 ;; This function uses a non-reentrant model
   210 ;;
   211                           
   212                           	psect	text1
   213   000602                     __ptext1:
   214                           	callstack 0
   215   000602                     _delay:
   216                           	callstack 28
   217   000602                     
   218                           ;intr.c: 47:          for(int i=0;i<300;i++)
   219   000602  0E00               	movlw	0
   220   000604  6E08               	movwf	(delay@i+1)^0,c
   221   000606  0E00               	movlw	0
   222   000608  6E07               	movwf	delay@i^0,c
   223   00060A                     l723:
   224                           
   225                           ;intr.c: 48:          {;intr.c: 49:            for(int j=0;j<300;j++);
   226   00060A  0E00               	movlw	0
   227   00060C  6E0A               	movwf	(delay@j+1)^0,c
   228   00060E  0E00               	movlw	0
   229   000610  6E09               	movwf	delay@j^0,c
   230   000612                     l729:
   231   000612  4A09               	infsnz	delay@j^0,f,c
   232   000614  2A0A               	incf	(delay@j+1)^0,f,c
   233   000616  BE0A               	btfsc	(delay@j+1)^0,7,c
   234   000618  EF17  F003         	goto	u11
   235   00061C  0E2C               	movlw	44
   236   00061E  5C09               	subwf	delay@j^0,w,c
   237   000620  0E01               	movlw	1
   238   000622  580A               	subwfb	(delay@j+1)^0,w,c
   239   000624  A0D8               	btfss	status,0,c
   240   000626  EF17  F003         	goto	u11
   241   00062A  EF19  F003         	goto	u10
   242   00062E                     u11:
   243   00062E  EF09  F003         	goto	l729
   244   000632                     u10:
   245   000632                     
   246                           ;intr.c: 50:         }
   247   000632  4A07               	infsnz	delay@i^0,f,c
   248   000634  2A08               	incf	(delay@i+1)^0,f,c
   249   000636  BE08               	btfsc	(delay@i+1)^0,7,c
   250   000638  EF27  F003         	goto	u21
   251   00063C  0E2C               	movlw	44
   252   00063E  5C07               	subwf	delay@i^0,w,c
   253   000640  0E01               	movlw	1
   254   000642  5808               	subwfb	(delay@i+1)^0,w,c
   255   000644  A0D8               	btfss	status,0,c
   256   000646  EF27  F003         	goto	u21
   257   00064A  EF29  F003         	goto	u20
   258   00064E                     u21:
   259   00064E  EF05  F003         	goto	l723
   260   000652                     u20:
   261   000652  0012               	return		;funcret
   262   000654                     __end_of_delay:
   263                           	callstack 0
   264                           
   265 ;; *************** function _ISR *****************
   266 ;; Defined at:
   267 ;;		line 29 in file "intr.c"
   268 ;; Parameters:    Size  Location     Type
   269 ;;		None
   270 ;; Auto vars:     Size  Location     Type
   271 ;;  i               2    4[COMRAM] int 
   272 ;;  i               2    0        int 
   273 ;; Return value:  Size  Location     Type
   274 ;;                  1    wreg      void 
   275 ;; Registers used:
   276 ;;		wreg, status,2, status,0, cstack
   277 ;; Tracked objects:
   278 ;;		On entry : 0/0
   279 ;;		On exit  : 0/0
   280 ;;		Unchanged: 0/0
   281 ;; Data sizes:     COMRAM   BANK0   BANK1   BANK2   BANK3   BANK4   BANK5
   282 ;;      Params:         0       0       0       0       0       0       0
   283 ;;      Locals:         2       0       0       0       0       0       0
   284 ;;      Temps:          0       0       0       0       0       0       0
   285 ;;      Totals:         2       0       0       0       0       0       0
   286 ;;Total ram usage:        2 bytes
   287 ;; Hardware stack levels used: 1
   288 ;; Hardware stack levels required when called: 1
   289 ;; This function calls:
   290 ;;		i2_delay
   291 ;; This function is called by:
   292 ;;		Interrupt level 2
   293 ;; This function uses a non-reentrant model
   294 ;;
   295                           
   296                           	psect	intcode
   297   000008                     __pintcode:
   298                           	callstack 0
   299   000008                     _ISR:
   300                           	callstack 28
   301                           
   302                           ;incstack = 0
   303   000008  820B               	bsf	int$flags,1,c	;set compiler interrupt flag (level 2)
   304   00000A  ED53  F003         	call	int_func,f	;refresh shadow registers
   305                           
   306                           	psect	intcode_body
   307   0006A6                     __pintcode_body:
   308                           	callstack 28
   309   0006A6                     int_func:
   310                           	callstack 28
   311   0006A6  0006               	pop		; remove dummy address from shadow register refresh
   312   0006A8                     
   313                           ;intr.c: 31:          if (INT0IF==1)
   314   0006A8  A2F2               	btfss	4082,1,c	;volatile
   315   0006AA  EF59  F003         	goto	i2u5_41
   316   0006AE  EF5B  F003         	goto	i2u5_40
   317   0006B2                     i2u5_41:
   318   0006B2  EF78  F003         	goto	i2l34
   319   0006B6                     i2u5_40:
   320   0006B6                     
   321                           ;intr.c: 32:          {;intr.c: 33:              PORTD=0X01;
   322   0006B6  0E01               	movlw	1
   323   0006B8  6E83               	movwf	131,c	;volatile
   324   0006BA                     
   325                           ;intr.c: 34:              delay();
   326   0006BA  EC2A  F003         	call	i2_delay	;wreg free
   327   0006BE                     
   328                           ;intr.c: 36:          for(int i=0;i<=7;i++)
   329   0006BE  0E00               	movlw	0
   330   0006C0  6E06               	movwf	(ISR@i_47+1)^0,c
   331   0006C2  0E00               	movlw	0
   332   0006C4  6E05               	movwf	ISR@i_47^0,c
   333   0006C6                     i2l777:
   334                           
   335                           ;intr.c: 37:          {;intr.c: 38:              PORTD<<=1;
   336   0006C6  90D8               	bcf	status,0,c
   337   0006C8  3683               	rlcf	131,f,c
   338   0006CA                     
   339                           ;intr.c: 39:             delay();
   340   0006CA  EC2A  F003         	call	i2_delay	;wreg free
   341   0006CE                     
   342                           ;intr.c: 40:          }
   343   0006CE  4A05               	infsnz	ISR@i_47^0,f,c
   344   0006D0  2A06               	incf	(ISR@i_47+1)^0,f,c
   345   0006D2  BE06               	btfsc	(ISR@i_47+1)^0,7,c
   346   0006D4  EF75  F003         	goto	i2u6_41
   347   0006D8  5006               	movf	(ISR@i_47+1)^0,w,c
   348   0006DA  E109               	bnz	i2u6_40
   349   0006DC  0E08               	movlw	8
   350   0006DE  5C05               	subwf	ISR@i_47^0,w,c
   351   0006E0  A0D8               	btfss	status,0,c
   352   0006E2  EF75  F003         	goto	i2u6_41
   353   0006E6  EF77  F003         	goto	i2u6_40
   354   0006EA                     i2u6_41:
   355   0006EA  EF63  F003         	goto	i2l777
   356   0006EE                     i2u6_40:
   357   0006EE                     
   358                           ;intr.c: 41:               INT0IF=0;
   359   0006EE  92F2               	bcf	4082,1,c	;volatile
   360   0006F0                     i2l34:
   361   0006F0  920B               	bcf	int$flags,1,c	;clear compiler interrupt flag (level 2)
   362   0006F2  0011               	retfie		f
   363   0006F4                     __end_of_ISR:
   364                           	callstack 0
   365                           
   366 ;; *************** function i2_delay *****************
   367 ;; Defined at:
   368 ;;		line 45 in file "intr.c"
   369 ;; Parameters:    Size  Location     Type
   370 ;;		None
   371 ;; Auto vars:     Size  Location     Type
   372 ;;  j               2    2[COMRAM] int 
   373 ;;  i               2    0[COMRAM] int 
   374 ;; Return value:  Size  Location     Type
   375 ;;                  1    wreg      void 
   376 ;; Registers used:
   377 ;;		wreg, status,2, status,0
   378 ;; Tracked objects:
   379 ;;		On entry : 0/0
   380 ;;		On exit  : 0/0
   381 ;;		Unchanged: 0/0
   382 ;; Data sizes:     COMRAM   BANK0   BANK1   BANK2   BANK3   BANK4   BANK5
   383 ;;      Params:         0       0       0       0       0       0       0
   384 ;;      Locals:         4       0       0       0       0       0       0
   385 ;;      Temps:          0       0       0       0       0       0       0
   386 ;;      Totals:         4       0       0       0       0       0       0
   387 ;;Total ram usage:        4 bytes
   388 ;; Hardware stack levels used: 1
   389 ;; This function calls:
   390 ;;		Nothing
   391 ;; This function is called by:
   392 ;;		_ISR
   393 ;; This function uses a non-reentrant model
   394 ;;
   395                           
   396                           	psect	text3
   397   000654                     __ptext3:
   398                           	callstack 0
   399   000654                     i2_delay:
   400                           	callstack 28
   401   000654                     
   402                           ;intr.c: 47:          for(int i=0;i<300;i++)
   403   000654  0E00               	movlw	0
   404   000656  6E02               	movwf	(i2delay@i+1)^0,c
   405   000658  0E00               	movlw	0
   406   00065A  6E01               	movwf	i2delay@i^0,c
   407   00065C                     i2l743:
   408                           
   409                           ;intr.c: 48:          {;intr.c: 49:            for(int j=0;j<300;j++);
   410   00065C  0E00               	movlw	0
   411   00065E  6E04               	movwf	(i2delay@j+1)^0,c
   412   000660  0E00               	movlw	0
   413   000662  6E03               	movwf	i2delay@j^0,c
   414   000664                     i2l749:
   415   000664  4A03               	infsnz	i2delay@j^0,f,c
   416   000666  2A04               	incf	(i2delay@j+1)^0,f,c
   417   000668  BE04               	btfsc	(i2delay@j+1)^0,7,c
   418   00066A  EF40  F003         	goto	i2u3_41
   419   00066E  0E2C               	movlw	44
   420   000670  5C03               	subwf	i2delay@j^0,w,c
   421   000672  0E01               	movlw	1
   422   000674  5804               	subwfb	(i2delay@j+1)^0,w,c
   423   000676  A0D8               	btfss	status,0,c
   424   000678  EF40  F003         	goto	i2u3_41
   425   00067C  EF42  F003         	goto	i2u3_40
   426   000680                     i2u3_41:
   427   000680  EF32  F003         	goto	i2l749
   428   000684                     i2u3_40:
   429   000684                     
   430                           ;intr.c: 50:         }
   431   000684  4A01               	infsnz	i2delay@i^0,f,c
   432   000686  2A02               	incf	(i2delay@i+1)^0,f,c
   433   000688  BE02               	btfsc	(i2delay@i+1)^0,7,c
   434   00068A  EF50  F003         	goto	i2u4_41
   435   00068E  0E2C               	movlw	44
   436   000690  5C01               	subwf	i2delay@i^0,w,c
   437   000692  0E01               	movlw	1
   438   000694  5802               	subwfb	(i2delay@i+1)^0,w,c
   439   000696  A0D8               	btfss	status,0,c
   440   000698  EF50  F003         	goto	i2u4_41
   441   00069C  EF52  F003         	goto	i2u4_40
   442   0006A0                     i2u4_41:
   443   0006A0  EF2E  F003         	goto	i2l743
   444   0006A4                     i2u4_40:
   445   0006A4  0012               	return		;funcret
   446   0006A6                     __end_ofi2_delay:
   447                           	callstack 0
   448                           
   449                           	psect	smallconst
   450   000600                     __psmallconst:
   451                           	callstack 0
   452   000600  00                 	db	0
   453   000601  00                 	db	0	; dummy byte at the end
   454   000000                     
   455                           	psect	rparam
   456   000000                     
   457                           	psect	temp
   458   00000B                     btemp:
   459                           	callstack 0
   460   00000B                     	ds	1
   461   000000                     int$flags	set	btemp
   462   000000                     wtemp8	set	btemp+1
   463   000000                     ttemp5	set	btemp+1
   464   000000                     ttemp6	set	btemp+4
   465   000000                     ttemp7	set	btemp+8
   466                           tosu	equ	0xFFF
   467                           tosh	equ	0xFFE
   468                           tosl	equ	0xFFD
   469                           stkptr	equ	0xFFC
   470                           pclatu	equ	0xFFB
   471                           pclath	equ	0xFFA
   472                           pcl	equ	0xFF9
   473                           tblptru	equ	0xFF8
   474                           tblptrh	equ	0xFF7
   475                           tblptrl	equ	0xFF6
   476                           tablat	equ	0xFF5
   477                           prodh	equ	0xFF4
   478                           prodl	equ	0xFF3
   479                           indf0	equ	0xFEF
   480                           postinc0	equ	0xFEE
   481                           postdec0	equ	0xFED
   482                           preinc0	equ	0xFEC
   483                           plusw0	equ	0xFEB
   484                           fsr0h	equ	0xFEA
   485                           fsr0l	equ	0xFE9
   486                           wreg	equ	0xFE8
   487                           indf1	equ	0xFE7
   488                           postinc1	equ	0xFE6
   489                           postdec1	equ	0xFE5
   490                           preinc1	equ	0xFE4
   491                           plusw1	equ	0xFE3
   492                           fsr1h	equ	0xFE2
   493                           fsr1l	equ	0xFE1
   494                           bsr	equ	0xFE0
   495                           indf2	equ	0xFDF
   496                           postinc2	equ	0xFDE
   497                           postdec2	equ	0xFDD
   498                           preinc2	equ	0xFDC
   499                           plusw2	equ	0xFDB
   500                           fsr2h	equ	0xFDA
   501                           fsr2l	equ	0xFD9
   502                           status	equ	0xFD8

Data Sizes:
    Strings     0
    Constant    0
    Data        0
    BSS         0
    Persistent  0
    Stack       0

Auto Spaces:
    Space          Size  Autos    Used
    COMRAM           94     10      10
    BANK0           160      0       0
    BANK1           256      0       0
    BANK2           256      0       0
    BANK3           256      0       0
    BANK4           256      0       0
    BANK5           256      0       0

Pointer List with Targets:

    None.

Critical Paths under _main in COMRAM

    _main->_delay

Critical Paths under _ISR in COMRAM

    _ISR->i2_delay

Critical Paths under _main in BANK0

    None.

Critical Paths under _ISR in BANK0

    None.

Critical Paths under _main in BANK1

    None.

Critical Paths under _ISR in BANK1

    None.

Critical Paths under _main in BANK2

    None.

Critical Paths under _ISR in BANK2

    None.

Critical Paths under _main in BANK3

    None.

Critical Paths under _ISR in BANK3

    None.

Critical Paths under _main in BANK4

    None.

Critical Paths under _ISR in BANK4

    None.

Critical Paths under _main in BANK5

    None.

Critical Paths under _ISR in BANK5

    None.

Call Graph Tables:

 ---------------------------------------------------------------------------------
 (Depth) Function   	        Calls       Base Space   Used Autos Params    Refs
 ---------------------------------------------------------------------------------
 (0) _main                                                 0     0      0      60
                              _delay
 ---------------------------------------------------------------------------------
 (1) _delay                                                4     4      0      60
                                              6 COMRAM     4     4      0
 ---------------------------------------------------------------------------------
 Estimated maximum stack depth 1
 ---------------------------------------------------------------------------------
 (Depth) Function   	        Calls       Base Space   Used Autos Params    Refs
 ---------------------------------------------------------------------------------
 (2) _ISR                                                  4     4      0      90
                                              4 COMRAM     2     2      0
                            i2_delay
 ---------------------------------------------------------------------------------
 (3) i2_delay                                              4     4      0      60
                                              0 COMRAM     4     4      0
 ---------------------------------------------------------------------------------
 Estimated maximum stack depth 3
 ---------------------------------------------------------------------------------

 Call Graph Graphs:

 _main (ROOT)
   _delay

 _ISR (ROOT)
   i2_delay

 Address spaces:
Name               Size   Autos  Total    Cost      Usage
BITCOMRAM           5E      0       0       0        0.0%
EEDATA             100      0       0       0        0.0%
NULL                 0      0       0       0        0.0%
CODE                 0      0       0       0        0.0%
COMRAM              5E      A       A       1       10.6%
STACK                0      0       0       2        0.0%
DATA                 0      0       0       3        0.0%
BITBANK0            A0      0       0       4        0.0%
BANK0               A0      0       0       5        0.0%
BITBANK1           100      0       0       6        0.0%
BANK1              100      0       0       7        0.0%
BITBANK2           100      0       0       8        0.0%
BANK2              100      0       0       9        0.0%
BITBANK3           100      0       0      10        0.0%
BANK3              100      0       0      11        0.0%
BITBANK4           100      0       0      12        0.0%
BANK4              100      0       0      13        0.0%
BITBANK5           100      0       0      14        0.0%
BANK5              100      0       0      15        0.0%
BITBIGSFRhhh         D      0       0      16        0.0%
BITBIGSFRhhl        30      0       0      17        0.0%
BITBIGSFRhl         2B      0       0      18        0.0%
BITBIGSFRlh          F      0       0      19        0.0%
BITBIGSFRll        282      0       0      20        0.0%
ABS                  0      0       0      21        0.0%
BIGRAM             5FF      0       0      22        0.0%
BIGSFR               0      0       0     200        0.0%
BITSFR_3             0      0       0     200        0.0%
SFR_3                0      0       0     200        0.0%
BITSFR_2             0      0       0     200        0.0%
SFR_2                0      0       0     200        0.0%
BITSFR_1             0      0       0     200        0.0%
SFR_1                0      0       0     200        0.0%
BITSFR               0      0       0     200        0.0%
SFR                  0      0       0     200        0.0%


Microchip Technology PIC18 Macro Assembler V2.46 build 20240104201356 
Symbol Table                                                                                   Thu Aug 22 10:06:31 2024

                     l41 0652                       u10 0632                       u11 062E  
                     u20 0652                       u21 064E                      l731 0616  
                    l723 060A                      l733 0632                      l717 0602  
                    l735 0636                      l729 0612                      l761 070A  
                    l763 070E                      l757 06F4                      l759 0708  
                    _ISR 0008                     ?_ISR 0001                     i2l41 06A4  
                   i2l33 06EE                     i2l34 06F0                     _main 06F4  
                   btemp 000B          __end_ofi2_delay 06A6                     start 000E  
           ___param_bank 0000                    ??_ISR 0005                    ?_main 0001  
                  i2l751 0668                    i2l743 065C                    i2l753 0684  
                  i2l737 0654                    i2l755 0688                    i2l771 06BE  
                  i2l749 0664                    i2l781 06CE                    i2l765 06A8  
                  i2l783 06D2                    i2l767 06B6                    i2l777 06C6  
                  i2l769 06BA                    i2l779 06CA                    _PORTC 0F82  
                  _PORTD 0F83                    _TRISB 0F93                    _TRISC 0F94  
                  _TRISD 0F95                    _delay 0602                    ttemp5 000C  
                  ttemp6 000F                    ttemp7 0013                    status 0FD8  
                  wtemp8 000C          __initialization 071E             __end_of_main 071E  
                 ??_main 000B            __activetblptr 0000                   ?_delay 0001  
                 _ADCON1 0FC1                ??i2_delay 0001                   _INT0IF 7F91  
                 _INTCON 0FF2                   i2u3_40 0684                   i2u3_41 0680  
                 i2u4_40 06A4                   i2u4_41 06A0                   i2u5_40 06B6  
                 i2u5_41 06B2                   i2u6_40 06EE                   i2u6_41 06EA  
                 delay@i 0007                   delay@j 0009                   isa$std 0001  
           __mediumconst 0000               __accesstop 0060  __end_of__initialization 071E  
          ___rparam_used 0001           __pcstackCOMRAM 0001            __end_of_delay 0654  
                ??_delay 0007                  ISR@i_47 0005                  i2_delay 0654  
                __Hparam 0000                  __Lparam 0000             __psmallconst 0600  
                __pcinit 071E                  __ramtop 0600                  __ptext0 06F4  
                __ptext1 0602                  __ptext3 0654           __pintcode_body 06A6  
   end_of_initialization 071E                  int_func 06A6      start_initialization 071E  
            __end_of_ISR 06F4                 ?i2_delay 0001                __pintcode 0008  
            __smallconst 0600                 i2delay@i 0001                 i2delay@j 0003  
               __Hrparam 0000                 __Lrparam 0000                 isa$xinst 0000  
               int$flags 000B                 intlevel2 0000  
