

Microchip MPLAB XC8 Assembler V2.46 build 20240104201356 
                                                                                               Fri Aug 23 09:55:23 2024

Microchip MPLAB XC8 C Compiler v2.46 (Free license) build 20240104201356 Og1 
     1                           	processor	18F4580
     2                           	fnconf	rparam,??,?,0
     3                           	pagewidth 120
     4                           	opt	flic
     5                           	psect	cinit,global,reloc=2,class=CODE,delta=1
     6                           	psect	cstackCOMRAM,global,class=COMRAM,space=1,delta=1,lowdata,noexec
     7                           	psect	text0,global,reloc=2,class=CODE,delta=1
     8                           	psect	text1,global,reloc=2,class=CODE,delta=1
     9                           	psect	smallconst,global,reloc=2,class=SMALLCONST,delta=1,noexec
    10                           	psect	intsave_regs,global,class=BIGRAM,space=1,delta=1,noexec
    11                           	psect	rparam,global,class=COMRAM,space=1,delta=1,noexec
    12   000000                     
    13                           ; Generated 17/10/2023 GMT
    14                           ; 
    15                           ; Copyright © 2023, Microchip Technology Inc. and its subsidiaries ("Microchip")
    16                           ; All rights reserved.
    17                           ; 
    18                           ; This software is developed by Microchip Technology Inc. and its subsidiaries ("Microch
      +                          ip").
    19                           ; 
    20                           ; Redistribution and use in source and binary forms, with or without modification, are
    21                           ; permitted provided that the following conditions are met:
    22                           ; 
    23                           ;     1. Redistributions of source code must retain the above copyright notice, this lis
      +                          t of
    24                           ;        conditions and the following disclaimer.
    25                           ; 
    26                           ;     2. Redistributions in binary form must reproduce the above copyright notice, this 
      +                          list
    27                           ;        of conditions and the following disclaimer in the documentation and/or other
    28                           ;        materials provided with the distribution. Publication is not required when
    29                           ;        this file is used in an embedded application.
    30                           ; 
    31                           ;     3. Microchip's name may not be used to endorse or promote products derived from th
      +                          is
    32                           ;        software without specific prior written permission.
    33                           ; 
    34                           ; THIS SOFTWARE IS PROVIDED BY MICROCHIP "AS IS" AND ANY EXPRESS OR IMPLIED WARRANTIES,
    35                           ; INCLUDING, BUT NOT LIMITED TO, THE IMPLIED WARRANTIES OF MERCHANTABILITY AND FITNESS F
      +                          OR
    36                           ; PURPOSE ARE DISCLAIMED.  IN NO EVENT SHALL MICROCHIP BE LIABLE FOR ANY DIRECT, INDIREC
      +                          T,
    37                           ; INCIDENTAL, SPECIAL, EXEMPLARY, OR CONSEQUENTIAL DAMAGES (INCLUDING BUT NOT LIMITED TO
    38                           ; PROCUREMENT OF SUBSTITUTE GOODS OR SERVICES; LOSS OF USE, DATA OR PROFITS; OR BUSINESS
    39                           ; INTERRUPTION) HOWSOEVER CAUSED AND ON ANY THEORY OF LIABILITY, WHETHER IN CONTRACT, ST
      +                          RICT
    40                           ; LIABILITY, OR TORT (INCLUDING NEGLIGENCE OR OTHERWISE) ARISING IN ANY WAY OUT OF THE U
      +                          SE OF
    41                           ; THIS SOFTWARE, EVEN IF ADVISED OF THE POSSIBILITY OF SUCH DAMAGE.
    42                           ; 
    43                           ; 
    44                           ; Code-generator required, PIC18F4580 Definitions
    45                           ; 
    46                           ; SFR Addresses
    47   000000                     _PORTC	set	3970
    48   000000                     _TRISC	set	3988
    49   000000                     _T0CON	set	4053
    50   000000                     _TMR0	set	4054
    51   000000                     _TMR0IF	set	32658
    52                           
    53                           ; #config settings
    54                           
    55                           	psect	cinit
    56   000642                     __pcinit:
    57                           	callstack 0
    58   000642                     start_initialization:
    59                           	callstack 0
    60   000642                     __initialization:
    61                           	callstack 0
    62   000642                     end_of_initialization:
    63                           	callstack 0
    64   000642                     __end_of__initialization:
    65                           	callstack 0
    66   000642  0100               	movlb	0
    67   000644  EF01  F003         	goto	_main	;jump to C main() function
    68                           
    69                           	psect	cstackCOMRAM
    70   000000                     __pcstackCOMRAM:
    71                           	callstack 0
    72   000000                     
    73                           ; 1 bytes @ 0x0
    74 ;;
    75 ;;Main: autosize = 0, tempsize = 0, incstack = 0, save=0
    76 ;;
    77 ;; *************** function _main *****************
    78 ;; Defined at:
    79 ;;		line 12 in file "tmr0.c"
    80 ;; Parameters:    Size  Location     Type
    81 ;;		None
    82 ;; Auto vars:     Size  Location     Type
    83 ;;		None
    84 ;; Return value:  Size  Location     Type
    85 ;;                  1    wreg      void 
    86 ;; Registers used:
    87 ;;		wreg, status,2, cstack
    88 ;; Tracked objects:
    89 ;;		On entry : 0/0
    90 ;;		On exit  : 0/0
    91 ;;		Unchanged: 0/0
    92 ;; Data sizes:     COMRAM   BANK0   BANK1   BANK2   BANK3   BANK4   BANK5
    93 ;;      Params:         0       0       0       0       0       0       0
    94 ;;      Locals:         0       0       0       0       0       0       0
    95 ;;      Temps:          0       0       0       0       0       0       0
    96 ;;      Totals:         0       0       0       0       0       0       0
    97 ;;Total ram usage:        0 bytes
    98 ;; Hardware stack levels required when called: 1
    99 ;; This function calls:
   100 ;;		_delay
   101 ;; This function is called by:
   102 ;;		Startup code after reset
   103 ;; This function uses a non-reentrant model
   104 ;;
   105                           
   106                           	psect	text0
   107   000602                     __ptext0:
   108                           	callstack 0
   109   000602                     _main:
   110                           	callstack 30
   111   000602                     
   112                           ;tmr0.c: 14:     TRISC=0X00;
   113   000602  0E00               	movlw	0
   114   000604  6E94               	movwf	148,c	;volatile
   115                           
   116                           ;tmr0.c: 16:     T0CON=0XC7;
   117   000606  0EC7               	movlw	199
   118   000608  6ED5               	movwf	213,c	;volatile
   119                           
   120                           ;tmr0.c: 17:     TMR0=00;
   121   00060A  0E00               	movlw	0
   122   00060C  6ED7               	movwf	215,c	;volatile
   123   00060E  0E00               	movlw	0
   124   000610  6ED6               	movwf	214,c	;volatile
   125   000612                     l708:
   126                           
   127                           ;tmr0.c: 19:     {;tmr0.c: 20:         PORTC=0XFF;
   128   000612  6882               	setf	130,c	;volatile
   129   000614                     
   130                           ;tmr0.c: 21:         delay();
   131   000614  EC14  F003         	call	_delay	;wreg free
   132   000618                     
   133                           ;tmr0.c: 22:         PORTC=0X00;
   134   000618  0E00               	movlw	0
   135   00061A  6E82               	movwf	130,c	;volatile
   136                           
   137                           ;tmr0.c: 23:         delay();
   138   00061C  EC14  F003         	call	_delay	;wreg free
   139   000620  EF09  F003         	goto	l708
   140   000624  EF00  F000         	goto	start
   141   000628                     __end_of_main:
   142                           	callstack 0
   143                           
   144 ;; *************** function _delay *****************
   145 ;; Defined at:
   146 ;;		line 28 in file "tmr0.c"
   147 ;; Parameters:    Size  Location     Type
   148 ;;		None
   149 ;; Auto vars:     Size  Location     Type
   150 ;;		None
   151 ;; Return value:  Size  Location     Type
   152 ;;                  1    wreg      void 
   153 ;; Registers used:
   154 ;;		wreg, status,2
   155 ;; Tracked objects:
   156 ;;		On entry : 0/0
   157 ;;		On exit  : 0/0
   158 ;;		Unchanged: 0/0
   159 ;; Data sizes:     COMRAM   BANK0   BANK1   BANK2   BANK3   BANK4   BANK5
   160 ;;      Params:         0       0       0       0       0       0       0
   161 ;;      Locals:         0       0       0       0       0       0       0
   162 ;;      Temps:          0       0       0       0       0       0       0
   163 ;;      Totals:         0       0       0       0       0       0       0
   164 ;;Total ram usage:        0 bytes
   165 ;; Hardware stack levels used: 1
   166 ;; This function calls:
   167 ;;		Nothing
   168 ;; This function is called by:
   169 ;;		_main
   170 ;; This function uses a non-reentrant model
   171 ;;
   172                           
   173                           	psect	text1
   174   000628                     __ptext1:
   175                           	callstack 0
   176   000628                     _delay:
   177                           	callstack 30
   178   000628                     l23:
   179   000628  A4F2               	btfss	4082,2,c	;volatile
   180   00062A  EF19  F003         	goto	u11
   181   00062E  EF1B  F003         	goto	u10
   182   000632                     u11:
   183   000632  EF14  F003         	goto	l23
   184   000636                     u10:
   185   000636                     
   186                           ;tmr0.c: 31:         {;tmr0.c: 32:             TMR0IF=0;
   187   000636  94F2               	bcf	4082,2,c	;volatile
   188   000638                     
   189                           ;tmr0.c: 33:             TMR0=00;
   190   000638  0E00               	movlw	0
   191   00063A  6ED7               	movwf	215,c	;volatile
   192   00063C  0E00               	movlw	0
   193   00063E  6ED6               	movwf	214,c	;volatile
   194   000640  0012               	return		;funcret
   195   000642                     __end_of_delay:
   196                           	callstack 0
   197                           
   198                           	psect	smallconst
   199   000600                     __psmallconst:
   200                           	callstack 0
   201   000600  00                 	db	0
   202   000601  00                 	db	0	; dummy byte at the end
   203   000000                     
   204                           	psect	rparam
   205   000000                     tosu	equ	0xFFF
   206                           tosh	equ	0xFFE
   207                           tosl	equ	0xFFD
   208                           stkptr	equ	0xFFC
   209                           pclatu	equ	0xFFB
   210                           pclath	equ	0xFFA
   211                           pcl	equ	0xFF9
   212                           tblptru	equ	0xFF8
   213                           tblptrh	equ	0xFF7
   214                           tblptrl	equ	0xFF6
   215                           tablat	equ	0xFF5
   216                           prodh	equ	0xFF4
   217                           prodl	equ	0xFF3
   218                           indf0	equ	0xFEF
   219                           postinc0	equ	0xFEE
   220                           postdec0	equ	0xFED
   221                           preinc0	equ	0xFEC
   222                           plusw0	equ	0xFEB
   223                           fsr0h	equ	0xFEA
   224                           fsr0l	equ	0xFE9
   225                           wreg	equ	0xFE8
   226                           indf1	equ	0xFE7
   227                           postinc1	equ	0xFE6
   228                           postdec1	equ	0xFE5
   229                           preinc1	equ	0xFE4
   230                           plusw1	equ	0xFE3
   231                           fsr1h	equ	0xFE2
   232                           fsr1l	equ	0xFE1
   233                           bsr	equ	0xFE0
   234                           indf2	equ	0xFDF
   235                           postinc2	equ	0xFDE
   236                           postdec2	equ	0xFDD
   237                           preinc2	equ	0xFDC
   238                           plusw2	equ	0xFDB
   239                           fsr2h	equ	0xFDA
   240                           fsr2l	equ	0xFD9
   241                           status	equ	0xFD8

Data Sizes:
    Strings     0
    Constant    0
    Data        0
    BSS         0
    Persistent  0
    Stack       0

Auto Spaces:
    Space          Size  Autos    Used
    COMRAM           95      0       0
    BANK0           160      0       0
    BANK1           256      0       0
    BANK2           256      0       0
    BANK3           256      0       0
    BANK4           256      0       0
    BANK5           256      0       0

Pointer List with Targets:

    None.

Critical Paths under _main in COMRAM

    None.

Critical Paths under _main in BANK0

    None.

Critical Paths under _main in BANK1

    None.

Critical Paths under _main in BANK2

    None.

Critical Paths under _main in BANK3

    None.

Critical Paths under _main in BANK4

    None.

Critical Paths under _main in BANK5

    None.

Call Graph Tables:

 ---------------------------------------------------------------------------------
 (Depth) Function   	        Calls       Base Space   Used Autos Params    Refs
 ---------------------------------------------------------------------------------
 (0) _main                                                 0     0      0       0
                              _delay
 ---------------------------------------------------------------------------------
 (1) _delay                                                0     0      0       0
 ---------------------------------------------------------------------------------
 Estimated maximum stack depth 1
 ---------------------------------------------------------------------------------

 Call Graph Graphs:

 _main (ROOT)
   _delay

 Address spaces:
Name               Size   Autos  Total    Cost      Usage
BITCOMRAM           5F      0       0       0        0.0%
EEDATA             100      0       0       0        0.0%
NULL                 0      0       0       0        0.0%
CODE                 0      0       0       0        0.0%
COMRAM              5F      0       0       1        0.0%
STACK                0      0       0       2        0.0%
DATA                 0      0       0       3        0.0%
BITBANK0            A0      0       0       4        0.0%
BANK0               A0      0       0       5        0.0%
BITBANK1           100      0       0       6        0.0%
BANK1              100      0       0       7        0.0%
BITBANK2           100      0       0       8        0.0%
BANK2              100      0       0       9        0.0%
BITBANK3           100      0       0      10        0.0%
BANK3              100      0       0      11        0.0%
BITBANK4           100      0       0      12        0.0%
BANK4              100      0       0      13        0.0%
BITBANK5           100      0       0      14        0.0%
BANK5              100      0       0      15        0.0%
BITBIGSFRhhh         D      0       0      16        0.0%
BITBIGSFRhhl        1A      0       0      17        0.0%
BITBIGSFRhl         40      0       0      18        0.0%
BITBIGSFRlh         11      0       0      19        0.0%
BITBIGSFRll        282      0       0      20        0.0%
ABS                  0      0       0      21        0.0%
BIGRAM             5FF      0       0      22        0.0%
BIGSFR               0      0       0     200        0.0%
BITSFR_3             0      0       0     200        0.0%
SFR_3                0      0       0     200        0.0%
BITSFR_2             0      0       0     200        0.0%
SFR_2                0      0       0     200        0.0%
BITSFR_1             0      0       0     200        0.0%
SFR_1                0      0       0     200        0.0%
BITSFR               0      0       0     200        0.0%
SFR                  0      0       0     200        0.0%


Microchip Technology PIC18 Macro Assembler V2.46 build 20240104201356 
Symbol Table                                                                                   Fri Aug 23 09:55:23 2024

                     l23 0628                       l25 0636                       l26 0640  
                     u10 0636                       u11 0632                      l702 0628  
                    l710 0614                      l704 0638                      l712 0618  
                    l706 0602                      l708 0612                     _TMR0 0FD6  
                   _main 0602                     start 0000             ___param_bank 0000  
                  ?_main 0000                    _T0CON 0FD5                    _PORTC 0F82  
                  _TRISC 0F94                    _delay 0628          __initialization 0642  
           __end_of_main 0628                   ??_main 0000            __activetblptr 0000  
                 ?_delay 0000                   _TMR0IF 7F92                   isa$std 0001  
           __mediumconst 0000               __accesstop 0060  __end_of__initialization 0642  
          ___rparam_used 0001           __pcstackCOMRAM 0000            __end_of_delay 0642  
                ??_delay 0000                  __Hparam 0000                  __Lparam 0000  
           __psmallconst 0600                  __pcinit 0642                  __ramtop 0600  
                __ptext0 0602                  __ptext1 0628     end_of_initialization 0642  
    start_initialization 0642              __smallconst 0600                 __Hrparam 0000  
               __Lrparam 0000                 isa$xinst 0000  
