

Microchip MPLAB XC8 Assembler V2.46 build 20240104201356 
                                                                                               Thu Aug 08 10:08:13 2024

Microchip MPLAB XC8 C Compiler v2.46 (Free license) build 20240104201356 Og1 
     1                           	processor	18F4580
     2                           	fnconf	rparam,??,?,0
     3                           	pagewidth 120
     4                           	opt	flic
     5                           	psect	cinit,global,reloc=2,class=CODE,delta=1
     6                           	psect	cstackCOMRAM,global,class=COMRAM,space=1,delta=1,lowdata,noexec
     7                           	psect	text0,global,reloc=2,class=CODE,delta=1
     8                           	psect	smallconst,global,reloc=2,class=SMALLCONST,delta=1,noexec
     9                           	psect	intsave_regs,global,class=BIGRAM,space=1,delta=1,noexec
    10                           	psect	rparam,global,class=COMRAM,space=1,delta=1,noexec
    11   000000                     
    12                           ; Generated 17/10/2023 GMT
    13                           ; 
    14                           ; Copyright © 2023, Microchip Technology Inc. and its subsidiaries ("Microchip")
    15                           ; All rights reserved.
    16                           ; 
    17                           ; This software is developed by Microchip Technology Inc. and its subsidiaries ("Microch
      +                          ip").
    18                           ; 
    19                           ; Redistribution and use in source and binary forms, with or without modification, are
    20                           ; permitted provided that the following conditions are met:
    21                           ; 
    22                           ;     1. Redistributions of source code must retain the above copyright notice, this lis
      +                          t of
    23                           ;        conditions and the following disclaimer.
    24                           ; 
    25                           ;     2. Redistributions in binary form must reproduce the above copyright notice, this 
      +                          list
    26                           ;        of conditions and the following disclaimer in the documentation and/or other
    27                           ;        materials provided with the distribution. Publication is not required when
    28                           ;        this file is used in an embedded application.
    29                           ; 
    30                           ;     3. Microchip's name may not be used to endorse or promote products derived from th
      +                          is
    31                           ;        software without specific prior written permission.
    32                           ; 
    33                           ; THIS SOFTWARE IS PROVIDED BY MICROCHIP "AS IS" AND ANY EXPRESS OR IMPLIED WARRANTIES,
    34                           ; INCLUDING, BUT NOT LIMITED TO, THE IMPLIED WARRANTIES OF MERCHANTABILITY AND FITNESS F
      +                          OR
    35                           ; PURPOSE ARE DISCLAIMED.  IN NO EVENT SHALL MICROCHIP BE LIABLE FOR ANY DIRECT, INDIREC
      +                          T,
    36                           ; INCIDENTAL, SPECIAL, EXEMPLARY, OR CONSEQUENTIAL DAMAGES (INCLUDING BUT NOT LIMITED TO
    37                           ; PROCUREMENT OF SUBSTITUTE GOODS OR SERVICES; LOSS OF USE, DATA OR PROFITS; OR BUSINESS
    38                           ; INTERRUPTION) HOWSOEVER CAUSED AND ON ANY THEORY OF LIABILITY, WHETHER IN CONTRACT, ST
      +                          RICT
    39                           ; LIABILITY, OR TORT (INCLUDING NEGLIGENCE OR OTHERWISE) ARISING IN ANY WAY OUT OF THE U
      +                          SE OF
    40                           ; THIS SOFTWARE, EVEN IF ADVISED OF THE POSSIBILITY OF SUCH DAMAGE.
    41                           ; 
    42                           ; 
    43                           ; Code-generator required, PIC18F4580 Definitions
    44                           ; 
    45                           ; SFR Addresses
    46   000000                     _RC3	set	31763
    47   000000                     _RB7	set	31759
    48   000000                     _RC2	set	31762
    49   000000                     _RB6	set	31758
    50   000000                     _RC1	set	31761
    51   000000                     _RB5	set	31757
    52   000000                     _RB4	set	31756
    53   000000                     _PORTB	set	3969
    54   000000                     _TRISB	set	3987
    55   000000                     _ADCON1	set	4033
    56   000000                     _TRISC	set	3988
    57   000000                     _RC0	set	31760
    58                           
    59                           ; #config settings
    60                           
    61                           	psect	cinit
    62   000766                     __pcinit:
    63                           	callstack 0
    64   000766                     start_initialization:
    65                           	callstack 0
    66   000766                     __initialization:
    67                           	callstack 0
    68   000766                     end_of_initialization:
    69                           	callstack 0
    70   000766                     __end_of__initialization:
    71                           	callstack 0
    72   000766  0100               	movlb	0
    73   000768  EF01  F003         	goto	_main	;jump to C main() function
    74                           
    75                           	psect	cstackCOMRAM
    76   000000                     __pcstackCOMRAM:
    77                           	callstack 0
    78   000000                     
    79                           ; 1 bytes @ 0x0
    80 ;;
    81 ;;Main: autosize = 0, tempsize = 0, incstack = 0, save=0
    82 ;;
    83 ;; *************** function _main *****************
    84 ;; Defined at:
    85 ;;		line 11 in file "matrix1.c"
    86 ;; Parameters:    Size  Location     Type
    87 ;;		None
    88 ;; Auto vars:     Size  Location     Type
    89 ;;		None
    90 ;; Return value:  Size  Location     Type
    91 ;;                  1    wreg      void 
    92 ;; Registers used:
    93 ;;		wreg, status,2
    94 ;; Tracked objects:
    95 ;;		On entry : 0/0
    96 ;;		On exit  : 0/0
    97 ;;		Unchanged: 0/0
    98 ;; Data sizes:     COMRAM   BANK0   BANK1   BANK2   BANK3   BANK4   BANK5
    99 ;;      Params:         0       0       0       0       0       0       0
   100 ;;      Locals:         0       0       0       0       0       0       0
   101 ;;      Temps:          0       0       0       0       0       0       0
   102 ;;      Totals:         0       0       0       0       0       0       0
   103 ;;Total ram usage:        0 bytes
   104 ;; This function calls:
   105 ;;		Nothing
   106 ;; This function is called by:
   107 ;;		Startup code after reset
   108 ;; This function uses a non-reentrant model
   109 ;;
   110                           
   111                           	psect	text0
   112   000602                     __ptext0:
   113                           	callstack 0
   114   000602                     _main:
   115                           	callstack 31
   116   000602                     
   117                           ;matrix1.c: 13:     ADCON1=0X0F;
   118   000602  0E0F               	movlw	15
   119   000604  6EC1               	movwf	193,c	;volatile
   120                           
   121                           ;matrix1.c: 14:     TRISB=0XF0;
   122   000606  0EF0               	movlw	240
   123   000608  6E93               	movwf	147,c	;volatile
   124                           
   125                           ;matrix1.c: 15:     TRISC=0X00;
   126   00060A  0E00               	movlw	0
   127   00060C  6E94               	movwf	148,c	;volatile
   128   00060E                     l29:
   129                           
   130                           ;matrix1.c: 17:     {;matrix1.c: 18:     PORTB=0X0E;
   131   00060E  0E0E               	movlw	14
   132   000610  6E81               	movwf	129,c	;volatile
   133   000612                     
   134                           ;matrix1.c: 19:     if(RB4==0)
   135   000612  B881               	btfsc	3969,4,c	;volatile
   136   000614  EF0E  F003         	goto	u11
   137   000618  EF10  F003         	goto	u10
   138   00061C                     u11:
   139   00061C  EF13  F003         	goto	l30
   140   000620                     u10:
   141   000620                     
   142                           ;matrix1.c: 20:     {;matrix1.c: 21:         RC0=1;
   143   000620  8082               	bsf	3970,0,c	;volatile
   144                           
   145                           ;matrix1.c: 22:     }
   146   000622  EF31  F003         	goto	l748
   147   000626                     l30:
   148   000626  BA81               	btfsc	3969,5,c	;volatile
   149   000628  EF18  F003         	goto	u21
   150   00062C  EF1A  F003         	goto	u20
   151   000630                     u21:
   152   000630  EF1D  F003         	goto	l32
   153   000634                     u20:
   154   000634                     
   155                           ;matrix1.c: 24:     {;matrix1.c: 25:         RC1=1;
   156   000634  8282               	bsf	3970,1,c	;volatile
   157                           
   158                           ;matrix1.c: 26:     }
   159   000636  EF31  F003         	goto	l748
   160   00063A                     l32:
   161   00063A  BC81               	btfsc	3969,6,c	;volatile
   162   00063C  EF22  F003         	goto	u31
   163   000640  EF24  F003         	goto	u30
   164   000644                     u31:
   165   000644  EF27  F003         	goto	l34
   166   000648                     u30:
   167   000648                     
   168                           ;matrix1.c: 28:     {;matrix1.c: 29:         RC2=1;
   169   000648  8482               	bsf	3970,2,c	;volatile
   170                           
   171                           ;matrix1.c: 30:     }
   172   00064A  EF31  F003         	goto	l748
   173   00064E                     l34:
   174   00064E  BE81               	btfsc	3969,7,c	;volatile
   175   000650  EF2C  F003         	goto	u41
   176   000654  EF2E  F003         	goto	u40
   177   000658                     u41:
   178   000658  EF31  F003         	goto	l33
   179   00065C                     u40:
   180   00065C                     
   181                           ;matrix1.c: 32:     {;matrix1.c: 33:         RC3=1;
   182   00065C  8682               	bsf	3970,3,c	;volatile
   183   00065E  EF31  F003         	goto	l748
   184   000662                     l33:
   185   000662                     l748:
   186                           
   187                           ;matrix1.c: 35:     PORTB=0X0D;
   188   000662  0E0D               	movlw	13
   189   000664  6E81               	movwf	129,c	;volatile
   190   000666                     
   191                           ;matrix1.c: 36:     if(RB4==0)
   192   000666  B881               	btfsc	3969,4,c	;volatile
   193   000668  EF38  F003         	goto	u51
   194   00066C  EF3A  F003         	goto	u50
   195   000670                     u51:
   196   000670  EF3D  F003         	goto	l37
   197   000674                     u50:
   198   000674                     
   199                           ;matrix1.c: 37:     {;matrix1.c: 38:         RC0=1;
   200   000674  8082               	bsf	3970,0,c	;volatile
   201                           
   202                           ;matrix1.c: 39:     }
   203   000676  EF5B  F003         	goto	l760
   204   00067A                     l37:
   205   00067A  BA81               	btfsc	3969,5,c	;volatile
   206   00067C  EF42  F003         	goto	u61
   207   000680  EF44  F003         	goto	u60
   208   000684                     u61:
   209   000684  EF47  F003         	goto	l39
   210   000688                     u60:
   211   000688                     
   212                           ;matrix1.c: 41:     {;matrix1.c: 42:         RC1=1;
   213   000688  8282               	bsf	3970,1,c	;volatile
   214                           
   215                           ;matrix1.c: 43:     }
   216   00068A  EF5B  F003         	goto	l760
   217   00068E                     l39:
   218   00068E  BC81               	btfsc	3969,6,c	;volatile
   219   000690  EF4C  F003         	goto	u71
   220   000694  EF4E  F003         	goto	u70
   221   000698                     u71:
   222   000698  EF51  F003         	goto	l41
   223   00069C                     u70:
   224   00069C                     
   225                           ;matrix1.c: 45:     {;matrix1.c: 46:         RC2=1;
   226   00069C  8482               	bsf	3970,2,c	;volatile
   227                           
   228                           ;matrix1.c: 47:     }
   229   00069E  EF5B  F003         	goto	l760
   230   0006A2                     l41:
   231   0006A2  BE81               	btfsc	3969,7,c	;volatile
   232   0006A4  EF56  F003         	goto	u81
   233   0006A8  EF58  F003         	goto	u80
   234   0006AC                     u81:
   235   0006AC  EF5B  F003         	goto	l40
   236   0006B0                     u80:
   237   0006B0                     
   238                           ;matrix1.c: 49:     {;matrix1.c: 50:         RC3=1;
   239   0006B0  8682               	bsf	3970,3,c	;volatile
   240   0006B2  EF5B  F003         	goto	l760
   241   0006B6                     l40:
   242   0006B6                     l760:
   243                           
   244                           ;matrix1.c: 52:     PORTB=0X0B;
   245   0006B6  0E0B               	movlw	11
   246   0006B8  6E81               	movwf	129,c	;volatile
   247   0006BA                     
   248                           ;matrix1.c: 53:     if(RB4==0)
   249   0006BA  B881               	btfsc	3969,4,c	;volatile
   250   0006BC  EF62  F003         	goto	u91
   251   0006C0  EF64  F003         	goto	u90
   252   0006C4                     u91:
   253   0006C4  EF67  F003         	goto	l44
   254   0006C8                     u90:
   255   0006C8                     
   256                           ;matrix1.c: 54:     {;matrix1.c: 55:         RC0=0;
   257   0006C8  9082               	bcf	3970,0,c	;volatile
   258                           
   259                           ;matrix1.c: 56:     }
   260   0006CA  EF85  F003         	goto	l772
   261   0006CE                     l44:
   262   0006CE  BA81               	btfsc	3969,5,c	;volatile
   263   0006D0  EF6C  F003         	goto	u101
   264   0006D4  EF6E  F003         	goto	u100
   265   0006D8                     u101:
   266   0006D8  EF71  F003         	goto	l46
   267   0006DC                     u100:
   268   0006DC                     
   269                           ;matrix1.c: 58:     {;matrix1.c: 59:         RC1=0;
   270   0006DC  9282               	bcf	3970,1,c	;volatile
   271                           
   272                           ;matrix1.c: 60:     }
   273   0006DE  EF85  F003         	goto	l772
   274   0006E2                     l46:
   275   0006E2  BC81               	btfsc	3969,6,c	;volatile
   276   0006E4  EF76  F003         	goto	u111
   277   0006E8  EF78  F003         	goto	u110
   278   0006EC                     u111:
   279   0006EC  EF7B  F003         	goto	l48
   280   0006F0                     u110:
   281   0006F0                     
   282                           ;matrix1.c: 62:     {;matrix1.c: 63:         RC2=0;
   283   0006F0  9482               	bcf	3970,2,c	;volatile
   284                           
   285                           ;matrix1.c: 64:     }
   286   0006F2  EF85  F003         	goto	l772
   287   0006F6                     l48:
   288   0006F6  BE81               	btfsc	3969,7,c	;volatile
   289   0006F8  EF80  F003         	goto	u121
   290   0006FC  EF82  F003         	goto	u120
   291   000700                     u121:
   292   000700  EF85  F003         	goto	l47
   293   000704                     u120:
   294   000704                     
   295                           ;matrix1.c: 66:     {;matrix1.c: 67:         RC3=0;
   296   000704  9682               	bcf	3970,3,c	;volatile
   297   000706  EF85  F003         	goto	l772
   298   00070A                     l47:
   299   00070A                     l772:
   300                           
   301                           ;matrix1.c: 69:      PORTB=0X07;
   302   00070A  0E07               	movlw	7
   303   00070C  6E81               	movwf	129,c	;volatile
   304   00070E                     
   305                           ;matrix1.c: 70:     if(RB4==0)
   306   00070E  B881               	btfsc	3969,4,c	;volatile
   307   000710  EF8C  F003         	goto	u131
   308   000714  EF8E  F003         	goto	u130
   309   000718                     u131:
   310   000718  EF91  F003         	goto	l51
   311   00071C                     u130:
   312   00071C                     
   313                           ;matrix1.c: 71:     {;matrix1.c: 72:         RC0=0;
   314   00071C  9082               	bcf	3970,0,c	;volatile
   315                           
   316                           ;matrix1.c: 73:     }
   317   00071E  EF07  F003         	goto	l29
   318   000722                     l51:
   319   000722  BA81               	btfsc	3969,5,c	;volatile
   320   000724  EF96  F003         	goto	u141
   321   000728  EF98  F003         	goto	u140
   322   00072C                     u141:
   323   00072C  EF9B  F003         	goto	l53
   324   000730                     u140:
   325   000730                     
   326                           ;matrix1.c: 75:     {;matrix1.c: 76:         RC1=0;
   327   000730  9282               	bcf	3970,1,c	;volatile
   328                           
   329                           ;matrix1.c: 77:     }
   330   000732  EF07  F003         	goto	l29
   331   000736                     l53:
   332   000736  BC81               	btfsc	3969,6,c	;volatile
   333   000738  EFA0  F003         	goto	u151
   334   00073C  EFA2  F003         	goto	u150
   335   000740                     u151:
   336   000740  EFA5  F003         	goto	l55
   337   000744                     u150:
   338   000744                     
   339                           ;matrix1.c: 79:     {;matrix1.c: 80:         RC2=0;
   340   000744  9482               	bcf	3970,2,c	;volatile
   341                           
   342                           ;matrix1.c: 81:     }
   343   000746  EF07  F003         	goto	l29
   344   00074A                     l55:
   345   00074A  BE81               	btfsc	3969,7,c	;volatile
   346   00074C  EFAA  F003         	goto	u161
   347   000750  EFAC  F003         	goto	u160
   348   000754                     u161:
   349   000754  EFAF  F003         	goto	l52
   350   000758                     u160:
   351   000758                     
   352                           ;matrix1.c: 83:     {;matrix1.c: 84:         RC3=0;
   353   000758  9682               	bcf	3970,3,c	;volatile
   354   00075A  EF07  F003         	goto	l29
   355   00075E                     l52:
   356   00075E  EF07  F003         	goto	l29
   357   000762  EF00  F000         	goto	start
   358   000766                     __end_of_main:
   359                           	callstack 0
   360                           
   361                           	psect	smallconst
   362   000600                     __psmallconst:
   363                           	callstack 0
   364   000600  00                 	db	0
   365   000601  00                 	db	0	; dummy byte at the end
   366   000000                     
   367                           	psect	rparam
   368   000000                     tosu	equ	0xFFF
   369                           tosh	equ	0xFFE
   370                           tosl	equ	0xFFD
   371                           stkptr	equ	0xFFC
   372                           pclatu	equ	0xFFB
   373                           pclath	equ	0xFFA
   374                           pcl	equ	0xFF9
   375                           tblptru	equ	0xFF8
   376                           tblptrh	equ	0xFF7
   377                           tblptrl	equ	0xFF6
   378                           tablat	equ	0xFF5
   379                           prodh	equ	0xFF4
   380                           prodl	equ	0xFF3
   381                           indf0	equ	0xFEF
   382                           postinc0	equ	0xFEE
   383                           postdec0	equ	0xFED
   384                           preinc0	equ	0xFEC
   385                           plusw0	equ	0xFEB
   386                           fsr0h	equ	0xFEA
   387                           fsr0l	equ	0xFE9
   388                           wreg	equ	0xFE8
   389                           indf1	equ	0xFE7
   390                           postinc1	equ	0xFE6
   391                           postdec1	equ	0xFE5
   392                           preinc1	equ	0xFE4
   393                           plusw1	equ	0xFE3
   394                           fsr1h	equ	0xFE2
   395                           fsr1l	equ	0xFE1
   396                           bsr	equ	0xFE0
   397                           indf2	equ	0xFDF
   398                           postinc2	equ	0xFDE
   399                           postdec2	equ	0xFDD
   400                           preinc2	equ	0xFDC
   401                           plusw2	equ	0xFDB
   402                           fsr2h	equ	0xFDA
   403                           fsr2l	equ	0xFD9
   404                           status	equ	0xFD8

Data Sizes:
    Strings     0
    Constant    0
    Data        0
    BSS         0
    Persistent  0
    Stack       0

Auto Spaces:
    Space          Size  Autos    Used
    COMRAM           95      0       0
    BANK0           160      0       0
    BANK1           256      0       0
    BANK2           256      0       0
    BANK3           256      0       0
    BANK4           256      0       0
    BANK5           256      0       0

Pointer List with Targets:

    None.

Critical Paths under _main in COMRAM

    None.

Critical Paths under _main in BANK0

    None.

Critical Paths under _main in BANK1

    None.

Critical Paths under _main in BANK2

    None.

Critical Paths under _main in BANK3

    None.

Critical Paths under _main in BANK4

    None.

Critical Paths under _main in BANK5

    None.

Call Graph Tables:

 ---------------------------------------------------------------------------------
 (Depth) Function   	        Calls       Base Space   Used Autos Params    Refs
 ---------------------------------------------------------------------------------
 (0) _main                                                 0     0      0       0
 ---------------------------------------------------------------------------------
 Estimated maximum stack depth 0
 ---------------------------------------------------------------------------------

 Call Graph Graphs:

 _main (ROOT)

 Address spaces:
Name               Size   Autos  Total    Cost      Usage
BITCOMRAM           5F      0       0       0        0.0%
EEDATA             100      0       0       0        0.0%
NULL                 0      0       0       0        0.0%
CODE                 0      0       0       0        0.0%
COMRAM              5F      0       0       1        0.0%
STACK                0      0       0       2        0.0%
DATA                 0      0       0       3        0.0%
BITBANK0            A0      0       0       4        0.0%
BANK0               A0      0       0       5        0.0%
BITBANK1           100      0       0       6        0.0%
BANK1              100      0       0       7        0.0%
BITBANK2           100      0       0       8        0.0%
BANK2              100      0       0       9        0.0%
BITBANK3           100      0       0      10        0.0%
BANK3              100      0       0      11        0.0%
BITBANK4           100      0       0      12        0.0%
BANK4              100      0       0      13        0.0%
BITBANK5           100      0       0      14        0.0%
BANK5              100      0       0      15        0.0%
BITBIGSFRh          3E      0       0      16        0.0%
BITBIGSFRlh         2C      0       0      17        0.0%
BITBIGSFRllh        10      0       0      18        0.0%
BITBIGSFRlll       281      0       0      19        0.0%
ABS                  0      0       0      20        0.0%
BIGRAM             5FF      0       0      21        0.0%
BIGSFR               0      0       0     200        0.0%
BITSFR_3             0      0       0     200        0.0%
SFR_3                0      0       0     200        0.0%
BITSFR_2             0      0       0     200        0.0%
SFR_2                0      0       0     200        0.0%
BITSFR_1             0      0       0     200        0.0%
SFR_1                0      0       0     200        0.0%
BITSFR               0      0       0     200        0.0%
SFR                  0      0       0     200        0.0%


Microchip Technology PIC18 Macro Assembler V2.46 build 20240104201356 
Symbol Table                                                                                   Thu Aug 08 10:08:13 2024

                     l30 0626                       l40 06B6                       l32 063A  
                     l41 06A2                       l33 0662                       l34 064E  
                     l51 0722                       l52 075E                       l44 06CE  
                     l53 0736                       l37 067A                       l29 060E  
                     l46 06E2                       l55 074A                       l47 070A  
                     l39 068E                       l48 06F6                       u10 0620  
                     u11 061C                       u20 0634                       u21 0630  
                     u30 0648                       u31 0644                       u40 065C  
                     u41 0658                       u50 0674                       u51 0670  
                     u60 0688                       u61 0684                       u70 069C  
                     u71 0698                       u80 06B0                       u81 06AC  
                     u90 06C8                       u91 06C4                      l740 0620  
                    l750 0666                      l742 0634                      l760 06B6  
                    l752 0674                      l744 0648                      l736 0602  
                    l770 0704                      l762 06BA                      l754 0688  
                    l746 065C                      l738 0612                      l780 0744  
                    l772 070A                      l764 06C8                      l756 069C  
                    l748 0662                      l782 0758                      l774 070E  
                    l766 06DC                      l758 06B0                      l776 071C  
                    l768 06F0                      l778 0730                      _RC0 7C10  
                    _RC1 7C11                      _RB4 7C0C                      _RC2 7C12  
                    _RB5 7C0D                      _RC3 7C13                      _RB6 7C0E  
                    _RB7 7C0F                      u100 06DC                      u101 06D8  
                    u110 06F0                      u111 06EC                      u120 0704  
                    u121 0700                      u130 071C                      u131 0718  
                    u140 0730                      u141 072C                      u150 0744  
                    u151 0740                      u160 0758                      u161 0754  
                   _main 0602                     start 0000             ___param_bank 0000  
                  ?_main 0000                    _PORTB 0F81                    _TRISB 0F93  
                  _TRISC 0F94          __initialization 0766             __end_of_main 0766  
                 ??_main 0000            __activetblptr 0000                   _ADCON1 0FC1  
                 isa$std 0001             __mediumconst 0000               __accesstop 0060  
__end_of__initialization 0766            ___rparam_used 0001           __pcstackCOMRAM 0000  
                __Hparam 0000                  __Lparam 0000             __psmallconst 0600  
                __pcinit 0766                  __ramtop 0600                  __ptext0 0602  
   end_of_initialization 0766      start_initialization 0766              __smallconst 0600  
               __Hrparam 0000                 __Lrparam 0000                 isa$xinst 0000  
