

Microchip MPLAB XC8 Assembler V2.46 build 20240104201356 
                                                                                               Tue Jul 30 08:58:54 2024

Microchip MPLAB XC8 C Compiler v2.46 (Free license) build 20240104201356 Og1 
     1                           	processor	18F4580
     2                           	fnconf	rparam,??,?,0
     3                           	pagewidth 120
     4                           	opt	flic
     5                           	psect	cinit,global,reloc=2,class=CODE,delta=1
     6                           	psect	cstackCOMRAM,global,class=COMRAM,space=1,delta=1,lowdata,noexec
     7                           	psect	text0,global,reloc=2,class=CODE,delta=1
     8                           	psect	smallconst,global,reloc=2,class=SMALLCONST,delta=1,noexec
     9                           	psect	intsave_regs,global,class=BIGRAM,space=1,delta=1,noexec
    10                           	psect	rparam,global,class=COMRAM,space=1,delta=1,noexec
    11   000000                     
    12                           ; Generated 17/10/2023 GMT
    13                           ; 
    14                           ; Copyright © 2023, Microchip Technology Inc. and its subsidiaries ("Microchip")
    15                           ; All rights reserved.
    16                           ; 
    17                           ; This software is developed by Microchip Technology Inc. and its subsidiaries ("Microch
      +                          ip").
    18                           ; 
    19                           ; Redistribution and use in source and binary forms, with or without modification, are
    20                           ; permitted provided that the following conditions are met:
    21                           ; 
    22                           ;     1. Redistributions of source code must retain the above copyright notice, this lis
      +                          t of
    23                           ;        conditions and the following disclaimer.
    24                           ; 
    25                           ;     2. Redistributions in binary form must reproduce the above copyright notice, this 
      +                          list
    26                           ;        of conditions and the following disclaimer in the documentation and/or other
    27                           ;        materials provided with the distribution. Publication is not required when
    28                           ;        this file is used in an embedded application.
    29                           ; 
    30                           ;     3. Microchip's name may not be used to endorse or promote products derived from th
      +                          is
    31                           ;        software without specific prior written permission.
    32                           ; 
    33                           ; THIS SOFTWARE IS PROVIDED BY MICROCHIP "AS IS" AND ANY EXPRESS OR IMPLIED WARRANTIES,
    34                           ; INCLUDING, BUT NOT LIMITED TO, THE IMPLIED WARRANTIES OF MERCHANTABILITY AND FITNESS F
      +                          OR
    35                           ; PURPOSE ARE DISCLAIMED.  IN NO EVENT SHALL MICROCHIP BE LIABLE FOR ANY DIRECT, INDIREC
      +                          T,
    36                           ; INCIDENTAL, SPECIAL, EXEMPLARY, OR CONSEQUENTIAL DAMAGES (INCLUDING BUT NOT LIMITED TO
    37                           ; PROCUREMENT OF SUBSTITUTE GOODS OR SERVICES; LOSS OF USE, DATA OR PROFITS; OR BUSINESS
    38                           ; INTERRUPTION) HOWSOEVER CAUSED AND ON ANY THEORY OF LIABILITY, WHETHER IN CONTRACT, ST
      +                          RICT
    39                           ; LIABILITY, OR TORT (INCLUDING NEGLIGENCE OR OTHERWISE) ARISING IN ANY WAY OUT OF THE U
      +                          SE OF
    40                           ; THIS SOFTWARE, EVEN IF ADVISED OF THE POSSIBILITY OF SUCH DAMAGE.
    41                           ; 
    42                           ; 
    43                           ; Code-generator required, PIC18F4580 Definitions
    44                           ; 
    45                           ; SFR Addresses
    46   000000                     _PORTC	set	3970
    47   000000                     _TRISC	set	3988
    48   000000                     _TRISD	set	3989
    49   000000                     _PORTD	set	3971
    50                           
    51                           ; #config settings
    52                           
    53                           	psect	cinit
    54   000B58                     __pcinit:
    55                           	callstack 0
    56   000B58                     start_initialization:
    57                           	callstack 0
    58   000B58                     __initialization:
    59                           	callstack 0
    60   000B58                     end_of_initialization:
    61                           	callstack 0
    62   000B58                     __end_of__initialization:
    63                           	callstack 0
    64   000B58  0100               	movlb	0
    65   000B5A  EF01  F003         	goto	_main	;jump to C main() function
    66                           
    67                           	psect	cstackCOMRAM
    68   000001                     __pcstackCOMRAM:
    69                           	callstack 0
    70   000001                     main@i:
    71                           	callstack 0
    72                           
    73                           ; 2 bytes @ 0x0
    74   000001                     	ds	2
    75   000003                     main@i_34:
    76                           	callstack 0
    77                           
    78                           ; 2 bytes @ 0x2
    79   000003                     	ds	2
    80   000005                     main@i_35:
    81                           	callstack 0
    82                           
    83                           ; 2 bytes @ 0x4
    84   000005                     	ds	2
    85   000007                     main@i_36:
    86                           	callstack 0
    87                           
    88                           ; 2 bytes @ 0x6
    89   000007                     	ds	2
    90   000009                     main@i_37:
    91                           	callstack 0
    92                           
    93                           ; 2 bytes @ 0x8
    94   000009                     	ds	2
    95   00000B                     main@i_38:
    96                           	callstack 0
    97                           
    98                           ; 2 bytes @ 0xA
    99   00000B                     	ds	2
   100   00000D                     main@i_39:
   101                           	callstack 0
   102                           
   103                           ; 2 bytes @ 0xC
   104   00000D                     	ds	2
   105   00000F                     main@i_40:
   106                           	callstack 0
   107                           
   108                           ; 2 bytes @ 0xE
   109   00000F                     	ds	2
   110   000011                     main@i_41:
   111                           	callstack 0
   112                           
   113                           ; 2 bytes @ 0x10
   114   000011                     	ds	2
   115   000013                     main@i_42:
   116                           	callstack 0
   117                           
   118                           ; 2 bytes @ 0x12
   119   000013                     	ds	2
   120   000015                     main@i_43:
   121                           	callstack 0
   122                           
   123                           ; 2 bytes @ 0x14
   124   000015                     	ds	2
   125   000017                     main@i_44:
   126                           	callstack 0
   127                           
   128                           ; 2 bytes @ 0x16
   129   000017                     	ds	2
   130   000019                     main@i_45:
   131                           	callstack 0
   132                           
   133                           ; 2 bytes @ 0x18
   134   000019                     	ds	2
   135   00001B                     main@i_46:
   136                           	callstack 0
   137                           
   138                           ; 2 bytes @ 0x1A
   139   00001B                     	ds	2
   140   00001D                     main@i_47:
   141                           	callstack 0
   142                           
   143                           ; 2 bytes @ 0x1C
   144   00001D                     	ds	2
   145   00001F                     main@i_48:
   146                           	callstack 0
   147                           
   148                           ; 2 bytes @ 0x1E
   149   00001F                     	ds	2
   150   000021                     main@i_49:
   151                           	callstack 0
   152                           
   153                           ; 2 bytes @ 0x20
   154   000021                     	ds	2
   155   000023                     main@i_50:
   156                           	callstack 0
   157                           
   158                           ; 2 bytes @ 0x22
   159   000023                     	ds	2
   160   000025                     main@i_51:
   161                           	callstack 0
   162                           
   163                           ; 2 bytes @ 0x24
   164   000025                     	ds	2
   165   000027                     main@i_52:
   166                           	callstack 0
   167                           
   168                           ; 2 bytes @ 0x26
   169   000027                     	ds	2
   170   000029                     main@i_53:
   171                           	callstack 0
   172                           
   173                           ; 2 bytes @ 0x28
   174   000029                     	ds	2
   175   00002B                     main@i_54:
   176                           	callstack 0
   177                           
   178                           ; 2 bytes @ 0x2A
   179   00002B                     	ds	2
   180   00002D                     main@i_55:
   181                           	callstack 0
   182                           
   183                           ; 2 bytes @ 0x2C
   184   00002D                     	ds	2
   185   00002F                     main@i_56:
   186                           	callstack 0
   187                           
   188                           ; 2 bytes @ 0x2E
   189   00002F                     	ds	2
   190   000031                     main@i_57:
   191                           	callstack 0
   192                           
   193                           ; 2 bytes @ 0x30
   194   000031                     	ds	2
   195   000033                     main@i_58:
   196                           	callstack 0
   197                           
   198                           ; 2 bytes @ 0x32
   199   000033                     	ds	2
   200   000035                     main@i_59:
   201                           	callstack 0
   202                           
   203                           ; 2 bytes @ 0x34
   204   000035                     	ds	2
   205   000037                     main@i_60:
   206                           	callstack 0
   207                           
   208                           ; 2 bytes @ 0x36
   209   000037                     	ds	2
   210   000039                     main@i_61:
   211                           	callstack 0
   212                           
   213                           ; 2 bytes @ 0x38
   214   000039                     	ds	2
   215   00003B                     main@i_62:
   216                           	callstack 0
   217                           
   218                           ; 2 bytes @ 0x3A
   219   00003B                     	ds	2
   220   00003D                     main@i_63:
   221                           	callstack 0
   222                           
   223                           ; 2 bytes @ 0x3C
   224   00003D                     	ds	2
   225                           
   226 ;;
   227 ;;Main: autosize = 0, tempsize = 0, incstack = 0, save=0
   228 ;;
   229 ;; *************** function _main *****************
   230 ;; Defined at:
   231 ;;		line 12 in file "ledblinkingoneafterone.c"
   232 ;; Parameters:    Size  Location     Type
   233 ;;		None
   234 ;; Auto vars:     Size  Location     Type
   235 ;;  i               2   60[COMRAM] unsigned int 
   236 ;;  i               2   58[COMRAM] unsigned int 
   237 ;;  i               2   56[COMRAM] unsigned int 
   238 ;;  i               2   54[COMRAM] unsigned int 
   239 ;;  i               2   52[COMRAM] unsigned int 
   240 ;;  i               2   50[COMRAM] unsigned int 
   241 ;;  i               2   48[COMRAM] unsigned int 
   242 ;;  i               2   46[COMRAM] unsigned int 
   243 ;;  i               2   44[COMRAM] unsigned int 
   244 ;;  i               2   42[COMRAM] unsigned int 
   245 ;;  i               2   40[COMRAM] unsigned int 
   246 ;;  i               2   38[COMRAM] unsigned int 
   247 ;;  i               2   36[COMRAM] unsigned int 
   248 ;;  i               2   34[COMRAM] unsigned int 
   249 ;;  i               2   32[COMRAM] unsigned int 
   250 ;;  i               2   30[COMRAM] unsigned int 
   251 ;;  i               2   28[COMRAM] unsigned int 
   252 ;;  i               2   26[COMRAM] unsigned int 
   253 ;;  i               2   24[COMRAM] unsigned int 
   254 ;;  i               2   22[COMRAM] unsigned int 
   255 ;;  i               2   20[COMRAM] unsigned int 
   256 ;;  i               2   18[COMRAM] unsigned int 
   257 ;;  i               2   16[COMRAM] unsigned int 
   258 ;;  i               2   14[COMRAM] unsigned int 
   259 ;;  i               2   12[COMRAM] unsigned int 
   260 ;;  i               2   10[COMRAM] unsigned int 
   261 ;;  i               2    8[COMRAM] unsigned int 
   262 ;;  i               2    6[COMRAM] unsigned int 
   263 ;;  i               2    4[COMRAM] unsigned int 
   264 ;;  i               2    2[COMRAM] unsigned int 
   265 ;;  i               2    0[COMRAM] unsigned int 
   266 ;; Return value:  Size  Location     Type
   267 ;;                  1    wreg      void 
   268 ;; Registers used:
   269 ;;		wreg, status,2, status,0
   270 ;; Tracked objects:
   271 ;;		On entry : 0/0
   272 ;;		On exit  : 0/0
   273 ;;		Unchanged: 0/0
   274 ;; Data sizes:     COMRAM   BANK0   BANK1   BANK2   BANK3   BANK4   BANK5
   275 ;;      Params:         0       0       0       0       0       0       0
   276 ;;      Locals:        62       0       0       0       0       0       0
   277 ;;      Temps:          0       0       0       0       0       0       0
   278 ;;      Totals:        62       0       0       0       0       0       0
   279 ;;Total ram usage:       62 bytes
   280 ;; This function calls:
   281 ;;		Nothing
   282 ;; This function is called by:
   283 ;;		Startup code after reset
   284 ;; This function uses a non-reentrant model
   285 ;;
   286                           
   287                           	psect	text0
   288   000602                     __ptext0:
   289                           	callstack 0
   290   000602                     _main:
   291                           	callstack 31
   292   000602                     
   293                           ;ledblinkingoneafterone.c: 13:     TRISC=0X00;
   294   000602  0E00               	movlw	0
   295   000604  6E94               	movwf	148,c	;volatile
   296                           
   297                           ;ledblinkingoneafterone.c: 14:     TRISD=0X00;
   298   000606  0E00               	movlw	0
   299   000608  6E95               	movwf	149,c	;volatile
   300   00060A                     l13:
   301                           
   302                           ;ledblinkingoneafterone.c: 18:     {;ledblinkingoneafterone.c: 22:             PORTC=0X0
      +                          1;
   303   00060A  0E01               	movlw	1
   304   00060C  6E82               	movwf	130,c	;volatile
   305                           
   306                           ;ledblinkingoneafterone.c: 23:             for(unsigned int i=0;i<=65000;i++);
   307   00060E  0E00               	movlw	0
   308   000610  6E02               	movwf	(main@i+1)^0,c
   309   000612  0E00               	movlw	0
   310   000614  6E01               	movwf	main@i^0,c
   311   000616                     l760:
   312   000616  4A01               	infsnz	main@i^0,f,c
   313   000618  2A02               	incf	(main@i+1)^0,f,c
   314   00061A  0EE9               	movlw	233
   315   00061C  5C01               	subwf	main@i^0,w,c
   316   00061E  0EFD               	movlw	253
   317   000620  5802               	subwfb	(main@i+1)^0,w,c
   318   000622  A0D8               	btfss	status,0,c
   319   000624  EF16  F003         	goto	u11
   320   000628  EF18  F003         	goto	u10
   321   00062C                     u11:
   322   00062C  EF0B  F003         	goto	l760
   323   000630                     u10:
   324   000630                     
   325                           ;ledblinkingoneafterone.c: 24:         PORTC=0X00;
   326   000630  0E00               	movlw	0
   327   000632  6E82               	movwf	130,c	;volatile
   328                           
   329                           ;ledblinkingoneafterone.c: 26:         PORTC=0X03;
   330   000634  0E03               	movlw	3
   331   000636  6E82               	movwf	130,c	;volatile
   332                           
   333                           ;ledblinkingoneafterone.c: 27:         for(unsigned int i=0;i<=65000;i++);
   334   000638  0E00               	movlw	0
   335   00063A  6E04               	movwf	(main@i_34+1)^0,c
   336   00063C  0E00               	movlw	0
   337   00063E  6E03               	movwf	main@i_34^0,c
   338   000640                     l770:
   339   000640  4A03               	infsnz	main@i_34^0,f,c
   340   000642  2A04               	incf	(main@i_34+1)^0,f,c
   341   000644  0EE9               	movlw	233
   342   000646  5C03               	subwf	main@i_34^0,w,c
   343   000648  0EFD               	movlw	253
   344   00064A  5804               	subwfb	(main@i_34+1)^0,w,c
   345   00064C  A0D8               	btfss	status,0,c
   346   00064E  EF2B  F003         	goto	u21
   347   000652  EF2D  F003         	goto	u20
   348   000656                     u21:
   349   000656  EF20  F003         	goto	l770
   350   00065A                     u20:
   351   00065A                     
   352                           ;ledblinkingoneafterone.c: 28:         PORTC=0X00;
   353   00065A  0E00               	movlw	0
   354   00065C  6E82               	movwf	130,c	;volatile
   355                           
   356                           ;ledblinkingoneafterone.c: 29:         for(unsigned int i=0;i<=65000;i++);
   357   00065E  0E00               	movlw	0
   358   000660  6E06               	movwf	(main@i_35+1)^0,c
   359   000662  0E00               	movlw	0
   360   000664  6E05               	movwf	main@i_35^0,c
   361   000666                     l780:
   362   000666  4A05               	infsnz	main@i_35^0,f,c
   363   000668  2A06               	incf	(main@i_35+1)^0,f,c
   364   00066A  0EE9               	movlw	233
   365   00066C  5C05               	subwf	main@i_35^0,w,c
   366   00066E  0EFD               	movlw	253
   367   000670  5806               	subwfb	(main@i_35+1)^0,w,c
   368   000672  A0D8               	btfss	status,0,c
   369   000674  EF3E  F003         	goto	u31
   370   000678  EF40  F003         	goto	u30
   371   00067C                     u31:
   372   00067C  EF33  F003         	goto	l780
   373   000680                     u30:
   374   000680                     
   375                           ;ledblinkingoneafterone.c: 30:         PORTC=0X07;
   376   000680  0E07               	movlw	7
   377   000682  6E82               	movwf	130,c	;volatile
   378                           
   379                           ;ledblinkingoneafterone.c: 31:         for(unsigned int i=0;i<=65000;i++);
   380   000684  0E00               	movlw	0
   381   000686  6E08               	movwf	(main@i_36+1)^0,c
   382   000688  0E00               	movlw	0
   383   00068A  6E07               	movwf	main@i_36^0,c
   384   00068C                     l790:
   385   00068C  4A07               	infsnz	main@i_36^0,f,c
   386   00068E  2A08               	incf	(main@i_36+1)^0,f,c
   387   000690  0EE9               	movlw	233
   388   000692  5C07               	subwf	main@i_36^0,w,c
   389   000694  0EFD               	movlw	253
   390   000696  5808               	subwfb	(main@i_36+1)^0,w,c
   391   000698  A0D8               	btfss	status,0,c
   392   00069A  EF51  F003         	goto	u41
   393   00069E  EF53  F003         	goto	u40
   394   0006A2                     u41:
   395   0006A2  EF46  F003         	goto	l790
   396   0006A6                     u40:
   397   0006A6                     
   398                           ;ledblinkingoneafterone.c: 32:         PORTC=0X00;
   399   0006A6  0E00               	movlw	0
   400   0006A8  6E82               	movwf	130,c	;volatile
   401                           
   402                           ;ledblinkingoneafterone.c: 33:         for(unsigned int i=0;i<=65000;i++);
   403   0006AA  0E00               	movlw	0
   404   0006AC  6E0A               	movwf	(main@i_37+1)^0,c
   405   0006AE  0E00               	movlw	0
   406   0006B0  6E09               	movwf	main@i_37^0,c
   407   0006B2                     l800:
   408   0006B2  4A09               	infsnz	main@i_37^0,f,c
   409   0006B4  2A0A               	incf	(main@i_37+1)^0,f,c
   410   0006B6  0EE9               	movlw	233
   411   0006B8  5C09               	subwf	main@i_37^0,w,c
   412   0006BA  0EFD               	movlw	253
   413   0006BC  580A               	subwfb	(main@i_37+1)^0,w,c
   414   0006BE  A0D8               	btfss	status,0,c
   415   0006C0  EF64  F003         	goto	u51
   416   0006C4  EF66  F003         	goto	u50
   417   0006C8                     u51:
   418   0006C8  EF59  F003         	goto	l800
   419   0006CC                     u50:
   420   0006CC                     
   421                           ;ledblinkingoneafterone.c: 34:         PORTC=0X0F;
   422   0006CC  0E0F               	movlw	15
   423   0006CE  6E82               	movwf	130,c	;volatile
   424                           
   425                           ;ledblinkingoneafterone.c: 35:         for(unsigned int i=0;i<=65000;i++);
   426   0006D0  0E00               	movlw	0
   427   0006D2  6E0C               	movwf	(main@i_38+1)^0,c
   428   0006D4  0E00               	movlw	0
   429   0006D6  6E0B               	movwf	main@i_38^0,c
   430   0006D8                     l810:
   431   0006D8  4A0B               	infsnz	main@i_38^0,f,c
   432   0006DA  2A0C               	incf	(main@i_38+1)^0,f,c
   433   0006DC  0EE9               	movlw	233
   434   0006DE  5C0B               	subwf	main@i_38^0,w,c
   435   0006E0  0EFD               	movlw	253
   436   0006E2  580C               	subwfb	(main@i_38+1)^0,w,c
   437   0006E4  A0D8               	btfss	status,0,c
   438   0006E6  EF77  F003         	goto	u61
   439   0006EA  EF79  F003         	goto	u60
   440   0006EE                     u61:
   441   0006EE  EF6C  F003         	goto	l810
   442   0006F2                     u60:
   443   0006F2                     
   444                           ;ledblinkingoneafterone.c: 36:         PORTC=0X00;
   445   0006F2  0E00               	movlw	0
   446   0006F4  6E82               	movwf	130,c	;volatile
   447                           
   448                           ;ledblinkingoneafterone.c: 37:         for(unsigned int i=0;i<=65000;i++);
   449   0006F6  0E00               	movlw	0
   450   0006F8  6E0E               	movwf	(main@i_39+1)^0,c
   451   0006FA  0E00               	movlw	0
   452   0006FC  6E0D               	movwf	main@i_39^0,c
   453   0006FE                     l820:
   454   0006FE  4A0D               	infsnz	main@i_39^0,f,c
   455   000700  2A0E               	incf	(main@i_39+1)^0,f,c
   456   000702  0EE9               	movlw	233
   457   000704  5C0D               	subwf	main@i_39^0,w,c
   458   000706  0EFD               	movlw	253
   459   000708  580E               	subwfb	(main@i_39+1)^0,w,c
   460   00070A  A0D8               	btfss	status,0,c
   461   00070C  EF8A  F003         	goto	u71
   462   000710  EF8C  F003         	goto	u70
   463   000714                     u71:
   464   000714  EF7F  F003         	goto	l820
   465   000718                     u70:
   466   000718                     
   467                           ;ledblinkingoneafterone.c: 38:         PORTC=0X1F;
   468   000718  0E1F               	movlw	31
   469   00071A  6E82               	movwf	130,c	;volatile
   470                           
   471                           ;ledblinkingoneafterone.c: 39:         for(unsigned int i=0;i<=65000;i++);
   472   00071C  0E00               	movlw	0
   473   00071E  6E10               	movwf	(main@i_40+1)^0,c
   474   000720  0E00               	movlw	0
   475   000722  6E0F               	movwf	main@i_40^0,c
   476   000724                     l830:
   477   000724  4A0F               	infsnz	main@i_40^0,f,c
   478   000726  2A10               	incf	(main@i_40+1)^0,f,c
   479   000728  0EE9               	movlw	233
   480   00072A  5C0F               	subwf	main@i_40^0,w,c
   481   00072C  0EFD               	movlw	253
   482   00072E  5810               	subwfb	(main@i_40+1)^0,w,c
   483   000730  A0D8               	btfss	status,0,c
   484   000732  EF9D  F003         	goto	u81
   485   000736  EF9F  F003         	goto	u80
   486   00073A                     u81:
   487   00073A  EF92  F003         	goto	l830
   488   00073E                     u80:
   489   00073E                     
   490                           ;ledblinkingoneafterone.c: 40:         PORTC=0X00;
   491   00073E  0E00               	movlw	0
   492   000740  6E82               	movwf	130,c	;volatile
   493                           
   494                           ;ledblinkingoneafterone.c: 41:         for(unsigned int i=0;i<=65000;i++);
   495   000742  0E00               	movlw	0
   496   000744  6E12               	movwf	(main@i_41+1)^0,c
   497   000746  0E00               	movlw	0
   498   000748  6E11               	movwf	main@i_41^0,c
   499   00074A                     l840:
   500   00074A  4A11               	infsnz	main@i_41^0,f,c
   501   00074C  2A12               	incf	(main@i_41+1)^0,f,c
   502   00074E  0EE9               	movlw	233
   503   000750  5C11               	subwf	main@i_41^0,w,c
   504   000752  0EFD               	movlw	253
   505   000754  5812               	subwfb	(main@i_41+1)^0,w,c
   506   000756  A0D8               	btfss	status,0,c
   507   000758  EFB0  F003         	goto	u91
   508   00075C  EFB2  F003         	goto	u90
   509   000760                     u91:
   510   000760  EFA5  F003         	goto	l840
   511   000764                     u90:
   512   000764                     
   513                           ;ledblinkingoneafterone.c: 42:         PORTC=0X3F;
   514   000764  0E3F               	movlw	63
   515   000766  6E82               	movwf	130,c	;volatile
   516                           
   517                           ;ledblinkingoneafterone.c: 43:         for(unsigned int i=0;i<=65000;i++);
   518   000768  0E00               	movlw	0
   519   00076A  6E14               	movwf	(main@i_42+1)^0,c
   520   00076C  0E00               	movlw	0
   521   00076E  6E13               	movwf	main@i_42^0,c
   522   000770                     l846:
   523   000770  0EE9               	movlw	233
   524   000772  5C13               	subwf	main@i_42^0,w,c
   525   000774  0EFD               	movlw	253
   526   000776  5814               	subwfb	(main@i_42+1)^0,w,c
   527   000778  A0D8               	btfss	status,0,c
   528   00077A  EFC1  F003         	goto	u101
   529   00077E  EFC3  F003         	goto	u100
   530   000782                     u101:
   531   000782  EFC5  F003         	goto	l850
   532   000786                     u100:
   533   000786  EFC9  F003         	goto	l854
   534   00078A                     l850:
   535   00078A  4A13               	infsnz	main@i_42^0,f,c
   536   00078C  2A14               	incf	(main@i_42+1)^0,f,c
   537   00078E  EFB8  F003         	goto	l846
   538   000792                     l854:
   539                           
   540                           ;ledblinkingoneafterone.c: 44:         PORTC=0X00;
   541   000792  0E00               	movlw	0
   542   000794  6E82               	movwf	130,c	;volatile
   543                           
   544                           ;ledblinkingoneafterone.c: 45:         for(unsigned int i=0;i<=65000;i++);
   545   000796  0E00               	movlw	0
   546   000798  6E16               	movwf	(main@i_43+1)^0,c
   547   00079A  0E00               	movlw	0
   548   00079C  6E15               	movwf	main@i_43^0,c
   549   00079E                     l856:
   550   00079E  0EE9               	movlw	233
   551   0007A0  5C15               	subwf	main@i_43^0,w,c
   552   0007A2  0EFD               	movlw	253
   553   0007A4  5816               	subwfb	(main@i_43+1)^0,w,c
   554   0007A6  A0D8               	btfss	status,0,c
   555   0007A8  EFD8  F003         	goto	u111
   556   0007AC  EFDA  F003         	goto	u110
   557   0007B0                     u111:
   558   0007B0  EFDC  F003         	goto	l860
   559   0007B4                     u110:
   560   0007B4  EFE0  F003         	goto	l864
   561   0007B8                     l860:
   562   0007B8  4A15               	infsnz	main@i_43^0,f,c
   563   0007BA  2A16               	incf	(main@i_43+1)^0,f,c
   564   0007BC  EFCF  F003         	goto	l856
   565   0007C0                     l864:
   566                           
   567                           ;ledblinkingoneafterone.c: 46:         PORTC=0X7F;
   568   0007C0  0E7F               	movlw	127
   569   0007C2  6E82               	movwf	130,c	;volatile
   570                           
   571                           ;ledblinkingoneafterone.c: 47:         for(unsigned int i=0;i<=65000;i++);
   572   0007C4  0E00               	movlw	0
   573   0007C6  6E18               	movwf	(main@i_44+1)^0,c
   574   0007C8  0E00               	movlw	0
   575   0007CA  6E17               	movwf	main@i_44^0,c
   576   0007CC                     l866:
   577   0007CC  0EE9               	movlw	233
   578   0007CE  5C17               	subwf	main@i_44^0,w,c
   579   0007D0  0EFD               	movlw	253
   580   0007D2  5818               	subwfb	(main@i_44+1)^0,w,c
   581   0007D4  A0D8               	btfss	status,0,c
   582   0007D6  EFEF  F003         	goto	u121
   583   0007DA  EFF1  F003         	goto	u120
   584   0007DE                     u121:
   585   0007DE  EFF3  F003         	goto	l870
   586   0007E2                     u120:
   587   0007E2  EFF7  F003         	goto	l874
   588   0007E6                     l870:
   589   0007E6  4A17               	infsnz	main@i_44^0,f,c
   590   0007E8  2A18               	incf	(main@i_44+1)^0,f,c
   591   0007EA  EFE6  F003         	goto	l866
   592   0007EE                     l874:
   593                           
   594                           ;ledblinkingoneafterone.c: 48:         PORTC=0X00;
   595   0007EE  0E00               	movlw	0
   596   0007F0  6E82               	movwf	130,c	;volatile
   597                           
   598                           ;ledblinkingoneafterone.c: 49:         for(unsigned int i=0;i<=65000;i++);
   599   0007F2  0E00               	movlw	0
   600   0007F4  6E1A               	movwf	(main@i_45+1)^0,c
   601   0007F6  0E00               	movlw	0
   602   0007F8  6E19               	movwf	main@i_45^0,c
   603   0007FA                     l876:
   604   0007FA  0EE9               	movlw	233
   605   0007FC  5C19               	subwf	main@i_45^0,w,c
   606   0007FE  0EFD               	movlw	253
   607   000800  581A               	subwfb	(main@i_45+1)^0,w,c
   608   000802  A0D8               	btfss	status,0,c
   609   000804  EF06  F004         	goto	u131
   610   000808  EF08  F004         	goto	u130
   611   00080C                     u131:
   612   00080C  EF0A  F004         	goto	l880
   613   000810                     u130:
   614   000810  EF0E  F004         	goto	l39
   615   000814                     l880:
   616   000814  4A19               	infsnz	main@i_45^0,f,c
   617   000816  2A1A               	incf	(main@i_45+1)^0,f,c
   618   000818  EFFD  F003         	goto	l876
   619   00081C                     l39:
   620                           
   621                           ;ledblinkingoneafterone.c: 50:         PORTC=0XFF;
   622   00081C  6882               	setf	130,c	;volatile
   623   00081E                     
   624                           ;ledblinkingoneafterone.c: 51:         for(unsigned int i=0;i<=65000;i++);
   625   00081E  0E00               	movlw	0
   626   000820  6E1C               	movwf	(main@i_46+1)^0,c
   627   000822  0E00               	movlw	0
   628   000824  6E1B               	movwf	main@i_46^0,c
   629   000826                     l886:
   630   000826  0EE9               	movlw	233
   631   000828  5C1B               	subwf	main@i_46^0,w,c
   632   00082A  0EFD               	movlw	253
   633   00082C  581C               	subwfb	(main@i_46+1)^0,w,c
   634   00082E  A0D8               	btfss	status,0,c
   635   000830  EF1C  F004         	goto	u141
   636   000834  EF1E  F004         	goto	u140
   637   000838                     u141:
   638   000838  EF20  F004         	goto	l890
   639   00083C                     u140:
   640   00083C  EF24  F004         	goto	l894
   641   000840                     l890:
   642   000840  4A1B               	infsnz	main@i_46^0,f,c
   643   000842  2A1C               	incf	(main@i_46+1)^0,f,c
   644   000844  EF13  F004         	goto	l886
   645   000848                     l894:
   646                           
   647                           ;ledblinkingoneafterone.c: 52:         PORTC=0X00;
   648   000848  0E00               	movlw	0
   649   00084A  6E82               	movwf	130,c	;volatile
   650                           
   651                           ;ledblinkingoneafterone.c: 53:         for(unsigned int i=0;i<=65000;i++);
   652   00084C  0E00               	movlw	0
   653   00084E  6E1E               	movwf	(main@i_47+1)^0,c
   654   000850  0E00               	movlw	0
   655   000852  6E1D               	movwf	main@i_47^0,c
   656   000854                     l896:
   657   000854  0EE9               	movlw	233
   658   000856  5C1D               	subwf	main@i_47^0,w,c
   659   000858  0EFD               	movlw	253
   660   00085A  581E               	subwfb	(main@i_47+1)^0,w,c
   661   00085C  A0D8               	btfss	status,0,c
   662   00085E  EF33  F004         	goto	u151
   663   000862  EF35  F004         	goto	u150
   664   000866                     u151:
   665   000866  EF37  F004         	goto	l900
   666   00086A                     u150:
   667   00086A  EF3B  F004         	goto	l904
   668   00086E                     l900:
   669   00086E  4A1D               	infsnz	main@i_47^0,f,c
   670   000870  2A1E               	incf	(main@i_47+1)^0,f,c
   671   000872  EF2A  F004         	goto	l896
   672   000876                     l904:
   673                           
   674                           ;ledblinkingoneafterone.c: 54:          PORTD=0X01;
   675   000876  0E01               	movlw	1
   676   000878  6E83               	movwf	131,c	;volatile
   677                           
   678                           ;ledblinkingoneafterone.c: 55:             for(unsigned int i=0;i<=65000;i++);
   679   00087A  0E00               	movlw	0
   680   00087C  6E20               	movwf	(main@i_48+1)^0,c
   681   00087E  0E00               	movlw	0
   682   000880  6E1F               	movwf	main@i_48^0,c
   683   000882                     l906:
   684   000882  0EE9               	movlw	233
   685   000884  5C1F               	subwf	main@i_48^0,w,c
   686   000886  0EFD               	movlw	253
   687   000888  5820               	subwfb	(main@i_48+1)^0,w,c
   688   00088A  A0D8               	btfss	status,0,c
   689   00088C  EF4A  F004         	goto	u161
   690   000890  EF4C  F004         	goto	u160
   691   000894                     u161:
   692   000894  EF4E  F004         	goto	l910
   693   000898                     u160:
   694   000898  EF52  F004         	goto	l914
   695   00089C                     l910:
   696   00089C  4A1F               	infsnz	main@i_48^0,f,c
   697   00089E  2A20               	incf	(main@i_48+1)^0,f,c
   698   0008A0  EF41  F004         	goto	l906
   699   0008A4                     l914:
   700                           
   701                           ;ledblinkingoneafterone.c: 56:         PORTD=0X00;
   702   0008A4  0E00               	movlw	0
   703   0008A6  6E83               	movwf	131,c	;volatile
   704                           
   705                           ;ledblinkingoneafterone.c: 57:         for(unsigned int i=0;i<=65000;i++);
   706   0008A8  0E00               	movlw	0
   707   0008AA  6E22               	movwf	(main@i_49+1)^0,c
   708   0008AC  0E00               	movlw	0
   709   0008AE  6E21               	movwf	main@i_49^0,c
   710   0008B0                     l916:
   711   0008B0  0EE9               	movlw	233
   712   0008B2  5C21               	subwf	main@i_49^0,w,c
   713   0008B4  0EFD               	movlw	253
   714   0008B6  5822               	subwfb	(main@i_49+1)^0,w,c
   715   0008B8  A0D8               	btfss	status,0,c
   716   0008BA  EF61  F004         	goto	u171
   717   0008BE  EF63  F004         	goto	u170
   718   0008C2                     u171:
   719   0008C2  EF65  F004         	goto	l920
   720   0008C6                     u170:
   721   0008C6  EF69  F004         	goto	l924
   722   0008CA                     l920:
   723   0008CA  4A21               	infsnz	main@i_49^0,f,c
   724   0008CC  2A22               	incf	(main@i_49+1)^0,f,c
   725   0008CE  EF58  F004         	goto	l916
   726   0008D2                     l924:
   727                           
   728                           ;ledblinkingoneafterone.c: 58:         PORTD=0X03;
   729   0008D2  0E03               	movlw	3
   730   0008D4  6E83               	movwf	131,c	;volatile
   731                           
   732                           ;ledblinkingoneafterone.c: 59:         for(unsigned int i=0;i<=65000;i++);
   733   0008D6  0E00               	movlw	0
   734   0008D8  6E24               	movwf	(main@i_50+1)^0,c
   735   0008DA  0E00               	movlw	0
   736   0008DC  6E23               	movwf	main@i_50^0,c
   737   0008DE                     l926:
   738   0008DE  0EE9               	movlw	233
   739   0008E0  5C23               	subwf	main@i_50^0,w,c
   740   0008E2  0EFD               	movlw	253
   741   0008E4  5824               	subwfb	(main@i_50+1)^0,w,c
   742   0008E6  A0D8               	btfss	status,0,c
   743   0008E8  EF78  F004         	goto	u181
   744   0008EC  EF7A  F004         	goto	u180
   745   0008F0                     u181:
   746   0008F0  EF7C  F004         	goto	l930
   747   0008F4                     u180:
   748   0008F4  EF80  F004         	goto	l934
   749   0008F8                     l930:
   750   0008F8  4A23               	infsnz	main@i_50^0,f,c
   751   0008FA  2A24               	incf	(main@i_50+1)^0,f,c
   752   0008FC  EF6F  F004         	goto	l926
   753   000900                     l934:
   754                           
   755                           ;ledblinkingoneafterone.c: 60:         PORTD=0X00;
   756   000900  0E00               	movlw	0
   757   000902  6E83               	movwf	131,c	;volatile
   758                           
   759                           ;ledblinkingoneafterone.c: 61:         for(unsigned int i=0;i<=65000;i++);
   760   000904  0E00               	movlw	0
   761   000906  6E26               	movwf	(main@i_51+1)^0,c
   762   000908  0E00               	movlw	0
   763   00090A  6E25               	movwf	main@i_51^0,c
   764   00090C                     l936:
   765   00090C  0EE9               	movlw	233
   766   00090E  5C25               	subwf	main@i_51^0,w,c
   767   000910  0EFD               	movlw	253
   768   000912  5826               	subwfb	(main@i_51+1)^0,w,c
   769   000914  A0D8               	btfss	status,0,c
   770   000916  EF8F  F004         	goto	u191
   771   00091A  EF91  F004         	goto	u190
   772   00091E                     u191:
   773   00091E  EF93  F004         	goto	l940
   774   000922                     u190:
   775   000922  EF97  F004         	goto	l944
   776   000926                     l940:
   777   000926  4A25               	infsnz	main@i_51^0,f,c
   778   000928  2A26               	incf	(main@i_51+1)^0,f,c
   779   00092A  EF86  F004         	goto	l936
   780   00092E                     l944:
   781                           
   782                           ;ledblinkingoneafterone.c: 62:         PORTD=0X07;
   783   00092E  0E07               	movlw	7
   784   000930  6E83               	movwf	131,c	;volatile
   785                           
   786                           ;ledblinkingoneafterone.c: 63:         for(unsigned int i=0;i<=65000;i++);
   787   000932  0E00               	movlw	0
   788   000934  6E28               	movwf	(main@i_52+1)^0,c
   789   000936  0E00               	movlw	0
   790   000938  6E27               	movwf	main@i_52^0,c
   791   00093A                     l946:
   792   00093A  0EE9               	movlw	233
   793   00093C  5C27               	subwf	main@i_52^0,w,c
   794   00093E  0EFD               	movlw	253
   795   000940  5828               	subwfb	(main@i_52+1)^0,w,c
   796   000942  A0D8               	btfss	status,0,c
   797   000944  EFA6  F004         	goto	u201
   798   000948  EFA8  F004         	goto	u200
   799   00094C                     u201:
   800   00094C  EFAA  F004         	goto	l950
   801   000950                     u200:
   802   000950  EFAE  F004         	goto	l954
   803   000954                     l950:
   804   000954  4A27               	infsnz	main@i_52^0,f,c
   805   000956  2A28               	incf	(main@i_52+1)^0,f,c
   806   000958  EF9D  F004         	goto	l946
   807   00095C                     l954:
   808                           
   809                           ;ledblinkingoneafterone.c: 64:         PORTD=0X00;
   810   00095C  0E00               	movlw	0
   811   00095E  6E83               	movwf	131,c	;volatile
   812                           
   813                           ;ledblinkingoneafterone.c: 65:         for(unsigned int i=0;i<=65000;i++);
   814   000960  0E00               	movlw	0
   815   000962  6E2A               	movwf	(main@i_53+1)^0,c
   816   000964  0E00               	movlw	0
   817   000966  6E29               	movwf	main@i_53^0,c
   818   000968                     l956:
   819   000968  0EE9               	movlw	233
   820   00096A  5C29               	subwf	main@i_53^0,w,c
   821   00096C  0EFD               	movlw	253
   822   00096E  582A               	subwfb	(main@i_53+1)^0,w,c
   823   000970  A0D8               	btfss	status,0,c
   824   000972  EFBD  F004         	goto	u211
   825   000976  EFBF  F004         	goto	u210
   826   00097A                     u211:
   827   00097A  EFC1  F004         	goto	l960
   828   00097E                     u210:
   829   00097E  EFC5  F004         	goto	l964
   830   000982                     l960:
   831   000982  4A29               	infsnz	main@i_53^0,f,c
   832   000984  2A2A               	incf	(main@i_53+1)^0,f,c
   833   000986  EFB4  F004         	goto	l956
   834   00098A                     l964:
   835                           
   836                           ;ledblinkingoneafterone.c: 66:         PORTD=0X0F;
   837   00098A  0E0F               	movlw	15
   838   00098C  6E83               	movwf	131,c	;volatile
   839                           
   840                           ;ledblinkingoneafterone.c: 67:         for(unsigned int i=0;i<=65000;i++);
   841   00098E  0E00               	movlw	0
   842   000990  6E2C               	movwf	(main@i_54+1)^0,c
   843   000992  0E00               	movlw	0
   844   000994  6E2B               	movwf	main@i_54^0,c
   845   000996                     l966:
   846   000996  0EE9               	movlw	233
   847   000998  5C2B               	subwf	main@i_54^0,w,c
   848   00099A  0EFD               	movlw	253
   849   00099C  582C               	subwfb	(main@i_54+1)^0,w,c
   850   00099E  A0D8               	btfss	status,0,c
   851   0009A0  EFD4  F004         	goto	u221
   852   0009A4  EFD6  F004         	goto	u220
   853   0009A8                     u221:
   854   0009A8  EFD8  F004         	goto	l970
   855   0009AC                     u220:
   856   0009AC  EFDC  F004         	goto	l974
   857   0009B0                     l970:
   858   0009B0  4A2B               	infsnz	main@i_54^0,f,c
   859   0009B2  2A2C               	incf	(main@i_54+1)^0,f,c
   860   0009B4  EFCB  F004         	goto	l966
   861   0009B8                     l974:
   862                           
   863                           ;ledblinkingoneafterone.c: 68:         PORTD=0X00;
   864   0009B8  0E00               	movlw	0
   865   0009BA  6E83               	movwf	131,c	;volatile
   866                           
   867                           ;ledblinkingoneafterone.c: 69:         for(unsigned int i=0;i<=65000;i++);
   868   0009BC  0E00               	movlw	0
   869   0009BE  6E2E               	movwf	(main@i_55+1)^0,c
   870   0009C0  0E00               	movlw	0
   871   0009C2  6E2D               	movwf	main@i_55^0,c
   872   0009C4                     l976:
   873   0009C4  0EE9               	movlw	233
   874   0009C6  5C2D               	subwf	main@i_55^0,w,c
   875   0009C8  0EFD               	movlw	253
   876   0009CA  582E               	subwfb	(main@i_55+1)^0,w,c
   877   0009CC  A0D8               	btfss	status,0,c
   878   0009CE  EFEB  F004         	goto	u231
   879   0009D2  EFED  F004         	goto	u230
   880   0009D6                     u231:
   881   0009D6  EFEF  F004         	goto	l980
   882   0009DA                     u230:
   883   0009DA  EFF3  F004         	goto	l984
   884   0009DE                     l980:
   885   0009DE  4A2D               	infsnz	main@i_55^0,f,c
   886   0009E0  2A2E               	incf	(main@i_55+1)^0,f,c
   887   0009E2  EFE2  F004         	goto	l976
   888   0009E6                     l984:
   889                           
   890                           ;ledblinkingoneafterone.c: 70:         PORTD=0X1F;
   891   0009E6  0E1F               	movlw	31
   892   0009E8  6E83               	movwf	131,c	;volatile
   893                           
   894                           ;ledblinkingoneafterone.c: 71:         for(unsigned int i=0;i<=65000;i++);
   895   0009EA  0E00               	movlw	0
   896   0009EC  6E30               	movwf	(main@i_56+1)^0,c
   897   0009EE  0E00               	movlw	0
   898   0009F0  6E2F               	movwf	main@i_56^0,c
   899   0009F2                     l986:
   900   0009F2  0EE9               	movlw	233
   901   0009F4  5C2F               	subwf	main@i_56^0,w,c
   902   0009F6  0EFD               	movlw	253
   903   0009F8  5830               	subwfb	(main@i_56+1)^0,w,c
   904   0009FA  A0D8               	btfss	status,0,c
   905   0009FC  EF02  F005         	goto	u241
   906   000A00  EF04  F005         	goto	u240
   907   000A04                     u241:
   908   000A04  EF06  F005         	goto	l990
   909   000A08                     u240:
   910   000A08  EF0A  F005         	goto	l994
   911   000A0C                     l990:
   912   000A0C  4A2F               	infsnz	main@i_56^0,f,c
   913   000A0E  2A30               	incf	(main@i_56+1)^0,f,c
   914   000A10  EFF9  F004         	goto	l986
   915   000A14                     l994:
   916                           
   917                           ;ledblinkingoneafterone.c: 72:         PORTD=0X00;
   918   000A14  0E00               	movlw	0
   919   000A16  6E83               	movwf	131,c	;volatile
   920                           
   921                           ;ledblinkingoneafterone.c: 73:         for(unsigned int i=0;i<=65000;i++);
   922   000A18  0E00               	movlw	0
   923   000A1A  6E32               	movwf	(main@i_57+1)^0,c
   924   000A1C  0E00               	movlw	0
   925   000A1E  6E31               	movwf	main@i_57^0,c
   926   000A20                     l996:
   927   000A20  0EE9               	movlw	233
   928   000A22  5C31               	subwf	main@i_57^0,w,c
   929   000A24  0EFD               	movlw	253
   930   000A26  5832               	subwfb	(main@i_57+1)^0,w,c
   931   000A28  A0D8               	btfss	status,0,c
   932   000A2A  EF19  F005         	goto	u251
   933   000A2E  EF1B  F005         	goto	u250
   934   000A32                     u251:
   935   000A32  EF1D  F005         	goto	l1000
   936   000A36                     u250:
   937   000A36  EF21  F005         	goto	l1004
   938   000A3A                     l1000:
   939   000A3A  4A31               	infsnz	main@i_57^0,f,c
   940   000A3C  2A32               	incf	(main@i_57+1)^0,f,c
   941   000A3E  EF10  F005         	goto	l996
   942   000A42                     l1004:
   943                           
   944                           ;ledblinkingoneafterone.c: 74:         PORTD=0X3F;
   945   000A42  0E3F               	movlw	63
   946   000A44  6E83               	movwf	131,c	;volatile
   947                           
   948                           ;ledblinkingoneafterone.c: 75:         for(unsigned int i=0;i<=65000;i++);
   949   000A46  0E00               	movlw	0
   950   000A48  6E34               	movwf	(main@i_58+1)^0,c
   951   000A4A  0E00               	movlw	0
   952   000A4C  6E33               	movwf	main@i_58^0,c
   953   000A4E                     l1006:
   954   000A4E  0EE9               	movlw	233
   955   000A50  5C33               	subwf	main@i_58^0,w,c
   956   000A52  0EFD               	movlw	253
   957   000A54  5834               	subwfb	(main@i_58+1)^0,w,c
   958   000A56  A0D8               	btfss	status,0,c
   959   000A58  EF30  F005         	goto	u261
   960   000A5C  EF32  F005         	goto	u260
   961   000A60                     u261:
   962   000A60  EF34  F005         	goto	l1010
   963   000A64                     u260:
   964   000A64  EF38  F005         	goto	l1014
   965   000A68                     l1010:
   966   000A68  4A33               	infsnz	main@i_58^0,f,c
   967   000A6A  2A34               	incf	(main@i_58+1)^0,f,c
   968   000A6C  EF27  F005         	goto	l1006
   969   000A70                     l1014:
   970                           
   971                           ;ledblinkingoneafterone.c: 76:         PORTD=0X00;
   972   000A70  0E00               	movlw	0
   973   000A72  6E83               	movwf	131,c	;volatile
   974                           
   975                           ;ledblinkingoneafterone.c: 77:         for(unsigned int i=0;i<=65000;i++);
   976   000A74  0E00               	movlw	0
   977   000A76  6E36               	movwf	(main@i_59+1)^0,c
   978   000A78  0E00               	movlw	0
   979   000A7A  6E35               	movwf	main@i_59^0,c
   980   000A7C                     l1016:
   981   000A7C  0EE9               	movlw	233
   982   000A7E  5C35               	subwf	main@i_59^0,w,c
   983   000A80  0EFD               	movlw	253
   984   000A82  5836               	subwfb	(main@i_59+1)^0,w,c
   985   000A84  A0D8               	btfss	status,0,c
   986   000A86  EF47  F005         	goto	u271
   987   000A8A  EF49  F005         	goto	u270
   988   000A8E                     u271:
   989   000A8E  EF4B  F005         	goto	l1020
   990   000A92                     u270:
   991   000A92  EF4F  F005         	goto	l1024
   992   000A96                     l1020:
   993   000A96  4A35               	infsnz	main@i_59^0,f,c
   994   000A98  2A36               	incf	(main@i_59+1)^0,f,c
   995   000A9A  EF3E  F005         	goto	l1016
   996   000A9E                     l1024:
   997                           
   998                           ;ledblinkingoneafterone.c: 78:         PORTD=0X7F;
   999   000A9E  0E7F               	movlw	127
  1000   000AA0  6E83               	movwf	131,c	;volatile
  1001                           
  1002                           ;ledblinkingoneafterone.c: 79:         for(unsigned int i=0;i<=65000;i++);
  1003   000AA2  0E00               	movlw	0
  1004   000AA4  6E38               	movwf	(main@i_60+1)^0,c
  1005   000AA6  0E00               	movlw	0
  1006   000AA8  6E37               	movwf	main@i_60^0,c
  1007   000AAA                     l1026:
  1008   000AAA  0EE9               	movlw	233
  1009   000AAC  5C37               	subwf	main@i_60^0,w,c
  1010   000AAE  0EFD               	movlw	253
  1011   000AB0  5838               	subwfb	(main@i_60+1)^0,w,c
  1012   000AB2  A0D8               	btfss	status,0,c
  1013   000AB4  EF5E  F005         	goto	u281
  1014   000AB8  EF60  F005         	goto	u280
  1015   000ABC                     u281:
  1016   000ABC  EF62  F005         	goto	l1030
  1017   000AC0                     u280:
  1018   000AC0  EF66  F005         	goto	l1034
  1019   000AC4                     l1030:
  1020   000AC4  4A37               	infsnz	main@i_60^0,f,c
  1021   000AC6  2A38               	incf	(main@i_60+1)^0,f,c
  1022   000AC8  EF55  F005         	goto	l1026
  1023   000ACC                     l1034:
  1024                           
  1025                           ;ledblinkingoneafterone.c: 80:         PORTD=0X00;
  1026   000ACC  0E00               	movlw	0
  1027   000ACE  6E83               	movwf	131,c	;volatile
  1028                           
  1029                           ;ledblinkingoneafterone.c: 81:         for(unsigned int i=0;i<=65000;i++);
  1030   000AD0  0E00               	movlw	0
  1031   000AD2  6E3A               	movwf	(main@i_61+1)^0,c
  1032   000AD4  0E00               	movlw	0
  1033   000AD6  6E39               	movwf	main@i_61^0,c
  1034   000AD8                     l1036:
  1035   000AD8  0EE9               	movlw	233
  1036   000ADA  5C39               	subwf	main@i_61^0,w,c
  1037   000ADC  0EFD               	movlw	253
  1038   000ADE  583A               	subwfb	(main@i_61+1)^0,w,c
  1039   000AE0  A0D8               	btfss	status,0,c
  1040   000AE2  EF75  F005         	goto	u291
  1041   000AE6  EF77  F005         	goto	u290
  1042   000AEA                     u291:
  1043   000AEA  EF79  F005         	goto	l1040
  1044   000AEE                     u290:
  1045   000AEE  EF7D  F005         	goto	l71
  1046   000AF2                     l1040:
  1047   000AF2  4A39               	infsnz	main@i_61^0,f,c
  1048   000AF4  2A3A               	incf	(main@i_61+1)^0,f,c
  1049   000AF6  EF6C  F005         	goto	l1036
  1050   000AFA                     l71:
  1051                           
  1052                           ;ledblinkingoneafterone.c: 82:         PORTD=0XFF;
  1053   000AFA  6883               	setf	131,c	;volatile
  1054   000AFC                     
  1055                           ;ledblinkingoneafterone.c: 83:         for(unsigned int i=0;i<=65000;i++);
  1056   000AFC  0E00               	movlw	0
  1057   000AFE  6E3C               	movwf	(main@i_62+1)^0,c
  1058   000B00  0E00               	movlw	0
  1059   000B02  6E3B               	movwf	main@i_62^0,c
  1060   000B04                     l1046:
  1061   000B04  0EE9               	movlw	233
  1062   000B06  5C3B               	subwf	main@i_62^0,w,c
  1063   000B08  0EFD               	movlw	253
  1064   000B0A  583C               	subwfb	(main@i_62+1)^0,w,c
  1065   000B0C  A0D8               	btfss	status,0,c
  1066   000B0E  EF8B  F005         	goto	u301
  1067   000B12  EF8D  F005         	goto	u300
  1068   000B16                     u301:
  1069   000B16  EF8F  F005         	goto	l1050
  1070   000B1A                     u300:
  1071   000B1A  EF93  F005         	goto	l1054
  1072   000B1E                     l1050:
  1073   000B1E  4A3B               	infsnz	main@i_62^0,f,c
  1074   000B20  2A3C               	incf	(main@i_62+1)^0,f,c
  1075   000B22  EF82  F005         	goto	l1046
  1076   000B26                     l1054:
  1077                           
  1078                           ;ledblinkingoneafterone.c: 84:         PORTD=0X00;
  1079   000B26  0E00               	movlw	0
  1080   000B28  6E83               	movwf	131,c	;volatile
  1081                           
  1082                           ;ledblinkingoneafterone.c: 85:         for(unsigned int i=0;i<=65000;i++);
  1083   000B2A  0E00               	movlw	0
  1084   000B2C  6E3E               	movwf	(main@i_63+1)^0,c
  1085   000B2E  0E00               	movlw	0
  1086   000B30  6E3D               	movwf	main@i_63^0,c
  1087   000B32                     l1056:
  1088   000B32  0EE9               	movlw	233
  1089   000B34  5C3D               	subwf	main@i_63^0,w,c
  1090   000B36  0EFD               	movlw	253
  1091   000B38  583E               	subwfb	(main@i_63+1)^0,w,c
  1092   000B3A  A0D8               	btfss	status,0,c
  1093   000B3C  EFA2  F005         	goto	u311
  1094   000B40  EFA4  F005         	goto	u310
  1095   000B44                     u311:
  1096   000B44  EFA6  F005         	goto	l1060
  1097   000B48                     u310:
  1098   000B48  EF05  F003         	goto	l13
  1099   000B4C                     l1060:
  1100   000B4C  4A3D               	infsnz	main@i_63^0,f,c
  1101   000B4E  2A3E               	incf	(main@i_63+1)^0,f,c
  1102   000B50  EF99  F005         	goto	l1056
  1103   000B54  EF00  F000         	goto	start
  1104   000B58                     __end_of_main:
  1105                           	callstack 0
  1106                           
  1107                           	psect	smallconst
  1108   000600                     __psmallconst:
  1109                           	callstack 0
  1110   000600  00                 	db	0
  1111   000601  00                 	db	0	; dummy byte at the end
  1112   000000                     
  1113                           	psect	rparam
  1114   000000                     tosu	equ	0xFFF
  1115                           tosh	equ	0xFFE
  1116                           tosl	equ	0xFFD
  1117                           stkptr	equ	0xFFC
  1118                           pclatu	equ	0xFFB
  1119                           pclath	equ	0xFFA
  1120                           pcl	equ	0xFF9
  1121                           tblptru	equ	0xFF8
  1122                           tblptrh	equ	0xFF7
  1123                           tblptrl	equ	0xFF6
  1124                           tablat	equ	0xFF5
  1125                           prodh	equ	0xFF4
  1126                           prodl	equ	0xFF3
  1127                           indf0	equ	0xFEF
  1128                           postinc0	equ	0xFEE
  1129                           postdec0	equ	0xFED
  1130                           preinc0	equ	0xFEC
  1131                           plusw0	equ	0xFEB
  1132                           fsr0h	equ	0xFEA
  1133                           fsr0l	equ	0xFE9
  1134                           wreg	equ	0xFE8
  1135                           indf1	equ	0xFE7
  1136                           postinc1	equ	0xFE6
  1137                           postdec1	equ	0xFE5
  1138                           preinc1	equ	0xFE4
  1139                           plusw1	equ	0xFE3
  1140                           fsr1h	equ	0xFE2
  1141                           fsr1l	equ	0xFE1
  1142                           bsr	equ	0xFE0
  1143                           indf2	equ	0xFDF
  1144                           postinc2	equ	0xFDE
  1145                           postdec2	equ	0xFDD
  1146                           preinc2	equ	0xFDC
  1147                           plusw2	equ	0xFDB
  1148                           fsr2h	equ	0xFDA
  1149                           fsr2l	equ	0xFD9
  1150                           status	equ	0xFD8

Data Sizes:
    Strings     0
    Constant    0
    Data        0
    BSS         0
    Persistent  0
    Stack       0

Auto Spaces:
    Space          Size  Autos    Used
    COMRAM           95     62      62
    BANK0           160      0       0
    BANK1           256      0       0
    BANK2           256      0       0
    BANK3           256      0       0
    BANK4           256      0       0
    BANK5           256      0       0

Pointer List with Targets:

    None.

Critical Paths under _main in COMRAM

    None.

Critical Paths under _main in BANK0

    None.

Critical Paths under _main in BANK1

    None.

Critical Paths under _main in BANK2

    None.

Critical Paths under _main in BANK3

    None.

Critical Paths under _main in BANK4

    None.

Critical Paths under _main in BANK5

    None.

Call Graph Tables:

 ---------------------------------------------------------------------------------
 (Depth) Function   	        Calls       Base Space   Used Autos Params    Refs
 ---------------------------------------------------------------------------------
 (0) _main                                                62    62      0     930
                                              0 COMRAM    62    62      0
 ---------------------------------------------------------------------------------
 Estimated maximum stack depth 0
 ---------------------------------------------------------------------------------

 Call Graph Graphs:

 _main (ROOT)

 Address spaces:
Name               Size   Autos  Total    Cost      Usage
BITCOMRAM           5F      0       0       0        0.0%
EEDATA             100      0       0       0        0.0%
NULL                 0      0       0       0        0.0%
CODE                 0      0       0       0        0.0%
COMRAM              5F     3E      3E       1       65.3%
STACK                0      0       0       2        0.0%
DATA                 0      0       0       3        0.0%
BITBANK0            A0      0       0       4        0.0%
BANK0               A0      0       0       5        0.0%
BITBANK1           100      0       0       6        0.0%
BANK1              100      0       0       7        0.0%
BITBANK2           100      0       0       8        0.0%
BANK2              100      0       0       9        0.0%
BITBANK3           100      0       0      10        0.0%
BANK3              100      0       0      11        0.0%
BITBANK4           100      0       0      12        0.0%
BANK4              100      0       0      13        0.0%
BITBANK5           100      0       0      14        0.0%
BANK5              100      0       0      15        0.0%
BITBIGSFRh          6A      0       0      16        0.0%
BITBIGSFRlh         10      0       0      17        0.0%
BITBIGSFRll        282      0       0      18        0.0%
ABS                  0      0       0      19        0.0%
BIGRAM             5FF      0       0      20        0.0%
BIGSFR               0      0       0     200        0.0%
BITSFR_3             0      0       0     200        0.0%
SFR_3                0      0       0     200        0.0%
BITSFR_2             0      0       0     200        0.0%
SFR_2                0      0       0     200        0.0%
BITSFR_1             0      0       0     200        0.0%
SFR_1                0      0       0     200        0.0%
BITSFR               0      0       0     200        0.0%
SFR                  0      0       0     200        0.0%


Microchip Technology PIC18 Macro Assembler V2.46 build 20240104201356 
Symbol Table                                                                                   Tue Jul 30 08:58:54 2024

                     l13 060A                       l71 0AFA                       l39 081C  
                     u10 0630                       u11 062C                       u20 065A  
                     u21 0656                       u30 0680                       u31 067C  
                     u40 06A6                       u41 06A2                       u50 06CC  
                     u51 06C8                       u60 06F2                       u61 06EE  
                     u70 0718                       u71 0714                       u80 073E  
                     u81 073A                       u90 0764                       u91 0760  
                    l800 06B2                      l810 06D8                      l802 06B6  
                    l900 086E                      l820 06FE                      l812 06DC  
                    l804 06CC                      l910 089C                      l830 0724  
                    l822 0702                      l814 06F2                      l920 08CA  
                    l904 0876                      l840 074A                      l832 0728  
                    l824 0718                      l760 0616                      l930 08F8  
                    l914 08A4                      l906 0882                      l850 078A  
                    l842 074E                      l834 073E                      l770 0640  
                    l762 061A                      l754 0602                      l940 0926  
                    l924 08D2                      l916 08B0                      l860 07B8  
                    l844 0764                      l780 0666                      l772 0644  
                    l764 0630                      l950 0954                      l934 0900  
                    l926 08DE                      l870 07E6                      l854 0792  
                    l846 0770                      l790 068C                      l782 066A  
                    l774 065A                      l960 0982                      l944 092E  
                    l936 090C                      l880 0814                      l864 07C0  
                    l856 079E                      l792 0690                      l784 0680  
                    l970 09B0                      l954 095C                      l946 093A  
                    l890 0840                      l874 07EE                      l866 07CC  
                    l794 06A6                      l980 09DE                      l964 098A  
                    l956 0968                      l884 081E                      l876 07FA  
                    l990 0A0C                      l974 09B8                      l966 0996  
                    l894 0848                      l886 0826                      l984 09E6  
                    l976 09C4                      l896 0854                      l994 0A14  
                    l986 09F2                      l996 0A20                      u100 0786  
                    u101 0782                      u110 07B4                      u111 07B0  
                    u200 0950                      u120 07E2                      u201 094C  
                    u121 07DE                      u210 097E                      u130 0810  
                    u211 097A                      u131 080C                      u300 0B1A  
                    u220 09AC                      u140 083C                      u301 0B16  
                    u221 09A8                      u141 0838                      u310 0B48  
                    u230 09DA                      u150 086A                      u311 0B44  
                    u231 09D6                      u151 0866                      u240 0A08  
                    u160 0898                      u241 0A04                      u161 0894  
                    u250 0A36                      u170 08C6                      u251 0A32  
                    u171 08C2                      u260 0A64                      u180 08F4  
                    u261 0A60                      u181 08F0                      u270 0A92  
                    u190 0922                      u271 0A8E                      u191 091E  
                    u280 0AC0                      u281 0ABC                      u290 0AEE  
                    u291 0AEA                     l1000 0A3A                     l1010 0A68  
                   l1020 0A96                     l1004 0A42                     l1030 0AC4  
                   l1014 0A70                     l1006 0A4E                     l1040 0AF2  
                   l1024 0A9E                     l1016 0A7C                     l1050 0B1E  
                   l1034 0ACC                     l1026 0AAA                     l1060 0B4C  
                   l1044 0AFC                     l1036 0AD8                     l1054 0B26  
                   l1046 0B04                     l1056 0B32                     _main 0602  
                   start 0000             ___param_bank 0000                    ?_main 0001  
                  _PORTC 0F82                    _PORTD 0F83                    _TRISC 0F94  
                  _TRISD 0F95                    main@i 0001                    status 0FD8  
        __initialization 0B58             __end_of_main 0B58                   ??_main 0001  
          __activetblptr 0000                   isa$std 0001             __mediumconst 0000  
             __accesstop 0060  __end_of__initialization 0B58            ___rparam_used 0001  
         __pcstackCOMRAM 0001                  __Hparam 0000                  __Lparam 0000  
           __psmallconst 0600                  __pcinit 0B58                  __ramtop 0600  
                __ptext0 0602     end_of_initialization 0B58      start_initialization 0B58  
            __smallconst 0600                 __Hrparam 0000                 __Lrparam 0000  
               isa$xinst 0000                 main@i_40 000F                 main@i_41 0011  
               main@i_50 0023                 main@i_42 0013                 main@i_34 0003  
               main@i_51 0025                 main@i_43 0015                 main@i_35 0005  
               main@i_60 0037                 main@i_52 0027                 main@i_44 0017  
               main@i_36 0007                 main@i_61 0039                 main@i_53 0029  
               main@i_45 0019                 main@i_37 0009                 main@i_62 003B  
               main@i_54 002B                 main@i_46 001B                 main@i_38 000B  
               main@i_63 003D                 main@i_55 002D                 main@i_47 001D  
               main@i_39 000D                 main@i_56 002F                 main@i_48 001F  
               main@i_57 0031                 main@i_49 0021                 main@i_58 0033  
               main@i_59 0035  
