

Microchip MPLAB XC8 Assembler V2.46 build 20240104201356 
                                                                                               Mon Aug 05 09:46:28 2024

Microchip MPLAB XC8 C Compiler v2.46 (Free license) build 20240104201356 Og1 
     1                           	processor	18F4580
     2                           	fnconf	rparam,??,?,0
     3                           	pagewidth 120
     4                           	opt	flic
     5                           	psect	cinit,global,reloc=2,class=CODE,delta=1
     6                           	psect	cstackCOMRAM,global,class=COMRAM,space=1,delta=1,lowdata,noexec
     7                           	psect	text0,global,reloc=2,class=CODE,delta=1
     8                           	psect	smallconst,global,reloc=2,class=SMALLCONST,delta=1,noexec
     9                           	psect	intsave_regs,global,class=BIGRAM,space=1,delta=1,noexec
    10                           	psect	rparam,global,class=COMRAM,space=1,delta=1,noexec
    11   000000                     
    12                           ; Generated 17/10/2023 GMT
    13                           ; 
    14                           ; Copyright © 2023, Microchip Technology Inc. and its subsidiaries ("Microchip")
    15                           ; All rights reserved.
    16                           ; 
    17                           ; This software is developed by Microchip Technology Inc. and its subsidiaries ("Microch
      +                          ip").
    18                           ; 
    19                           ; Redistribution and use in source and binary forms, with or without modification, are
    20                           ; permitted provided that the following conditions are met:
    21                           ; 
    22                           ;     1. Redistributions of source code must retain the above copyright notice, this lis
      +                          t of
    23                           ;        conditions and the following disclaimer.
    24                           ; 
    25                           ;     2. Redistributions in binary form must reproduce the above copyright notice, this 
      +                          list
    26                           ;        of conditions and the following disclaimer in the documentation and/or other
    27                           ;        materials provided with the distribution. Publication is not required when
    28                           ;        this file is used in an embedded application.
    29                           ; 
    30                           ;     3. Microchip's name may not be used to endorse or promote products derived from th
      +                          is
    31                           ;        software without specific prior written permission.
    32                           ; 
    33                           ; THIS SOFTWARE IS PROVIDED BY MICROCHIP "AS IS" AND ANY EXPRESS OR IMPLIED WARRANTIES,
    34                           ; INCLUDING, BUT NOT LIMITED TO, THE IMPLIED WARRANTIES OF MERCHANTABILITY AND FITNESS F
      +                          OR
    35                           ; PURPOSE ARE DISCLAIMED.  IN NO EVENT SHALL MICROCHIP BE LIABLE FOR ANY DIRECT, INDIREC
      +                          T,
    36                           ; INCIDENTAL, SPECIAL, EXEMPLARY, OR CONSEQUENTIAL DAMAGES (INCLUDING BUT NOT LIMITED TO
    37                           ; PROCUREMENT OF SUBSTITUTE GOODS OR SERVICES; LOSS OF USE, DATA OR PROFITS; OR BUSINESS
    38                           ; INTERRUPTION) HOWSOEVER CAUSED AND ON ANY THEORY OF LIABILITY, WHETHER IN CONTRACT, ST
      +                          RICT
    39                           ; LIABILITY, OR TORT (INCLUDING NEGLIGENCE OR OTHERWISE) ARISING IN ANY WAY OUT OF THE U
      +                          SE OF
    40                           ; THIS SOFTWARE, EVEN IF ADVISED OF THE POSSIBILITY OF SUCH DAMAGE.
    41                           ; 
    42                           ; 
    43                           ; Code-generator required, PIC18F4580 Definitions
    44                           ; 
    45                           ; SFR Addresses
    46   000000                     _TRISC	set	3988
    47   000000                     _RC0	set	31760
    48   000000                     _TRISD	set	3989
    49   000000                     _PORTD	set	3971
    50                           
    51                           ; #config settings
    52                           
    53                           	psect	cinit
    54   000628                     __pcinit:
    55                           	callstack 0
    56   000628                     start_initialization:
    57                           	callstack 0
    58   000628                     __initialization:
    59                           	callstack 0
    60   000628                     end_of_initialization:
    61                           	callstack 0
    62   000628                     __end_of__initialization:
    63                           	callstack 0
    64   000628  0100               	movlb	0
    65   00062A  EF01  F003         	goto	_main	;jump to C main() function
    66                           
    67                           	psect	cstackCOMRAM
    68   000000                     __pcstackCOMRAM:
    69                           	callstack 0
    70   000000                     
    71                           ; 1 bytes @ 0x0
    72 ;;
    73 ;;Main: autosize = 0, tempsize = 0, incstack = 0, save=0
    74 ;;
    75 ;; *************** function _main *****************
    76 ;; Defined at:
    77 ;;		line 11 in file "pushbutton.c"
    78 ;; Parameters:    Size  Location     Type
    79 ;;		None
    80 ;; Auto vars:     Size  Location     Type
    81 ;;		None
    82 ;; Return value:  Size  Location     Type
    83 ;;                  1    wreg      void 
    84 ;; Registers used:
    85 ;;		wreg, status,2
    86 ;; Tracked objects:
    87 ;;		On entry : 0/0
    88 ;;		On exit  : 0/0
    89 ;;		Unchanged: 0/0
    90 ;; Data sizes:     COMRAM   BANK0   BANK1   BANK2   BANK3   BANK4   BANK5
    91 ;;      Params:         0       0       0       0       0       0       0
    92 ;;      Locals:         0       0       0       0       0       0       0
    93 ;;      Temps:          0       0       0       0       0       0       0
    94 ;;      Totals:         0       0       0       0       0       0       0
    95 ;;Total ram usage:        0 bytes
    96 ;; This function calls:
    97 ;;		Nothing
    98 ;; This function is called by:
    99 ;;		Startup code after reset
   100 ;; This function uses a non-reentrant model
   101 ;;
   102                           
   103                           	psect	text0
   104   000602                     __ptext0:
   105                           	callstack 0
   106   000602                     _main:
   107                           	callstack 31
   108   000602                     
   109                           ;pushbutton.c: 12:     TRISC=0XFF;
   110   000602  6894               	setf	148,c	;volatile
   111   000604                     
   112                           ;pushbutton.c: 13:     TRISD=0X00;
   113   000604  0E00               	movlw	0
   114   000606  6E95               	movwf	149,c	;volatile
   115   000608                     l698:
   116                           
   117                           ;pushbutton.c: 16:     {;pushbutton.c: 17:         if(RC0==1)
   118   000608  A082               	btfss	3970,0,c	;volatile
   119   00060A  EF09  F003         	goto	u11
   120   00060E  EF0B  F003         	goto	u10
   121   000612                     u11:
   122   000612  EF0E  F003         	goto	l702
   123   000616                     u10:
   124   000616                     
   125                           ;pushbutton.c: 18:         {;pushbutton.c: 19:             PORTD=0XFF;
   126   000616  6883               	setf	131,c	;volatile
   127                           
   128                           ;pushbutton.c: 20:         }
   129   000618  EF04  F003         	goto	l698
   130   00061C                     l702:
   131                           
   132                           ;pushbutton.c: 22:         {;pushbutton.c: 23:             PORTD=0X00;
   133   00061C  0E00               	movlw	0
   134   00061E  6E83               	movwf	131,c	;volatile
   135   000620  EF04  F003         	goto	l698
   136   000624  EF00  F000         	goto	start
   137   000628                     __end_of_main:
   138                           	callstack 0
   139                           
   140                           	psect	smallconst
   141   000600                     __psmallconst:
   142                           	callstack 0
   143   000600  00                 	db	0
   144   000601  00                 	db	0	; dummy byte at the end
   145   000000                     
   146                           	psect	rparam
   147   000000                     tosu	equ	0xFFF
   148                           tosh	equ	0xFFE
   149                           tosl	equ	0xFFD
   150                           stkptr	equ	0xFFC
   151                           pclatu	equ	0xFFB
   152                           pclath	equ	0xFFA
   153                           pcl	equ	0xFF9
   154                           tblptru	equ	0xFF8
   155                           tblptrh	equ	0xFF7
   156                           tblptrl	equ	0xFF6
   157                           tablat	equ	0xFF5
   158                           prodh	equ	0xFF4
   159                           prodl	equ	0xFF3
   160                           indf0	equ	0xFEF
   161                           postinc0	equ	0xFEE
   162                           postdec0	equ	0xFED
   163                           preinc0	equ	0xFEC
   164                           plusw0	equ	0xFEB
   165                           fsr0h	equ	0xFEA
   166                           fsr0l	equ	0xFE9
   167                           wreg	equ	0xFE8
   168                           indf1	equ	0xFE7
   169                           postinc1	equ	0xFE6
   170                           postdec1	equ	0xFE5
   171                           preinc1	equ	0xFE4
   172                           plusw1	equ	0xFE3
   173                           fsr1h	equ	0xFE2
   174                           fsr1l	equ	0xFE1
   175                           bsr	equ	0xFE0
   176                           indf2	equ	0xFDF
   177                           postinc2	equ	0xFDE
   178                           postdec2	equ	0xFDD
   179                           preinc2	equ	0xFDC
   180                           plusw2	equ	0xFDB
   181                           fsr2h	equ	0xFDA
   182                           fsr2l	equ	0xFD9
   183                           status	equ	0xFD8

Data Sizes:
    Strings     0
    Constant    0
    Data        0
    BSS         0
    Persistent  0
    Stack       0

Auto Spaces:
    Space          Size  Autos    Used
    COMRAM           95      0       0
    BANK0           160      0       0
    BANK1           256      0       0
    BANK2           256      0       0
    BANK3           256      0       0
    BANK4           256      0       0
    BANK5           256      0       0

Pointer List with Targets:

    None.

Critical Paths under _main in COMRAM

    None.

Critical Paths under _main in BANK0

    None.

Critical Paths under _main in BANK1

    None.

Critical Paths under _main in BANK2

    None.

Critical Paths under _main in BANK3

    None.

Critical Paths under _main in BANK4

    None.

Critical Paths under _main in BANK5

    None.

Call Graph Tables:

 ---------------------------------------------------------------------------------
 (Depth) Function   	        Calls       Base Space   Used Autos Params    Refs
 ---------------------------------------------------------------------------------
 (0) _main                                                 0     0      0       0
 ---------------------------------------------------------------------------------
 Estimated maximum stack depth 0
 ---------------------------------------------------------------------------------

 Call Graph Graphs:

 _main (ROOT)

 Address spaces:
Name               Size   Autos  Total    Cost      Usage
BITCOMRAM           5F      0       0       0        0.0%
EEDATA             100      0       0       0        0.0%
NULL                 0      0       0       0        0.0%
CODE                 0      0       0       0        0.0%
COMRAM              5F      0       0       1        0.0%
STACK                0      0       0       2        0.0%
DATA                 0      0       0       3        0.0%
BITBANK0            A0      0       0       4        0.0%
BANK0               A0      0       0       5        0.0%
BITBANK1           100      0       0       6        0.0%
BANK1              100      0       0       7        0.0%
BITBANK2           100      0       0       8        0.0%
BANK2              100      0       0       9        0.0%
BITBANK3           100      0       0      10        0.0%
BANK3              100      0       0      11        0.0%
BITBANK4           100      0       0      12        0.0%
BANK4              100      0       0      13        0.0%
BITBANK5           100      0       0      14        0.0%
BANK5              100      0       0      15        0.0%
BITBIGSFRh          6A      0       0      16        0.0%
BITBIGSFRlh         10      0       0      17        0.0%
BITBIGSFRll        282      0       0      18        0.0%
ABS                  0      0       0      19        0.0%
BIGRAM             5FF      0       0      20        0.0%
BIGSFR               0      0       0     200        0.0%
BITSFR_3             0      0       0     200        0.0%
SFR_3                0      0       0     200        0.0%
BITSFR_2             0      0       0     200        0.0%
SFR_2                0      0       0     200        0.0%
BITSFR_1             0      0       0     200        0.0%
SFR_1                0      0       0     200        0.0%
BITSFR               0      0       0     200        0.0%
SFR                  0      0       0     200        0.0%


Microchip Technology PIC18 Macro Assembler V2.46 build 20240104201356 
Symbol Table                                                                                   Mon Aug 05 09:46:28 2024

                     u10 0616                       u11 0612                      l700 0616  
                    l702 061C                      l694 0602                      l696 0604  
                    l698 0608                      _RC0 7C10                     _main 0602  
                   start 0000             ___param_bank 0000                    ?_main 0000  
                  _PORTD 0F83                    _TRISC 0F94                    _TRISD 0F95  
        __initialization 0628             __end_of_main 0628                   ??_main 0000  
          __activetblptr 0000                   isa$std 0001             __mediumconst 0000  
             __accesstop 0060  __end_of__initialization 0628            ___rparam_used 0001  
         __pcstackCOMRAM 0000                  __Hparam 0000                  __Lparam 0000  
           __psmallconst 0600                  __pcinit 0628                  __ramtop 0600  
                __ptext0 0602     end_of_initialization 0628      start_initialization 0628  
            __smallconst 0600                 __Hrparam 0000                 __Lrparam 0000  
               isa$xinst 0000  
