

Microchip MPLAB XC8 Assembler V2.46 build 20240104201356 
                                                                                               Mon Jul 29 19:50:50 2024

Microchip MPLAB XC8 C Compiler v2.46 (Free license) build 20240104201356 Og1 
     1                           	processor	18F4580
     2                           	fnconf	rparam,??,?,0
     3                           	pagewidth 120
     4                           	opt	flic
     5                           	psect	cinit,global,reloc=2,class=CODE,delta=1
     6                           	psect	cstackCOMRAM,global,class=COMRAM,space=1,delta=1,lowdata,noexec
     7                           	psect	text0,global,reloc=2,class=CODE,delta=1
     8                           	psect	smallconst,global,reloc=2,class=SMALLCONST,delta=1,noexec
     9                           	psect	intsave_regs,global,class=BIGRAM,space=1,delta=1,noexec
    10                           	psect	rparam,global,class=COMRAM,space=1,delta=1,noexec
    11   000000                     
    12                           ; Generated 17/10/2023 GMT
    13                           ; 
    14                           ; Copyright © 2023, Microchip Technology Inc. and its subsidiaries ("Microchip")
    15                           ; All rights reserved.
    16                           ; 
    17                           ; This software is developed by Microchip Technology Inc. and its subsidiaries ("Microch
      +                          ip").
    18                           ; 
    19                           ; Redistribution and use in source and binary forms, with or without modification, are
    20                           ; permitted provided that the following conditions are met:
    21                           ; 
    22                           ;     1. Redistributions of source code must retain the above copyright notice, this lis
      +                          t of
    23                           ;        conditions and the following disclaimer.
    24                           ; 
    25                           ;     2. Redistributions in binary form must reproduce the above copyright notice, this 
      +                          list
    26                           ;        of conditions and the following disclaimer in the documentation and/or other
    27                           ;        materials provided with the distribution. Publication is not required when
    28                           ;        this file is used in an embedded application.
    29                           ; 
    30                           ;     3. Microchip's name may not be used to endorse or promote products derived from th
      +                          is
    31                           ;        software without specific prior written permission.
    32                           ; 
    33                           ; THIS SOFTWARE IS PROVIDED BY MICROCHIP "AS IS" AND ANY EXPRESS OR IMPLIED WARRANTIES,
    34                           ; INCLUDING, BUT NOT LIMITED TO, THE IMPLIED WARRANTIES OF MERCHANTABILITY AND FITNESS F
      +                          OR
    35                           ; PURPOSE ARE DISCLAIMED.  IN NO EVENT SHALL MICROCHIP BE LIABLE FOR ANY DIRECT, INDIREC
      +                          T,
    36                           ; INCIDENTAL, SPECIAL, EXEMPLARY, OR CONSEQUENTIAL DAMAGES (INCLUDING BUT NOT LIMITED TO
    37                           ; PROCUREMENT OF SUBSTITUTE GOODS OR SERVICES; LOSS OF USE, DATA OR PROFITS; OR BUSINESS
    38                           ; INTERRUPTION) HOWSOEVER CAUSED AND ON ANY THEORY OF LIABILITY, WHETHER IN CONTRACT, ST
      +                          RICT
    39                           ; LIABILITY, OR TORT (INCLUDING NEGLIGENCE OR OTHERWISE) ARISING IN ANY WAY OUT OF THE U
      +                          SE OF
    40                           ; THIS SOFTWARE, EVEN IF ADVISED OF THE POSSIBILITY OF SUCH DAMAGE.
    41                           ; 
    42                           ; 
    43                           ; Code-generator required, PIC18F4580 Definitions
    44                           ; 
    45                           ; SFR Addresses
    46   000000                     _PORTC	set	3970
    47   000000                     _TRISC	set	3988
    48   000000                     _TRISD	set	3989
    49   000000                     _PORTD	set	3971
    50                           
    51                           ; #config settings
    52                           
    53                           	psect	cinit
    54   0006AA                     __pcinit:
    55                           	callstack 0
    56   0006AA                     start_initialization:
    57                           	callstack 0
    58   0006AA                     __initialization:
    59                           	callstack 0
    60   0006AA                     end_of_initialization:
    61                           	callstack 0
    62   0006AA                     __end_of__initialization:
    63                           	callstack 0
    64   0006AA  0100               	movlb	0
    65   0006AC  EF01  F003         	goto	_main	;jump to C main() function
    66                           
    67                           	psect	cstackCOMRAM
    68   000001                     __pcstackCOMRAM:
    69                           	callstack 0
    70   000001                     main@i:
    71                           	callstack 0
    72                           
    73                           ; 2 bytes @ 0x0
    74   000001                     	ds	2
    75   000003                     main@i_36:
    76                           	callstack 0
    77                           
    78                           ; 2 bytes @ 0x2
    79   000003                     	ds	2
    80   000005                     main@j:
    81                           	callstack 0
    82                           
    83                           ; 2 bytes @ 0x4
    84   000005                     	ds	2
    85   000007                     main@j_35:
    86                           	callstack 0
    87                           
    88                           ; 2 bytes @ 0x6
    89   000007                     	ds	2
    90                           
    91 ;;
    92 ;;Main: autosize = 0, tempsize = 0, incstack = 0, save=0
    93 ;;
    94 ;; *************** function _main *****************
    95 ;; Defined at:
    96 ;;		line 11 in file "ledblinkingoneafterone.c"
    97 ;; Parameters:    Size  Location     Type
    98 ;;		None
    99 ;; Auto vars:     Size  Location     Type
   100 ;;  i               2    2[COMRAM] unsigned int 
   101 ;;  i               2    0[COMRAM] unsigned int 
   102 ;;  j               2    6[COMRAM] int 
   103 ;;  j               2    4[COMRAM] int 
   104 ;; Return value:  Size  Location     Type
   105 ;;                  1    wreg      void 
   106 ;; Registers used:
   107 ;;		wreg, status,2, status,0
   108 ;; Tracked objects:
   109 ;;		On entry : 0/0
   110 ;;		On exit  : 0/0
   111 ;;		Unchanged: 0/0
   112 ;; Data sizes:     COMRAM   BANK0   BANK1   BANK2   BANK3   BANK4   BANK5
   113 ;;      Params:         0       0       0       0       0       0       0
   114 ;;      Locals:         8       0       0       0       0       0       0
   115 ;;      Temps:          0       0       0       0       0       0       0
   116 ;;      Totals:         8       0       0       0       0       0       0
   117 ;;Total ram usage:        8 bytes
   118 ;; This function calls:
   119 ;;		Nothing
   120 ;; This function is called by:
   121 ;;		Startup code after reset
   122 ;; This function uses a non-reentrant model
   123 ;;
   124                           
   125                           	psect	text0
   126   000602                     __ptext0:
   127                           	callstack 0
   128   000602                     _main:
   129                           	callstack 31
   130   000602                     
   131                           ;ledblinkingoneafterone.c: 12:     TRISC=0X00;
   132   000602  0E00               	movlw	0
   133   000604  6E94               	movwf	148,c	;volatile
   134                           
   135                           ;ledblinkingoneafterone.c: 13:     TRISD=0X00;
   136   000606  0E00               	movlw	0
   137   000608  6E95               	movwf	149,c	;volatile
   138   00060A                     l13:
   139                           
   140                           ;ledblinkingoneafterone.c: 16:     {;ledblinkingoneafterone.c: 17:         for(int j =0X
      +                          80;j>=0X01;j/2)
   141   00060A  0E00               	movlw	0
   142   00060C  6E06               	movwf	(main@j+1)^0,c
   143   00060E  0E80               	movlw	128
   144   000610  6E05               	movwf	main@j^0,c
   145   000612                     l14:
   146                           
   147                           ;ledblinkingoneafterone.c: 18:         {;ledblinkingoneafterone.c: 19:            PORTC=
      +                          j;
   148   000612  C005  FF82         	movff	main@j,3970	;volatile
   149   000616                     
   150                           ;ledblinkingoneafterone.c: 20: for(unsigned int i=0;i<20000;i++ );
   151   000616  0E00               	movlw	0
   152   000618  6E02               	movwf	(main@i+1)^0,c
   153   00061A  0E00               	movlw	0
   154   00061C  6E01               	movwf	main@i^0,c
   155   00061E                     l712:
   156   00061E  4A01               	infsnz	main@i^0,f,c
   157   000620  2A02               	incf	(main@i+1)^0,f,c
   158   000622  0E20               	movlw	32
   159   000624  5C01               	subwf	main@i^0,w,c
   160   000626  0E4E               	movlw	78
   161   000628  5802               	subwfb	(main@i+1)^0,w,c
   162   00062A  A0D8               	btfss	status,0,c
   163   00062C  EF1A  F003         	goto	u11
   164   000630  EF1C  F003         	goto	u10
   165   000634                     u11:
   166   000634  EF0F  F003         	goto	l712
   167   000638                     u10:
   168   000638  BE06               	btfsc	(main@j+1)^0,7,c
   169   00063A  EF29  F003         	goto	u20
   170   00063E  5006               	movf	(main@j+1)^0,w,c
   171   000640  E106               	bnz	u21
   172   000642  0405               	decf	main@j^0,w,c
   173   000644  B0D8               	btfsc	status,0,c
   174   000646  EF27  F003         	goto	u21
   175   00064A  EF29  F003         	goto	u20
   176   00064E                     u21:
   177   00064E  EF09  F003         	goto	l14
   178   000652                     u20:
   179   000652                     
   180                           ;ledblinkingoneafterone.c: 23:         PORTC=0X00;
   181   000652  0E00               	movlw	0
   182   000654  6E82               	movwf	130,c	;volatile
   183                           
   184                           ;ledblinkingoneafterone.c: 26:      for(int j=0x80;j>=0x01;j/2)
   185   000656  0E00               	movlw	0
   186   000658  6E08               	movwf	(main@j_35+1)^0,c
   187   00065A  0E80               	movlw	128
   188   00065C  6E07               	movwf	main@j_35^0,c
   189   00065E                     l18:
   190                           
   191                           ;ledblinkingoneafterone.c: 27:         {;ledblinkingoneafterone.c: 28:             PORTD
      +                          =j;
   192   00065E  C007  FF83         	movff	main@j_35,3971	;volatile
   193   000662                     
   194                           ;ledblinkingoneafterone.c: 29:             for(unsigned int i=0;i<20000;i++);
   195   000662  0E00               	movlw	0
   196   000664  6E04               	movwf	(main@i_36+1)^0,c
   197   000666  0E00               	movlw	0
   198   000668  6E03               	movwf	main@i_36^0,c
   199   00066A                     l730:
   200   00066A  4A03               	infsnz	main@i_36^0,f,c
   201   00066C  2A04               	incf	(main@i_36+1)^0,f,c
   202   00066E  0E20               	movlw	32
   203   000670  5C03               	subwf	main@i_36^0,w,c
   204   000672  0E4E               	movlw	78
   205   000674  5804               	subwfb	(main@i_36+1)^0,w,c
   206   000676  A0D8               	btfss	status,0,c
   207   000678  EF40  F003         	goto	u31
   208   00067C  EF42  F003         	goto	u30
   209   000680                     u31:
   210   000680  EF35  F003         	goto	l730
   211   000684                     u30:
   212   000684  BE08               	btfsc	(main@j_35+1)^0,7,c
   213   000686  EF4F  F003         	goto	u40
   214   00068A  5008               	movf	(main@j_35+1)^0,w,c
   215   00068C  E106               	bnz	u41
   216   00068E  0407               	decf	main@j_35^0,w,c
   217   000690  B0D8               	btfsc	status,0,c
   218   000692  EF4D  F003         	goto	u41
   219   000696  EF4F  F003         	goto	u40
   220   00069A                     u41:
   221   00069A  EF2F  F003         	goto	l18
   222   00069E                     u40:
   223   00069E                     
   224                           ;ledblinkingoneafterone.c: 31:         PORTD=0X00;
   225   00069E  0E00               	movlw	0
   226   0006A0  6E83               	movwf	131,c	;volatile
   227   0006A2  EF05  F003         	goto	l13
   228   0006A6  EF00  F000         	goto	start
   229   0006AA                     __end_of_main:
   230                           	callstack 0
   231                           
   232                           	psect	smallconst
   233   000600                     __psmallconst:
   234                           	callstack 0
   235   000600  00                 	db	0
   236   000601  00                 	db	0	; dummy byte at the end
   237   000000                     
   238                           	psect	rparam
   239   000000                     tosu	equ	0xFFF
   240                           tosh	equ	0xFFE
   241                           tosl	equ	0xFFD
   242                           stkptr	equ	0xFFC
   243                           pclatu	equ	0xFFB
   244                           pclath	equ	0xFFA
   245                           pcl	equ	0xFF9
   246                           tblptru	equ	0xFF8
   247                           tblptrh	equ	0xFF7
   248                           tblptrl	equ	0xFF6
   249                           tablat	equ	0xFF5
   250                           prodh	equ	0xFF4
   251                           prodl	equ	0xFF3
   252                           indf0	equ	0xFEF
   253                           postinc0	equ	0xFEE
   254                           postdec0	equ	0xFED
   255                           preinc0	equ	0xFEC
   256                           plusw0	equ	0xFEB
   257                           fsr0h	equ	0xFEA
   258                           fsr0l	equ	0xFE9
   259                           wreg	equ	0xFE8
   260                           indf1	equ	0xFE7
   261                           postinc1	equ	0xFE6
   262                           postdec1	equ	0xFE5
   263                           preinc1	equ	0xFE4
   264                           plusw1	equ	0xFE3
   265                           fsr1h	equ	0xFE2
   266                           fsr1l	equ	0xFE1
   267                           bsr	equ	0xFE0
   268                           indf2	equ	0xFDF
   269                           postinc2	equ	0xFDE
   270                           postdec2	equ	0xFDD
   271                           preinc2	equ	0xFDC
   272                           plusw2	equ	0xFDB
   273                           fsr2h	equ	0xFDA
   274                           fsr2l	equ	0xFD9
   275                           status	equ	0xFD8

Data Sizes:
    Strings     0
    Constant    0
    Data        0
    BSS         0
    Persistent  0
    Stack       0

Auto Spaces:
    Space          Size  Autos    Used
    COMRAM           95      8       8
    BANK0           160      0       0
    BANK1           256      0       0
    BANK2           256      0       0
    BANK3           256      0       0
    BANK4           256      0       0
    BANK5           256      0       0

Pointer List with Targets:

    None.

Critical Paths under _main in COMRAM

    None.

Critical Paths under _main in BANK0

    None.

Critical Paths under _main in BANK1

    None.

Critical Paths under _main in BANK2

    None.

Critical Paths under _main in BANK3

    None.

Critical Paths under _main in BANK4

    None.

Critical Paths under _main in BANK5

    None.

Call Graph Tables:

 ---------------------------------------------------------------------------------
 (Depth) Function   	        Calls       Base Space   Used Autos Params    Refs
 ---------------------------------------------------------------------------------
 (0) _main                                                 8     8      0     150
                                              0 COMRAM     8     8      0
 ---------------------------------------------------------------------------------
 Estimated maximum stack depth 0
 ---------------------------------------------------------------------------------

 Call Graph Graphs:

 _main (ROOT)

 Address spaces:
Name               Size   Autos  Total    Cost      Usage
BITCOMRAM           5F      0       0       0        0.0%
EEDATA             100      0       0       0        0.0%
NULL                 0      0       0       0        0.0%
CODE                 0      0       0       0        0.0%
COMRAM              5F      8       8       1        8.4%
STACK                0      0       0       2        0.0%
DATA                 0      0       0       3        0.0%
BITBANK0            A0      0       0       4        0.0%
BANK0               A0      0       0       5        0.0%
BITBANK1           100      0       0       6        0.0%
BANK1              100      0       0       7        0.0%
BITBANK2           100      0       0       8        0.0%
BANK2              100      0       0       9        0.0%
BITBANK3           100      0       0      10        0.0%
BANK3              100      0       0      11        0.0%
BITBANK4           100      0       0      12        0.0%
BANK4              100      0       0      13        0.0%
BITBANK5           100      0       0      14        0.0%
BANK5              100      0       0      15        0.0%
BITBIGSFRh          6A      0       0      16        0.0%
BITBIGSFRlh         10      0       0      17        0.0%
BITBIGSFRll        282      0       0      18        0.0%
ABS                  0      0       0      19        0.0%
BIGRAM             5FF      0       0      20        0.0%
BIGSFR               0      0       0     200        0.0%
BITSFR_3             0      0       0     200        0.0%
SFR_3                0      0       0     200        0.0%
BITSFR_2             0      0       0     200        0.0%
SFR_2                0      0       0     200        0.0%
BITSFR_1             0      0       0     200        0.0%
SFR_1                0      0       0     200        0.0%
BITSFR               0      0       0     200        0.0%
SFR                  0      0       0     200        0.0%


Microchip Technology PIC18 Macro Assembler V2.46 build 20240104201356 
Symbol Table                                                                                   Mon Jul 29 19:50:50 2024

                     l13 060A                       l14 0612                       l18 065E  
                     u10 0638                       u11 0634                       u20 0652  
                     u21 064E                       u30 0684                       u31 0680  
                     u40 069E                       u41 069A                      l700 0602  
                    l712 061E                      l730 066A                      l714 0622  
                    l706 0616                      l732 066E                      l724 0662  
                    l716 0638                      l734 0684                      l718 0652  
                    l736 069E                     _main 0602                     start 0000  
           ___param_bank 0000                    ?_main 0001                    _PORTC 0F82  
                  _PORTD 0F83                    _TRISC 0F94                    _TRISD 0F95  
                  main@i 0001                    main@j 0005                    status 0FD8  
        __initialization 06AA             __end_of_main 06AA                   ??_main 0001  
          __activetblptr 0000                   isa$std 0001             __mediumconst 0000  
             __accesstop 0060  __end_of__initialization 06AA            ___rparam_used 0001  
         __pcstackCOMRAM 0001                  __Hparam 0000                  __Lparam 0000  
           __psmallconst 0600                  __pcinit 06AA                  __ramtop 0600  
                __ptext0 0602     end_of_initialization 06AA      start_initialization 06AA  
            __smallconst 0600                 __Hrparam 0000                 __Lrparam 0000  
               isa$xinst 0000                 main@i_36 0003                 main@j_35 0007  
