

Microchip MPLAB XC8 Assembler V2.46 build 20240104201356 
                                                                                               Thu Aug 29 10:07:10 2024

Microchip MPLAB XC8 C Compiler v2.46 (Free license) build 20240104201356 Og1 
     1                           	processor	18F4580
     2                           	fnconf	rparam,??,?,0
     3                           	pagewidth 120
     4                           	opt	flic
     5                           	psect	cinit,global,reloc=2,class=CODE,delta=1
     6                           	psect	cstackCOMRAM,global,class=COMRAM,space=1,delta=1,lowdata,noexec
     7                           	psect	text0,global,reloc=2,class=CODE,delta=1
     8                           	psect	smallconst,global,reloc=2,class=SMALLCONST,delta=1,noexec
     9                           	psect	intsave_regs,global,class=BIGRAM,space=1,delta=1,noexec
    10                           	psect	rparam,global,class=COMRAM,space=1,delta=1,noexec
    11   000000                     
    12                           ; Generated 17/10/2023 GMT
    13                           ; 
    14                           ; Copyright © 2023, Microchip Technology Inc. and its subsidiaries ("Microchip")
    15                           ; All rights reserved.
    16                           ; 
    17                           ; This software is developed by Microchip Technology Inc. and its subsidiaries ("Microch
      +                          ip").
    18                           ; 
    19                           ; Redistribution and use in source and binary forms, with or without modification, are
    20                           ; permitted provided that the following conditions are met:
    21                           ; 
    22                           ;     1. Redistributions of source code must retain the above copyright notice, this lis
      +                          t of
    23                           ;        conditions and the following disclaimer.
    24                           ; 
    25                           ;     2. Redistributions in binary form must reproduce the above copyright notice, this 
      +                          list
    26                           ;        of conditions and the following disclaimer in the documentation and/or other
    27                           ;        materials provided with the distribution. Publication is not required when
    28                           ;        this file is used in an embedded application.
    29                           ; 
    30                           ;     3. Microchip's name may not be used to endorse or promote products derived from th
      +                          is
    31                           ;        software without specific prior written permission.
    32                           ; 
    33                           ; THIS SOFTWARE IS PROVIDED BY MICROCHIP "AS IS" AND ANY EXPRESS OR IMPLIED WARRANTIES,
    34                           ; INCLUDING, BUT NOT LIMITED TO, THE IMPLIED WARRANTIES OF MERCHANTABILITY AND FITNESS F
      +                          OR
    35                           ; PURPOSE ARE DISCLAIMED.  IN NO EVENT SHALL MICROCHIP BE LIABLE FOR ANY DIRECT, INDIREC
      +                          T,
    36                           ; INCIDENTAL, SPECIAL, EXEMPLARY, OR CONSEQUENTIAL DAMAGES (INCLUDING BUT NOT LIMITED TO
    37                           ; PROCUREMENT OF SUBSTITUTE GOODS OR SERVICES; LOSS OF USE, DATA OR PROFITS; OR BUSINESS
    38                           ; INTERRUPTION) HOWSOEVER CAUSED AND ON ANY THEORY OF LIABILITY, WHETHER IN CONTRACT, ST
      +                          RICT
    39                           ; LIABILITY, OR TORT (INCLUDING NEGLIGENCE OR OTHERWISE) ARISING IN ANY WAY OUT OF THE U
      +                          SE OF
    40                           ; THIS SOFTWARE, EVEN IF ADVISED OF THE POSSIBILITY OF SUCH DAMAGE.
    41                           ; 
    42                           ; 
    43                           ; Code-generator required, PIC18F4580 Definitions
    44                           ; 
    45                           ; SFR Addresses
    46   000000                     _CCPR1L	set	4030
    47   000000                     _CCPR1H	set	4031
    48   000000                     _TRISC	set	3988
    49   000000                     _CCP1CON	set	4029
    50   000000                     _T1CON	set	4045
    51   000000                     _TMR1	set	4046
    52                           
    53                           ; #config settings
    54                           
    55                           	psect	cinit
    56   000626                     __pcinit:
    57                           	callstack 0
    58   000626                     start_initialization:
    59                           	callstack 0
    60   000626                     __initialization:
    61                           	callstack 0
    62   000626                     end_of_initialization:
    63                           	callstack 0
    64   000626                     __end_of__initialization:
    65                           	callstack 0
    66   000626  0100               	movlb	0
    67   000628  EF01  F003         	goto	_main	;jump to C main() function
    68                           
    69                           	psect	cstackCOMRAM
    70   000000                     __pcstackCOMRAM:
    71                           	callstack 0
    72   000000                     
    73                           ; 1 bytes @ 0x0
    74 ;;
    75 ;;Main: autosize = 0, tempsize = 0, incstack = 0, save=0
    76 ;;
    77 ;; *************** function _main *****************
    78 ;; Defined at:
    79 ;;		line 12 in file "pwm1.c"
    80 ;; Parameters:    Size  Location     Type
    81 ;;		None
    82 ;; Auto vars:     Size  Location     Type
    83 ;;		None
    84 ;; Return value:  Size  Location     Type
    85 ;;                  1    wreg      void 
    86 ;; Registers used:
    87 ;;		wreg, status,2
    88 ;; Tracked objects:
    89 ;;		On entry : 0/0
    90 ;;		On exit  : 0/0
    91 ;;		Unchanged: 0/0
    92 ;; Data sizes:     COMRAM   BANK0   BANK1   BANK2   BANK3   BANK4   BANK5
    93 ;;      Params:         0       0       0       0       0       0       0
    94 ;;      Locals:         0       0       0       0       0       0       0
    95 ;;      Temps:          0       0       0       0       0       0       0
    96 ;;      Totals:         0       0       0       0       0       0       0
    97 ;;Total ram usage:        0 bytes
    98 ;; This function calls:
    99 ;;		Nothing
   100 ;; This function is called by:
   101 ;;		Startup code after reset
   102 ;; This function uses a non-reentrant model
   103 ;;
   104                           
   105                           	psect	text0
   106   000602                     __ptext0:
   107                           	callstack 0
   108   000602                     _main:
   109                           	callstack 31
   110   000602                     
   111                           ;pwm1.c: 13:     TRISC=0X00;
   112   000602  0E00               	movlw	0
   113   000604  6E94               	movwf	148,c	;volatile
   114                           
   115                           ;pwm1.c: 14:     T1CON=0X31;
   116   000606  0E31               	movlw	49
   117   000608  6ECD               	movwf	205,c	;volatile
   118                           
   119                           ;pwm1.c: 15:     TMR1=00;
   120   00060A  0E00               	movlw	0
   121   00060C  6ECF               	movwf	207,c	;volatile
   122   00060E  0E00               	movlw	0
   123   000610  6ECE               	movwf	206,c	;volatile
   124                           
   125                           ;pwm1.c: 16:     CCP1CON=0X02;
   126   000612  0E02               	movlw	2
   127   000614  6EBD               	movwf	189,c	;volatile
   128                           
   129                           ;pwm1.c: 17:     CCPR1H=0X20;
   130   000616  0E20               	movlw	32
   131   000618  6EBF               	movwf	191,c	;volatile
   132                           
   133                           ;pwm1.c: 18:     CCPR1L=0X10;
   134   00061A  0E10               	movlw	16
   135   00061C  6EBE               	movwf	190,c	;volatile
   136   00061E                     l17:
   137   00061E  EF0F  F003         	goto	l17
   138   000622  EF00  F000         	goto	start
   139   000626                     __end_of_main:
   140                           	callstack 0
   141                           
   142                           	psect	smallconst
   143   000600                     __psmallconst:
   144                           	callstack 0
   145   000600  00                 	db	0
   146   000601  00                 	db	0	; dummy byte at the end
   147   000000                     
   148                           	psect	rparam
   149   000000                     tosu	equ	0xFFF
   150                           tosh	equ	0xFFE
   151                           tosl	equ	0xFFD
   152                           stkptr	equ	0xFFC
   153                           pclatu	equ	0xFFB
   154                           pclath	equ	0xFFA
   155                           pcl	equ	0xFF9
   156                           tblptru	equ	0xFF8
   157                           tblptrh	equ	0xFF7
   158                           tblptrl	equ	0xFF6
   159                           tablat	equ	0xFF5
   160                           prodh	equ	0xFF4
   161                           prodl	equ	0xFF3
   162                           indf0	equ	0xFEF
   163                           postinc0	equ	0xFEE
   164                           postdec0	equ	0xFED
   165                           preinc0	equ	0xFEC
   166                           plusw0	equ	0xFEB
   167                           fsr0h	equ	0xFEA
   168                           fsr0l	equ	0xFE9
   169                           wreg	equ	0xFE8
   170                           indf1	equ	0xFE7
   171                           postinc1	equ	0xFE6
   172                           postdec1	equ	0xFE5
   173                           preinc1	equ	0xFE4
   174                           plusw1	equ	0xFE3
   175                           fsr1h	equ	0xFE2
   176                           fsr1l	equ	0xFE1
   177                           bsr	equ	0xFE0
   178                           indf2	equ	0xFDF
   179                           postinc2	equ	0xFDE
   180                           postdec2	equ	0xFDD
   181                           preinc2	equ	0xFDC
   182                           plusw2	equ	0xFDB
   183                           fsr2h	equ	0xFDA
   184                           fsr2l	equ	0xFD9
   185                           status	equ	0xFD8

Data Sizes:
    Strings     0
    Constant    0
    Data        0
    BSS         0
    Persistent  0
    Stack       0

Auto Spaces:
    Space          Size  Autos    Used
    COMRAM           95      0       0
    BANK0           160      0       0
    BANK1           256      0       0
    BANK2           256      0       0
    BANK3           256      0       0
    BANK4           256      0       0
    BANK5           256      0       0

Pointer List with Targets:

    None.

Critical Paths under _main in COMRAM

    None.

Critical Paths under _main in BANK0

    None.

Critical Paths under _main in BANK1

    None.

Critical Paths under _main in BANK2

    None.

Critical Paths under _main in BANK3

    None.

Critical Paths under _main in BANK4

    None.

Critical Paths under _main in BANK5

    None.

Call Graph Tables:

 ---------------------------------------------------------------------------------
 (Depth) Function   	        Calls       Base Space   Used Autos Params    Refs
 ---------------------------------------------------------------------------------
 (0) _main                                                 0     0      0       0
 ---------------------------------------------------------------------------------
 Estimated maximum stack depth 0
 ---------------------------------------------------------------------------------

 Call Graph Graphs:

 _main (ROOT)

 Address spaces:
Name               Size   Autos  Total    Cost      Usage
BITCOMRAM           5F      0       0       0        0.0%
EEDATA             100      0       0       0        0.0%
NULL                 0      0       0       0        0.0%
CODE                 0      0       0       0        0.0%
COMRAM              5F      0       0       1        0.0%
STACK                0      0       0       2        0.0%
DATA                 0      0       0       3        0.0%
BITBANK0            A0      0       0       4        0.0%
BANK0               A0      0       0       5        0.0%
BITBANK1           100      0       0       6        0.0%
BANK1              100      0       0       7        0.0%
BITBANK2           100      0       0       8        0.0%
BANK2              100      0       0       9        0.0%
BITBANK3           100      0       0      10        0.0%
BANK3              100      0       0      11        0.0%
BITBANK4           100      0       0      12        0.0%
BANK4              100      0       0      13        0.0%
BITBANK5           100      0       0      14        0.0%
BANK5              100      0       0      15        0.0%
BITBIGSFRhh         30      0       0      16        0.0%
BITBIGSFRhlhh        D      0       0      17        0.0%
BITBIGSFRhll        28      0       0      18        0.0%
BITBIGSFRl         294      0       0      19        0.0%
ABS                  0      0       0      20        0.0%
BIGRAM             5FF      0       0      21        0.0%
BIGSFR               0      0       0     200        0.0%
BITSFR_3             0      0       0     200        0.0%
SFR_3                0      0       0     200        0.0%
BITSFR_2             0      0       0     200        0.0%
SFR_2                0      0       0     200        0.0%
BITSFR_1             0      0       0     200        0.0%
SFR_1                0      0       0     200        0.0%
BITSFR               0      0       0     200        0.0%
SFR                  0      0       0     200        0.0%


Microchip Technology PIC18 Macro Assembler V2.46 build 20240104201356 
Symbol Table                                                                                   Thu Aug 29 10:07:10 2024

                     l17 061E                       l18 061E                      l696 0602  
                   _TMR1 0FCE                     _main 0602                     start 0000  
           ___param_bank 0000                    ?_main 0000                    _T1CON 0FCD  
                  _TRISC 0F94          __initialization 0626             __end_of_main 0626  
                 ??_main 0000            __activetblptr 0000                   _CCPR1H 0FBF  
                 _CCPR1L 0FBE                   isa$std 0001             __mediumconst 0000  
             __accesstop 0060  __end_of__initialization 0626            ___rparam_used 0001  
         __pcstackCOMRAM 0000                  _CCP1CON 0FBD                  __Hparam 0000  
                __Lparam 0000             __psmallconst 0600                  __pcinit 0626  
                __ramtop 0600                  __ptext0 0602     end_of_initialization 0626  
    start_initialization 0626              __smallconst 0600                 __Hrparam 0000  
               __Lrparam 0000                 isa$xinst 0000  
