

Microchip MPLAB XC8 Assembler V2.46 build 20240104201356 
                                                                                               Mon Aug 26 10:16:23 2024

Microchip MPLAB XC8 C Compiler v2.46 (Free license) build 20240104201356 Og1 
     1                           	processor	18F4580
     2                           	fnconf	rparam,??,?,0
     3                           	pagewidth 120
     4                           	opt	flic
     5                           	psect	cinit,global,reloc=2,class=CODE,delta=1
     6                           	psect	bssCOMRAM,global,class=COMRAM,space=1,delta=1,lowdata,noexec
     7                           	psect	cstackCOMRAM,global,class=COMRAM,space=1,delta=1,lowdata,noexec
     8                           	psect	text0,global,reloc=2,class=CODE,delta=1
     9                           	psect	text1,global,reloc=2,class=CODE,delta=1
    10                           	psect	smallconst,global,reloc=2,class=SMALLCONST,delta=1,noexec
    11                           	psect	intsave_regs,global,class=BIGRAM,space=1,delta=1,noexec
    12                           	psect	rparam,global,class=COMRAM,space=1,delta=1,noexec
    13   000000                     
    14                           ; Generated 17/10/2023 GMT
    15                           ; 
    16                           ; Copyright © 2023, Microchip Technology Inc. and its subsidiaries ("Microchip")
    17                           ; All rights reserved.
    18                           ; 
    19                           ; This software is developed by Microchip Technology Inc. and its subsidiaries ("Microch
      +                          ip").
    20                           ; 
    21                           ; Redistribution and use in source and binary forms, with or without modification, are
    22                           ; permitted provided that the following conditions are met:
    23                           ; 
    24                           ;     1. Redistributions of source code must retain the above copyright notice, this lis
      +                          t of
    25                           ;        conditions and the following disclaimer.
    26                           ; 
    27                           ;     2. Redistributions in binary form must reproduce the above copyright notice, this 
      +                          list
    28                           ;        of conditions and the following disclaimer in the documentation and/or other
    29                           ;        materials provided with the distribution. Publication is not required when
    30                           ;        this file is used in an embedded application.
    31                           ; 
    32                           ;     3. Microchip's name may not be used to endorse or promote products derived from th
      +                          is
    33                           ;        software without specific prior written permission.
    34                           ; 
    35                           ; THIS SOFTWARE IS PROVIDED BY MICROCHIP "AS IS" AND ANY EXPRESS OR IMPLIED WARRANTIES,
    36                           ; INCLUDING, BUT NOT LIMITED TO, THE IMPLIED WARRANTIES OF MERCHANTABILITY AND FITNESS F
      +                          OR
    37                           ; PURPOSE ARE DISCLAIMED.  IN NO EVENT SHALL MICROCHIP BE LIABLE FOR ANY DIRECT, INDIREC
      +                          T,
    38                           ; INCIDENTAL, SPECIAL, EXEMPLARY, OR CONSEQUENTIAL DAMAGES (INCLUDING BUT NOT LIMITED TO
    39                           ; PROCUREMENT OF SUBSTITUTE GOODS OR SERVICES; LOSS OF USE, DATA OR PROFITS; OR BUSINESS
    40                           ; INTERRUPTION) HOWSOEVER CAUSED AND ON ANY THEORY OF LIABILITY, WHETHER IN CONTRACT, ST
      +                          RICT
    41                           ; LIABILITY, OR TORT (INCLUDING NEGLIGENCE OR OTHERWISE) ARISING IN ANY WAY OUT OF THE U
      +                          SE OF
    42                           ; THIS SOFTWARE, EVEN IF ADVISED OF THE POSSIBILITY OF SUCH DAMAGE.
    43                           ; 
    44                           ; 
    45                           ; Code-generator required, PIC18F4580 Definitions
    46                           ; 
    47                           ; SFR Addresses
    48   000000                     _PORTC	set	3970
    49   000000                     _TRISC	set	3988
    50   000000                     _T1CON	set	4045
    51   000000                     _TMR1IF	set	31984
    52   000000                     _TMR1	set	4046
    53                           
    54                           ; #config settings
    55                           
    56                           	psect	cinit
    57   000642                     __pcinit:
    58                           	callstack 0
    59   000642                     start_initialization:
    60                           	callstack 0
    61   000642                     __initialization:
    62                           	callstack 0
    63                           
    64                           ; Clear objects allocated to COMRAM (2 bytes)
    65   000642  6A02               	clrf	(__pbssCOMRAM+1)& (0+255),c
    66   000644  6A01               	clrf	__pbssCOMRAM& (0+255),c
    67   000646                     end_of_initialization:
    68                           	callstack 0
    69   000646                     __end_of__initialization:
    70                           	callstack 0
    71   000646  0100               	movlb	0
    72   000648  EF01  F003         	goto	_main	;jump to C main() function
    73                           
    74                           	psect	bssCOMRAM
    75   000001                     __pbssCOMRAM:
    76                           	callstack 0
    77   000001                     _a:
    78                           	callstack 0
    79   000001                     	ds	2
    80                           
    81                           	psect	cstackCOMRAM
    82   000000                     __pcstackCOMRAM:
    83                           	callstack 0
    84   000000                     
    85                           ; 1 bytes @ 0x0
    86 ;;
    87 ;;Main: autosize = 0, tempsize = 0, incstack = 0, save=0
    88 ;;
    89 ;; *************** function _main *****************
    90 ;; Defined at:
    91 ;;		line 22 in file "timer1dl.c"
    92 ;; Parameters:    Size  Location     Type
    93 ;;		None
    94 ;; Auto vars:     Size  Location     Type
    95 ;;		None
    96 ;; Return value:  Size  Location     Type
    97 ;;                  1    wreg      void 
    98 ;; Registers used:
    99 ;;		wreg, status,2, cstack
   100 ;; Tracked objects:
   101 ;;		On entry : 0/0
   102 ;;		On exit  : 0/0
   103 ;;		Unchanged: 0/0
   104 ;; Data sizes:     COMRAM   BANK0   BANK1   BANK2   BANK3   BANK4   BANK5
   105 ;;      Params:         0       0       0       0       0       0       0
   106 ;;      Locals:         0       0       0       0       0       0       0
   107 ;;      Temps:          0       0       0       0       0       0       0
   108 ;;      Totals:         0       0       0       0       0       0       0
   109 ;;Total ram usage:        0 bytes
   110 ;; Hardware stack levels required when called: 1
   111 ;; This function calls:
   112 ;;		_delay
   113 ;; This function is called by:
   114 ;;		Startup code after reset
   115 ;; This function uses a non-reentrant model
   116 ;;
   117                           
   118                           	psect	text0
   119   000602                     __ptext0:
   120                           	callstack 0
   121   000602                     _main:
   122                           	callstack 30
   123   000602                     
   124                           ;timer1dl.c: 26:     TRISC=0X00;
   125   000602  0E00               	movlw	0
   126   000604  6E94               	movwf	148,c	;volatile
   127                           
   128                           ;timer1dl.c: 28:     T1CON=0X31;
   129   000606  0E31               	movlw	49
   130   000608  6ECD               	movwf	205,c	;volatile
   131                           
   132                           ;timer1dl.c: 29:     TMR1=65536 -((int)(20000000*0.1)/(4*8));;
   133   00060A  0E0B               	movlw	11
   134   00060C  6ECF               	movwf	207,c	;volatile
   135   00060E  0EDC               	movlw	220
   136   000610  6ECE               	movwf	206,c	;volatile
   137   000612                     l710:
   138                           
   139                           ;timer1dl.c: 31:     {;timer1dl.c: 32:         PORTC=0XFF;
   140   000612  6882               	setf	130,c	;volatile
   141   000614                     
   142                           ;timer1dl.c: 33:         delay();
   143   000614  EC14  F003         	call	_delay	;wreg free
   144   000618                     
   145                           ;timer1dl.c: 34:         PORTC=0X00;
   146   000618  0E00               	movlw	0
   147   00061A  6E82               	movwf	130,c	;volatile
   148                           
   149                           ;timer1dl.c: 35:         delay();
   150   00061C  EC14  F003         	call	_delay	;wreg free
   151   000620  EF09  F003         	goto	l710
   152   000624  EF00  F000         	goto	start
   153   000628                     __end_of_main:
   154                           	callstack 0
   155                           
   156 ;; *************** function _delay *****************
   157 ;; Defined at:
   158 ;;		line 40 in file "timer1dl.c"
   159 ;; Parameters:    Size  Location     Type
   160 ;;		None
   161 ;; Auto vars:     Size  Location     Type
   162 ;;		None
   163 ;; Return value:  Size  Location     Type
   164 ;;                  1    wreg      void 
   165 ;; Registers used:
   166 ;;		wreg, status,2
   167 ;; Tracked objects:
   168 ;;		On entry : 0/0
   169 ;;		On exit  : 0/0
   170 ;;		Unchanged: 0/0
   171 ;; Data sizes:     COMRAM   BANK0   BANK1   BANK2   BANK3   BANK4   BANK5
   172 ;;      Params:         0       0       0       0       0       0       0
   173 ;;      Locals:         0       0       0       0       0       0       0
   174 ;;      Temps:          0       0       0       0       0       0       0
   175 ;;      Totals:         0       0       0       0       0       0       0
   176 ;;Total ram usage:        0 bytes
   177 ;; Hardware stack levels used: 1
   178 ;; This function calls:
   179 ;;		Nothing
   180 ;; This function is called by:
   181 ;;		_main
   182 ;; This function uses a non-reentrant model
   183 ;;
   184                           
   185                           	psect	text1
   186   000628                     __ptext1:
   187                           	callstack 0
   188   000628                     _delay:
   189                           	callstack 30
   190   000628                     l25:
   191   000628  A09E               	btfss	3998,0,c	;volatile
   192   00062A  EF19  F003         	goto	u11
   193   00062E  EF1B  F003         	goto	u10
   194   000632                     u11:
   195   000632  EF14  F003         	goto	l25
   196   000636                     u10:
   197   000636                     
   198                           ;timer1dl.c: 43:         {;timer1dl.c: 44:             TMR1IF=0;
   199   000636  909E               	bcf	3998,0,c	;volatile
   200   000638                     
   201                           ;timer1dl.c: 45:             TMR1=65536 -((int)(20000000*0.1)/(4*8));;
   202   000638  0E0B               	movlw	11
   203   00063A  6ECF               	movwf	207,c	;volatile
   204   00063C  0EDC               	movlw	220
   205   00063E  6ECE               	movwf	206,c	;volatile
   206   000640  0012               	return		;funcret
   207   000642                     __end_of_delay:
   208                           	callstack 0
   209                           
   210                           	psect	smallconst
   211   000600                     __psmallconst:
   212                           	callstack 0
   213   000600  00                 	db	0
   214   000601  00                 	db	0	; dummy byte at the end
   215   000000                     
   216                           	psect	rparam
   217   000000                     tosu	equ	0xFFF
   218                           tosh	equ	0xFFE
   219                           tosl	equ	0xFFD
   220                           stkptr	equ	0xFFC
   221                           pclatu	equ	0xFFB
   222                           pclath	equ	0xFFA
   223                           pcl	equ	0xFF9
   224                           tblptru	equ	0xFF8
   225                           tblptrh	equ	0xFF7
   226                           tblptrl	equ	0xFF6
   227                           tablat	equ	0xFF5
   228                           prodh	equ	0xFF4
   229                           prodl	equ	0xFF3
   230                           indf0	equ	0xFEF
   231                           postinc0	equ	0xFEE
   232                           postdec0	equ	0xFED
   233                           preinc0	equ	0xFEC
   234                           plusw0	equ	0xFEB
   235                           fsr0h	equ	0xFEA
   236                           fsr0l	equ	0xFE9
   237                           wreg	equ	0xFE8
   238                           indf1	equ	0xFE7
   239                           postinc1	equ	0xFE6
   240                           postdec1	equ	0xFE5
   241                           preinc1	equ	0xFE4
   242                           plusw1	equ	0xFE3
   243                           fsr1h	equ	0xFE2
   244                           fsr1l	equ	0xFE1
   245                           bsr	equ	0xFE0
   246                           indf2	equ	0xFDF
   247                           postinc2	equ	0xFDE
   248                           postdec2	equ	0xFDD
   249                           preinc2	equ	0xFDC
   250                           plusw2	equ	0xFDB
   251                           fsr2h	equ	0xFDA
   252                           fsr2l	equ	0xFD9
   253                           status	equ	0xFD8

Data Sizes:
    Strings     0
    Constant    0
    Data        0
    BSS         2
    Persistent  0
    Stack       0

Auto Spaces:
    Space          Size  Autos    Used
    COMRAM           95      0       2
    BANK0           160      0       0
    BANK1           256      0       0
    BANK2           256      0       0
    BANK3           256      0       0
    BANK4           256      0       0
    BANK5           256      0       0

Pointer List with Targets:

    None.

Critical Paths under _main in COMRAM

    None.

Critical Paths under _main in BANK0

    None.

Critical Paths under _main in BANK1

    None.

Critical Paths under _main in BANK2

    None.

Critical Paths under _main in BANK3

    None.

Critical Paths under _main in BANK4

    None.

Critical Paths under _main in BANK5

    None.

Call Graph Tables:

 ---------------------------------------------------------------------------------
 (Depth) Function   	        Calls       Base Space   Used Autos Params    Refs
 ---------------------------------------------------------------------------------
 (0) _main                                                 0     0      0       0
                              _delay
 ---------------------------------------------------------------------------------
 (1) _delay                                                0     0      0       0
 ---------------------------------------------------------------------------------
 Estimated maximum stack depth 1
 ---------------------------------------------------------------------------------

 Call Graph Graphs:

 _main (ROOT)
   _delay

 Address spaces:
Name               Size   Autos  Total    Cost      Usage
BIGRAM             5FF      0       0      22        0.0%
BITBIGSFRll        282      0       0      20        0.0%
EEDATA             100      0       0       0        0.0%
BITBANK5           100      0       0      14        0.0%
BANK5              100      0       0      15        0.0%
BITBANK4           100      0       0      12        0.0%
BANK4              100      0       0      13        0.0%
BITBANK3           100      0       0      10        0.0%
BANK3              100      0       0      11        0.0%
BITBANK2           100      0       0       8        0.0%
BANK2              100      0       0       9        0.0%
BITBANK1           100      0       0       6        0.0%
BANK1              100      0       0       7        0.0%
BITBANK0            A0      0       0       4        0.0%
BANK0               A0      0       0       5        0.0%
BITCOMRAM           5F      0       0       0        0.0%
COMRAM              5F      0       2       1        2.1%
BITBIGSFRhh         30      0       0      16        0.0%
BITBIGSFRhlh        2E      0       0      17        0.0%
BITBIGSFRlh         11      0       0      19        0.0%
BITBIGSFRhll         9      0       0      18        0.0%
BIGSFR               0      0       0     200        0.0%
BITSFR_3             0      0       0     200        0.0%
SFR_3                0      0       0     200        0.0%
BITSFR_2             0      0       0     200        0.0%
SFR_2                0      0       0     200        0.0%
BITSFR_1             0      0       0     200        0.0%
SFR_1                0      0       0     200        0.0%
BITSFR               0      0       0     200        0.0%
SFR                  0      0       0     200        0.0%
STACK                0      0       0       2        0.0%
NULL                 0      0       0       0        0.0%
ABS                  0      0       2      21        0.0%
DATA                 0      0       2       3        0.0%
CODE                 0      0       0       0        0.0%


Microchip Technology PIC18 Macro Assembler V2.46 build 20240104201356 
Symbol Table                                                                                   Mon Aug 26 10:16:23 2024

                      _a 0001                       l25 0628                       l27 0636  
                     l28 0640                       u10 0636                       u11 0632  
                    l710 0612                      l704 0628                      l712 0614  
                    l706 0638                      l714 0618                      l708 0602  
                   _TMR1 0FCE                     _main 0602                     start 0000  
           ___param_bank 0000                    ?_main 0000                    _T1CON 0FCD  
                  _PORTC 0F82                    _TRISC 0F94                    _delay 0628  
        __initialization 0642             __end_of_main 0628                   ??_main 0000  
          __activetblptr 0000                   ?_delay 0000                   _TMR1IF 7CF0  
                 isa$std 0001             __mediumconst 0000               __accesstop 0060  
__end_of__initialization 0646            ___rparam_used 0001           __pcstackCOMRAM 0000  
          __end_of_delay 0642                  ??_delay 0000                  __Hparam 0000  
                __Lparam 0000             __psmallconst 0600                  __pcinit 0642  
                __ramtop 0600                  __ptext0 0602                  __ptext1 0628  
   end_of_initialization 0646      start_initialization 0642              __pbssCOMRAM 0001  
            __smallconst 0600                 __Hrparam 0000                 __Lrparam 0000  
               isa$xinst 0000  
