

Microchip MPLAB XC8 Assembler V2.46 build 20240104201356 
                                                                                               Thu Aug 08 13:13:07 2024

Microchip MPLAB XC8 C Compiler v2.46 (Free license) build 20240104201356 Og1 
     1                           	processor	18F4580
     2                           	fnconf	rparam,??,?,0
     3                           	pagewidth 120
     4                           	opt	flic
     5                           	psect	smallconst,global,reloc=2,class=SMALLCONST,delta=1,noexec
     6                           	psect	cinit,global,reloc=2,class=CODE,delta=1
     7                           	psect	cstackCOMRAM,global,class=COMRAM,space=1,delta=1,lowdata,noexec
     8                           	psect	text0,global,reloc=2,class=CODE,delta=1
     9                           	psect	text1,global,reloc=2,class=CODE,delta=1
    10                           	psect	text2,global,reloc=2,class=CODE,delta=1
    11                           	psect	text3,global,reloc=2,class=CODE,delta=1
    12                           	psect	intsave_regs,global,class=BIGRAM,space=1,delta=1,noexec
    13                           	psect	rparam,global,class=COMRAM,space=1,delta=1,noexec
    14   000000                     
    15                           ; Generated 17/10/2023 GMT
    16                           ; 
    17                           ; Copyright © 2023, Microchip Technology Inc. and its subsidiaries ("Microchip")
    18                           ; All rights reserved.
    19                           ; 
    20                           ; This software is developed by Microchip Technology Inc. and its subsidiaries ("Microch
      +                          ip").
    21                           ; 
    22                           ; Redistribution and use in source and binary forms, with or without modification, are
    23                           ; permitted provided that the following conditions are met:
    24                           ; 
    25                           ;     1. Redistributions of source code must retain the above copyright notice, this lis
      +                          t of
    26                           ;        conditions and the following disclaimer.
    27                           ; 
    28                           ;     2. Redistributions in binary form must reproduce the above copyright notice, this 
      +                          list
    29                           ;        of conditions and the following disclaimer in the documentation and/or other
    30                           ;        materials provided with the distribution. Publication is not required when
    31                           ;        this file is used in an embedded application.
    32                           ; 
    33                           ;     3. Microchip's name may not be used to endorse or promote products derived from th
      +                          is
    34                           ;        software without specific prior written permission.
    35                           ; 
    36                           ; THIS SOFTWARE IS PROVIDED BY MICROCHIP "AS IS" AND ANY EXPRESS OR IMPLIED WARRANTIES,
    37                           ; INCLUDING, BUT NOT LIMITED TO, THE IMPLIED WARRANTIES OF MERCHANTABILITY AND FITNESS F
      +                          OR
    38                           ; PURPOSE ARE DISCLAIMED.  IN NO EVENT SHALL MICROCHIP BE LIABLE FOR ANY DIRECT, INDIREC
      +                          T,
    39                           ; INCIDENTAL, SPECIAL, EXEMPLARY, OR CONSEQUENTIAL DAMAGES (INCLUDING BUT NOT LIMITED TO
    40                           ; PROCUREMENT OF SUBSTITUTE GOODS OR SERVICES; LOSS OF USE, DATA OR PROFITS; OR BUSINESS
    41                           ; INTERRUPTION) HOWSOEVER CAUSED AND ON ANY THEORY OF LIABILITY, WHETHER IN CONTRACT, ST
      +                          RICT
    42                           ; LIABILITY, OR TORT (INCLUDING NEGLIGENCE OR OTHERWISE) ARISING IN ANY WAY OUT OF THE U
      +                          SE OF
    43                           ; THIS SOFTWARE, EVEN IF ADVISED OF THE POSSIBILITY OF SUCH DAMAGE.
    44                           ; 
    45                           ; 
    46                           ; Code-generator required, PIC18F4580 Definitions
    47                           ; 
    48                           ; SFR Addresses
    49   000000                     _RC2	set	31762
    50   000000                     _RC1	set	31761
    51   000000                     _RB7	set	31759
    52   000000                     _RB6	set	31758
    53   000000                     _RB5	set	31757
    54   000000                     _RB4	set	31756
    55   000000                     _PORTB	set	3969
    56   000000                     _TRISB	set	3987
    57   000000                     _ADCON1	set	4033
    58   000000                     _TRISD	set	3989
    59   000000                     _TRISC	set	3988
    60   000000                     _PORTD	set	3971
    61   000000                     _RC0	set	31760
    62                           
    63                           	psect	smallconst
    64   000600                     __psmallconst:
    65                           	callstack 0
    66   000600  00                 	db	0
    67   000601                     STR_16:
    68   000601  30                 	db	48	;'0'
    69   000602  00                 	db	0
    70   000603                     STR_1:
    71   000603  31                 	db	49	;'1'
    72   000604  00                 	db	0
    73   000605                     STR_2:
    74   000605  32                 	db	50	;'2'
    75   000606  00                 	db	0
    76   000607                     STR_3:
    77   000607  33                 	db	51	;'3'
    78   000608  00                 	db	0
    79   000609                     STR_4:
    80   000609  34                 	db	52	;'4'
    81   00060A  00                 	db	0
    82   00060B                     STR_5:
    83   00060B  35                 	db	53	;'5'
    84   00060C  00                 	db	0
    85   00060D                     STR_6:
    86   00060D  36                 	db	54	;'6'
    87   00060E  00                 	db	0
    88   00060F                     STR_7:
    89   00060F  37                 	db	55	;'7'
    90   000610  00                 	db	0
    91   000611                     STR_8:
    92   000611  38                 	db	56	;'8'
    93   000612  00                 	db	0
    94   000613                     STR_9:
    95   000613  39                 	db	57	;'9'
    96   000614  00                 	db	0
    97   000615                     STR_10:
    98   000615  41                 	db	65	;'A'
    99   000616  00                 	db	0
   100   000617                     STR_11:
   101   000617  42                 	db	66	;'B'
   102   000618  00                 	db	0
   103   000619                     STR_12:
   104   000619  43                 	db	67	;'C'
   105   00061A  00                 	db	0
   106   00061B                     STR_13:
   107   00061B  44                 	db	68	;'D'
   108   00061C  00                 	db	0
   109   00061D                     STR_14:
   110   00061D  45                 	db	69	;'E'
   111   00061E  00                 	db	0
   112   00061F                     STR_15:
   113   00061F  46                 	db	70	;'F'
   114   000620  00                 	db	0
   115   000621  00                 	db	0	; dummy byte at the end
   116   000000                     
   117                           ; #config settings
   118                           
   119                           	psect	cinit
   120   000948                     __pcinit:
   121                           	callstack 0
   122   000948                     start_initialization:
   123                           	callstack 0
   124   000948                     __initialization:
   125                           	callstack 0
   126   000948                     end_of_initialization:
   127                           	callstack 0
   128   000948                     __end_of__initialization:
   129                           	callstack 0
   130   000948  0E00               	movlw	low (__Lsmallconst shr (0+16))
   131   00094A  6EF8               	movwf	tblptru,c
   132   00094C  0E06               	movlw	high __Lsmallconst
   133   00094E  6EF7               	movwf	tblptrh,c
   134   000950  0100               	movlb	0
   135   000952  EF11  F003         	goto	_main	;jump to C main() function
   136                           
   137                           	psect	cstackCOMRAM
   138   000001                     __pcstackCOMRAM:
   139                           	callstack 0
   140   000001                     cmd@a:
   141                           	callstack 0
   142   000001                     data@a:
   143                           	callstack 0
   144                           
   145                           ; 1 bytes @ 0x0
   146   000001                     	ds	1
   147   000002                     cmd@i:
   148                           	callstack 0
   149   000002                     data@i:
   150                           	callstack 0
   151                           
   152                           ; 2 bytes @ 0x1
   153   000002                     	ds	2
   154   000004                     cmd@i_71:
   155                           	callstack 0
   156   000004                     data@i_75:
   157                           	callstack 0
   158                           
   159                           ; 2 bytes @ 0x3
   160   000004                     	ds	2
   161   000006                     display@p:
   162                           	callstack 0
   163                           
   164                           ; 1 bytes @ 0x5
   165   000006                     	ds	1
   166   000007                     
   167                           ; 1 bytes @ 0x6
   168 ;;
   169 ;;Main: autosize = 0, tempsize = 0, incstack = 0, save=0
   170 ;;
   171 ;; *************** function _main *****************
   172 ;; Defined at:
   173 ;;		line 13 in file "matrixlcd2.c"
   174 ;; Parameters:    Size  Location     Type
   175 ;;		None
   176 ;; Auto vars:     Size  Location     Type
   177 ;;		None
   178 ;; Return value:  Size  Location     Type
   179 ;;                  1    wreg      void 
   180 ;; Registers used:
   181 ;;		wreg, status,2, status,0, tblptrl, tblptrh, tblptru, cstack
   182 ;; Tracked objects:
   183 ;;		On entry : 0/0
   184 ;;		On exit  : 0/0
   185 ;;		Unchanged: 0/0
   186 ;; Data sizes:     COMRAM   BANK0   BANK1   BANK2   BANK3   BANK4   BANK5
   187 ;;      Params:         0       0       0       0       0       0       0
   188 ;;      Locals:         0       0       0       0       0       0       0
   189 ;;      Temps:          0       0       0       0       0       0       0
   190 ;;      Totals:         0       0       0       0       0       0       0
   191 ;;Total ram usage:        0 bytes
   192 ;; Hardware stack levels required when called: 2
   193 ;; This function calls:
   194 ;;		_cmd
   195 ;;		_display
   196 ;; This function is called by:
   197 ;;		Startup code after reset
   198 ;; This function uses a non-reentrant model
   199 ;;
   200                           
   201                           	psect	text0
   202   000622                     __ptext0:
   203                           	callstack 0
   204   000622                     _main:
   205                           	callstack 29
   206   000622                     
   207                           ;matrixlcd2.c: 15:     ADCON1=0X0F;
   208   000622  0E0F               	movlw	15
   209   000624  6EC1               	movwf	193,c	;volatile
   210                           
   211                           ;matrixlcd2.c: 16:     TRISB=0XF0;
   212   000626  0EF0               	movlw	240
   213   000628  6E93               	movwf	147,c	;volatile
   214                           
   215                           ;matrixlcd2.c: 17:     TRISC=0X00;
   216   00062A  0E00               	movlw	0
   217   00062C  6E94               	movwf	148,c	;volatile
   218                           
   219                           ;matrixlcd2.c: 18:     TRISD=0X00;
   220   00062E  0E00               	movlw	0
   221   000630  6E95               	movwf	149,c	;volatile
   222   000632                     
   223                           ;matrixlcd2.c: 19:     cmd(0x01);
   224   000632  0E01               	movlw	1
   225   000634  EC5E  F004         	call	_cmd
   226   000638                     
   227                           ;matrixlcd2.c: 20:     cmd(0x0F);
   228   000638  0E0F               	movlw	15
   229   00063A  EC5E  F004         	call	_cmd
   230   00063E                     
   231                           ;matrixlcd2.c: 21:     cmd(0X0C);
   232   00063E  0E0C               	movlw	12
   233   000640  EC5E  F004         	call	_cmd
   234   000644                     l926:
   235                           
   236                           ;matrixlcd2.c: 24:     {;matrixlcd2.c: 25:        PORTB=0X0E;
   237   000644  0E0E               	movlw	14
   238   000646  6E81               	movwf	129,c	;volatile
   239   000648                     
   240                           ;matrixlcd2.c: 27:        if(RB4==0)
   241   000648  B881               	btfsc	3969,4,c	;volatile
   242   00064A  EF29  F003         	goto	u231
   243   00064E  EF2B  F003         	goto	u230
   244   000652                     u231:
   245   000652  EF34  F003         	goto	l36
   246   000656                     u230:
   247   000656                     
   248                           ;matrixlcd2.c: 28:        {;matrixlcd2.c: 29:            cmd(0X01);
   249   000656  0E01               	movlw	1
   250   000658  EC5E  F004         	call	_cmd
   251   00065C                     
   252                           ;matrixlcd2.c: 31:            display("1");
   253   00065C  0E03               	movlw	low STR_1
   254   00065E  6E06               	movwf	display@p^0,c
   255   000660  EC8E  F004         	call	_display	;wreg free
   256                           
   257                           ;matrixlcd2.c: 33:        }
   258   000664  EF64  F003         	goto	l946
   259   000668                     l36:
   260   000668  BA81               	btfsc	3969,5,c	;volatile
   261   00066A  EF39  F003         	goto	u241
   262   00066E  EF3B  F003         	goto	u240
   263   000672                     u241:
   264   000672  EF44  F003         	goto	l38
   265   000676                     u240:
   266   000676                     
   267                           ;matrixlcd2.c: 35:        {;matrixlcd2.c: 36:             cmd(0X01);
   268   000676  0E01               	movlw	1
   269   000678  EC5E  F004         	call	_cmd
   270   00067C                     
   271                           ;matrixlcd2.c: 38:            display("2");
   272   00067C  0E05               	movlw	low STR_2
   273   00067E  6E06               	movwf	display@p^0,c
   274   000680  EC8E  F004         	call	_display	;wreg free
   275                           
   276                           ;matrixlcd2.c: 39:        }
   277   000684  EF64  F003         	goto	l946
   278   000688                     l38:
   279   000688  BC81               	btfsc	3969,6,c	;volatile
   280   00068A  EF49  F003         	goto	u251
   281   00068E  EF4B  F003         	goto	u250
   282   000692                     u251:
   283   000692  EF54  F003         	goto	l40
   284   000696                     u250:
   285   000696                     
   286                           ;matrixlcd2.c: 43:        {;matrixlcd2.c: 44:             cmd(0X01);
   287   000696  0E01               	movlw	1
   288   000698  EC5E  F004         	call	_cmd
   289   00069C                     
   290                           ;matrixlcd2.c: 46:            display("3");
   291   00069C  0E07               	movlw	low STR_3
   292   00069E  6E06               	movwf	display@p^0,c
   293   0006A0  EC8E  F004         	call	_display	;wreg free
   294                           
   295                           ;matrixlcd2.c: 47:        }
   296   0006A4  EF64  F003         	goto	l946
   297   0006A8                     l40:
   298   0006A8  BE81               	btfsc	3969,7,c	;volatile
   299   0006AA  EF59  F003         	goto	u261
   300   0006AE  EF5B  F003         	goto	u260
   301   0006B2                     u261:
   302   0006B2  EF64  F003         	goto	l39
   303   0006B6                     u260:
   304   0006B6                     
   305                           ;matrixlcd2.c: 51:        {;matrixlcd2.c: 52:             cmd(0X01);
   306   0006B6  0E01               	movlw	1
   307   0006B8  EC5E  F004         	call	_cmd
   308   0006BC                     
   309                           ;matrixlcd2.c: 54:            display("4");
   310   0006BC  0E09               	movlw	low STR_4
   311   0006BE  6E06               	movwf	display@p^0,c
   312   0006C0  EC8E  F004         	call	_display	;wreg free
   313   0006C4  EF64  F003         	goto	l946
   314   0006C8                     l39:
   315   0006C8                     l946:
   316                           
   317                           ;matrixlcd2.c: 57:        PORTB=0X0D;
   318   0006C8  0E0D               	movlw	13
   319   0006CA  6E81               	movwf	129,c	;volatile
   320   0006CC                     
   321                           ;matrixlcd2.c: 59:        if(RB4==0)
   322   0006CC  B881               	btfsc	3969,4,c	;volatile
   323   0006CE  EF6B  F003         	goto	u271
   324   0006D2  EF6D  F003         	goto	u270
   325   0006D6                     u271:
   326   0006D6  EF76  F003         	goto	l43
   327   0006DA                     u270:
   328   0006DA                     
   329                           ;matrixlcd2.c: 60:        {;matrixlcd2.c: 61:            cmd(0X01);
   330   0006DA  0E01               	movlw	1
   331   0006DC  EC5E  F004         	call	_cmd
   332   0006E0                     
   333                           ;matrixlcd2.c: 63:            display("5");
   334   0006E0  0E0B               	movlw	low STR_5
   335   0006E2  6E06               	movwf	display@p^0,c
   336   0006E4  EC8E  F004         	call	_display	;wreg free
   337                           
   338                           ;matrixlcd2.c: 65:        }
   339   0006E8  EFA6  F003         	goto	l966
   340   0006EC                     l43:
   341   0006EC  BA81               	btfsc	3969,5,c	;volatile
   342   0006EE  EF7B  F003         	goto	u281
   343   0006F2  EF7D  F003         	goto	u280
   344   0006F6                     u281:
   345   0006F6  EF86  F003         	goto	l45
   346   0006FA                     u280:
   347   0006FA                     
   348                           ;matrixlcd2.c: 69:        {;matrixlcd2.c: 70:             cmd(0X01);
   349   0006FA  0E01               	movlw	1
   350   0006FC  EC5E  F004         	call	_cmd
   351   000700                     
   352                           ;matrixlcd2.c: 72:            display("6");
   353   000700  0E0D               	movlw	low STR_6
   354   000702  6E06               	movwf	display@p^0,c
   355   000704  EC8E  F004         	call	_display	;wreg free
   356                           
   357                           ;matrixlcd2.c: 73:        }
   358   000708  EFA6  F003         	goto	l966
   359   00070C                     l45:
   360   00070C  BC81               	btfsc	3969,6,c	;volatile
   361   00070E  EF8B  F003         	goto	u291
   362   000712  EF8D  F003         	goto	u290
   363   000716                     u291:
   364   000716  EF96  F003         	goto	l47
   365   00071A                     u290:
   366   00071A                     
   367                           ;matrixlcd2.c: 77:        {;matrixlcd2.c: 78:             cmd(0X01);
   368   00071A  0E01               	movlw	1
   369   00071C  EC5E  F004         	call	_cmd
   370   000720                     
   371                           ;matrixlcd2.c: 80:            display("7");
   372   000720  0E0F               	movlw	low STR_7
   373   000722  6E06               	movwf	display@p^0,c
   374   000724  EC8E  F004         	call	_display	;wreg free
   375                           
   376                           ;matrixlcd2.c: 81:        }
   377   000728  EFA6  F003         	goto	l966
   378   00072C                     l47:
   379   00072C  BE81               	btfsc	3969,7,c	;volatile
   380   00072E  EF9B  F003         	goto	u301
   381   000732  EF9D  F003         	goto	u300
   382   000736                     u301:
   383   000736  EFA6  F003         	goto	l46
   384   00073A                     u300:
   385   00073A                     
   386                           ;matrixlcd2.c: 85:        {;matrixlcd2.c: 86:             cmd(0X01);
   387   00073A  0E01               	movlw	1
   388   00073C  EC5E  F004         	call	_cmd
   389   000740                     
   390                           ;matrixlcd2.c: 88:            display("8");
   391   000740  0E11               	movlw	low STR_8
   392   000742  6E06               	movwf	display@p^0,c
   393   000744  EC8E  F004         	call	_display	;wreg free
   394   000748  EFA6  F003         	goto	l966
   395   00074C                     l46:
   396   00074C                     l966:
   397                           
   398                           ;matrixlcd2.c: 91:        PORTB=0X0B;
   399   00074C  0E0B               	movlw	11
   400   00074E  6E81               	movwf	129,c	;volatile
   401   000750                     
   402                           ;matrixlcd2.c: 93:        if(RB4==0)
   403   000750  B881               	btfsc	3969,4,c	;volatile
   404   000752  EFAD  F003         	goto	u311
   405   000756  EFAF  F003         	goto	u310
   406   00075A                     u311:
   407   00075A  EFB8  F003         	goto	l50
   408   00075E                     u310:
   409   00075E                     
   410                           ;matrixlcd2.c: 94:        {;matrixlcd2.c: 95:            cmd(0X01);
   411   00075E  0E01               	movlw	1
   412   000760  EC5E  F004         	call	_cmd
   413   000764                     
   414                           ;matrixlcd2.c: 97:            display("9");
   415   000764  0E13               	movlw	low STR_9
   416   000766  6E06               	movwf	display@p^0,c
   417   000768  EC8E  F004         	call	_display	;wreg free
   418                           
   419                           ;matrixlcd2.c: 99:        }
   420   00076C  EFE8  F003         	goto	l986
   421   000770                     l50:
   422   000770  BA81               	btfsc	3969,5,c	;volatile
   423   000772  EFBD  F003         	goto	u321
   424   000776  EFBF  F003         	goto	u320
   425   00077A                     u321:
   426   00077A  EFC8  F003         	goto	l52
   427   00077E                     u320:
   428   00077E                     
   429                           ;matrixlcd2.c: 103:        {;matrixlcd2.c: 104:             cmd(0X01);
   430   00077E  0E01               	movlw	1
   431   000780  EC5E  F004         	call	_cmd
   432   000784                     
   433                           ;matrixlcd2.c: 106:            display("A");
   434   000784  0E15               	movlw	low STR_10
   435   000786  6E06               	movwf	display@p^0,c
   436   000788  EC8E  F004         	call	_display	;wreg free
   437                           
   438                           ;matrixlcd2.c: 107:        }
   439   00078C  EFE8  F003         	goto	l986
   440   000790                     l52:
   441   000790  BC81               	btfsc	3969,6,c	;volatile
   442   000792  EFCD  F003         	goto	u331
   443   000796  EFCF  F003         	goto	u330
   444   00079A                     u331:
   445   00079A  EFD8  F003         	goto	l54
   446   00079E                     u330:
   447   00079E                     
   448                           ;matrixlcd2.c: 111:        {;matrixlcd2.c: 112:             cmd(0X01);
   449   00079E  0E01               	movlw	1
   450   0007A0  EC5E  F004         	call	_cmd
   451   0007A4                     
   452                           ;matrixlcd2.c: 114:            display("B");
   453   0007A4  0E17               	movlw	low STR_11
   454   0007A6  6E06               	movwf	display@p^0,c
   455   0007A8  EC8E  F004         	call	_display	;wreg free
   456                           
   457                           ;matrixlcd2.c: 115:        }
   458   0007AC  EFE8  F003         	goto	l986
   459   0007B0                     l54:
   460   0007B0  BE81               	btfsc	3969,7,c	;volatile
   461   0007B2  EFDD  F003         	goto	u341
   462   0007B6  EFDF  F003         	goto	u340
   463   0007BA                     u341:
   464   0007BA  EFE8  F003         	goto	l53
   465   0007BE                     u340:
   466   0007BE                     
   467                           ;matrixlcd2.c: 119:        {;matrixlcd2.c: 120:             cmd(0X01);
   468   0007BE  0E01               	movlw	1
   469   0007C0  EC5E  F004         	call	_cmd
   470   0007C4                     
   471                           ;matrixlcd2.c: 122:            display("C");
   472   0007C4  0E19               	movlw	low STR_12
   473   0007C6  6E06               	movwf	display@p^0,c
   474   0007C8  EC8E  F004         	call	_display	;wreg free
   475   0007CC  EFE8  F003         	goto	l986
   476   0007D0                     l53:
   477   0007D0                     l986:
   478                           
   479                           ;matrixlcd2.c: 125:        PORTB=0X07;
   480   0007D0  0E07               	movlw	7
   481   0007D2  6E81               	movwf	129,c	;volatile
   482   0007D4                     
   483                           ;matrixlcd2.c: 127:        if(RB4==0)
   484   0007D4  B881               	btfsc	3969,4,c	;volatile
   485   0007D6  EFEF  F003         	goto	u351
   486   0007DA  EFF1  F003         	goto	u350
   487   0007DE                     u351:
   488   0007DE  EFFA  F003         	goto	l57
   489   0007E2                     u350:
   490   0007E2                     
   491                           ;matrixlcd2.c: 128:        {;matrixlcd2.c: 129:            cmd(0X01);
   492   0007E2  0E01               	movlw	1
   493   0007E4  EC5E  F004         	call	_cmd
   494   0007E8                     
   495                           ;matrixlcd2.c: 131:            display("D");
   496   0007E8  0E1B               	movlw	low STR_13
   497   0007EA  6E06               	movwf	display@p^0,c
   498   0007EC  EC8E  F004         	call	_display	;wreg free
   499                           
   500                           ;matrixlcd2.c: 133:        }
   501   0007F0  EF22  F003         	goto	l926
   502   0007F4                     l57:
   503   0007F4  BA81               	btfsc	3969,5,c	;volatile
   504   0007F6  EFFF  F003         	goto	u361
   505   0007FA  EF01  F004         	goto	u360
   506   0007FE                     u361:
   507   0007FE  EF0A  F004         	goto	l59
   508   000802                     u360:
   509   000802                     
   510                           ;matrixlcd2.c: 137:        {;matrixlcd2.c: 138:             cmd(0X01);
   511   000802  0E01               	movlw	1
   512   000804  EC5E  F004         	call	_cmd
   513   000808                     
   514                           ;matrixlcd2.c: 140:            display("E");
   515   000808  0E1D               	movlw	low STR_14
   516   00080A  6E06               	movwf	display@p^0,c
   517   00080C  EC8E  F004         	call	_display	;wreg free
   518                           
   519                           ;matrixlcd2.c: 141:        }
   520   000810  EF22  F003         	goto	l926
   521   000814                     l59:
   522   000814  BC81               	btfsc	3969,6,c	;volatile
   523   000816  EF0F  F004         	goto	u371
   524   00081A  EF11  F004         	goto	u370
   525   00081E                     u371:
   526   00081E  EF1A  F004         	goto	l61
   527   000822                     u370:
   528   000822                     
   529                           ;matrixlcd2.c: 145:        {;matrixlcd2.c: 146:             cmd(0X01);
   530   000822  0E01               	movlw	1
   531   000824  EC5E  F004         	call	_cmd
   532   000828                     
   533                           ;matrixlcd2.c: 148:            display("F");
   534   000828  0E1F               	movlw	low STR_15
   535   00082A  6E06               	movwf	display@p^0,c
   536   00082C  EC8E  F004         	call	_display	;wreg free
   537                           
   538                           ;matrixlcd2.c: 149:        }
   539   000830  EF22  F003         	goto	l926
   540   000834                     l61:
   541   000834  BE81               	btfsc	3969,7,c	;volatile
   542   000836  EF1F  F004         	goto	u381
   543   00083A  EF21  F004         	goto	u380
   544   00083E                     u381:
   545   00083E  EF2A  F004         	goto	l58
   546   000842                     u380:
   547   000842                     
   548                           ;matrixlcd2.c: 153:        {;matrixlcd2.c: 154:             cmd(0X01);
   549   000842  0E01               	movlw	1
   550   000844  EC5E  F004         	call	_cmd
   551   000848                     
   552                           ;matrixlcd2.c: 156:            display("0");
   553   000848  0E01               	movlw	low STR_16
   554   00084A  6E06               	movwf	display@p^0,c
   555   00084C  EC8E  F004         	call	_display	;wreg free
   556   000850  EF22  F003         	goto	l926
   557   000854                     l58:
   558   000854  EF22  F003         	goto	l926
   559   000858  EF00  F000         	goto	start
   560   00085C                     __end_of_main:
   561                           	callstack 0
   562                           
   563 ;; *************** function _display *****************
   564 ;; Defined at:
   565 ;;		line 182 in file "matrixlcd2.c"
   566 ;; Parameters:    Size  Location     Type
   567 ;;  p               1    5[COMRAM] PTR const unsigned char 
   568 ;;		 -> STR_16(2), STR_15(2), STR_14(2), STR_13(2), 
   569 ;;		 -> STR_12(2), STR_11(2), STR_10(2), STR_9(2), 
   570 ;;		 -> STR_8(2), STR_7(2), STR_6(2), STR_5(2), 
   571 ;;		 -> STR_4(2), STR_3(2), STR_2(2), STR_1(2), 
   572 ;; Auto vars:     Size  Location     Type
   573 ;;		None
   574 ;; Return value:  Size  Location     Type
   575 ;;                  1    wreg      void 
   576 ;; Registers used:
   577 ;;		wreg, status,2, status,0, tblptrl, tblptrh, tblptru, cstack
   578 ;; Tracked objects:
   579 ;;		On entry : 0/0
   580 ;;		On exit  : 0/0
   581 ;;		Unchanged: 0/0
   582 ;; Data sizes:     COMRAM   BANK0   BANK1   BANK2   BANK3   BANK4   BANK5
   583 ;;      Params:         1       0       0       0       0       0       0
   584 ;;      Locals:         0       0       0       0       0       0       0
   585 ;;      Temps:          0       0       0       0       0       0       0
   586 ;;      Totals:         1       0       0       0       0       0       0
   587 ;;Total ram usage:        1 bytes
   588 ;; Hardware stack levels used: 1
   589 ;; Hardware stack levels required when called: 1
   590 ;; This function calls:
   591 ;;		_data
   592 ;; This function is called by:
   593 ;;		_main
   594 ;; This function uses a non-reentrant model
   595 ;;
   596                           
   597                           	psect	text1
   598   00091C                     __ptext1:
   599                           	callstack 0
   600   00091C                     _display:
   601                           	callstack 29
   602   00091C                     
   603                           ;matrixlcd2.c: 182: void display(const char *p);matrixlcd2.c: 183: {;matrixlcd2.c: 184: 
      +                              while(*p)
   604   00091C  EF97  F004         	goto	l916
   605   000920                     l912:
   606                           
   607                           ;matrixlcd2.c: 185:     {;matrixlcd2.c: 186:         data(*p);
   608   000920  C006  FFF6         	movff	display@p,tblptrl
   609   000924                     	if	0	;There is only one active tblptr byte
   610   000924                     	endif
   611   000924                     	if	0	;tblptru may be non-zero
   612   000924                     	endif
   613   000924                     	if	0	;tblptru may be non-zero
   614   000924                     	endif
   615   000924  0008               	tblrd		*
   616   000926  50F5               	movf	tablat,w,c
   617   000928  EC2E  F004         	call	_data
   618   00092C                     
   619                           ;matrixlcd2.c: 187:   p++;
   620   00092C  2A06               	incf	display@p^0,f,c
   621   00092E                     l916:
   622                           
   623                           ;matrixlcd2.c: 184:     while(*p)
   624   00092E  C006  FFF6         	movff	display@p,tblptrl
   625   000932                     	if	0	;There is only one active tblptr byte
   626   000932                     	endif
   627   000932                     	if	0	;tblptru may be non-zero
   628   000932                     	endif
   629   000932                     	if	0	;tblptru may be non-zero
   630   000932                     	endif
   631   000932  0008               	tblrd		*
   632   000934  50F5               	movf	tablat,w,c
   633   000936  0900               	iorlw	0
   634   000938  A4D8               	btfss	status,2,c
   635   00093A  EFA1  F004         	goto	u221
   636   00093E  EFA3  F004         	goto	u220
   637   000942                     u221:
   638   000942  EF90  F004         	goto	l912
   639   000946                     u220:
   640   000946  0012               	return		;funcret
   641   000948                     __end_of_display:
   642                           	callstack 0
   643                           
   644 ;; *************** function _data *****************
   645 ;; Defined at:
   646 ;;		line 171 in file "matrixlcd2.c"
   647 ;; Parameters:    Size  Location     Type
   648 ;;  a               1    wreg     unsigned char 
   649 ;; Auto vars:     Size  Location     Type
   650 ;;  a               1    0[COMRAM] unsigned char 
   651 ;;  i               2    3[COMRAM] int 
   652 ;;  i               2    1[COMRAM] int 
   653 ;; Return value:  Size  Location     Type
   654 ;;                  1    wreg      void 
   655 ;; Registers used:
   656 ;;		wreg, status,2, status,0
   657 ;; Tracked objects:
   658 ;;		On entry : 0/0
   659 ;;		On exit  : 0/0
   660 ;;		Unchanged: 0/0
   661 ;; Data sizes:     COMRAM   BANK0   BANK1   BANK2   BANK3   BANK4   BANK5
   662 ;;      Params:         0       0       0       0       0       0       0
   663 ;;      Locals:         5       0       0       0       0       0       0
   664 ;;      Temps:          0       0       0       0       0       0       0
   665 ;;      Totals:         5       0       0       0       0       0       0
   666 ;;Total ram usage:        5 bytes
   667 ;; Hardware stack levels used: 1
   668 ;; This function calls:
   669 ;;		Nothing
   670 ;; This function is called by:
   671 ;;		_display
   672 ;; This function uses a non-reentrant model
   673 ;;
   674                           
   675                           	psect	text2
   676   00085C                     __ptext2:
   677                           	callstack 0
   678   00085C                     _data:
   679                           	callstack 29
   680                           
   681                           ;incstack = 0
   682                           ;data@a stored from wreg
   683   00085C  6E01               	movwf	data@a^0,c
   684   00085E                     
   685                           ;matrixlcd2.c: 171: void data(unsigned char a );matrixlcd2.c: 172: {;matrixlcd2.c: 173: 
      +                              RC0=1;
   686   00085E  8082               	bsf	3970,0,c	;volatile
   687                           
   688                           ;matrixlcd2.c: 174:     RC1=0;
   689   000860  9282               	bcf	3970,1,c	;volatile
   690   000862                     
   691                           ;matrixlcd2.c: 175:     PORTD=a;
   692   000862  C001  FF83         	movff	data@a,3971	;volatile
   693   000866                     
   694                           ;matrixlcd2.c: 176:     RC2=1;
   695   000866  8482               	bsf	3970,2,c	;volatile
   696   000868                     
   697                           ;matrixlcd2.c: 177:     for(int i=0;i<=100;i++);
   698   000868  0E00               	movlw	0
   699   00086A  6E03               	movwf	(data@i+1)^0,c
   700   00086C  0E00               	movlw	0
   701   00086E  6E02               	movwf	data@i^0,c
   702   000870                     l774:
   703   000870  4A02               	infsnz	data@i^0,f,c
   704   000872  2A03               	incf	(data@i+1)^0,f,c
   705   000874  BE03               	btfsc	(data@i+1)^0,7,c
   706   000876  EF46  F004         	goto	u11
   707   00087A  5003               	movf	(data@i+1)^0,w,c
   708   00087C  E109               	bnz	u10
   709   00087E  0E65               	movlw	101
   710   000880  5C02               	subwf	data@i^0,w,c
   711   000882  A0D8               	btfss	status,0,c
   712   000884  EF46  F004         	goto	u11
   713   000888  EF48  F004         	goto	u10
   714   00088C                     u11:
   715   00088C  EF38  F004         	goto	l774
   716   000890                     u10:
   717   000890                     
   718                           ;matrixlcd2.c: 178:     RC2=0;
   719   000890  9482               	bcf	3970,2,c	;volatile
   720   000892                     
   721                           ;matrixlcd2.c: 179:     for(int i=0;i<=5000;i++);
   722   000892  0E00               	movlw	0
   723   000894  6E05               	movwf	(data@i_75+1)^0,c
   724   000896  0E00               	movlw	0
   725   000898  6E04               	movwf	data@i_75^0,c
   726   00089A                     l784:
   727   00089A  4A04               	infsnz	data@i_75^0,f,c
   728   00089C  2A05               	incf	(data@i_75+1)^0,f,c
   729   00089E  BE05               	btfsc	(data@i_75+1)^0,7,c
   730   0008A0  EF5B  F004         	goto	u21
   731   0008A4  0E89               	movlw	137
   732   0008A6  5C04               	subwf	data@i_75^0,w,c
   733   0008A8  0E13               	movlw	19
   734   0008AA  5805               	subwfb	(data@i_75+1)^0,w,c
   735   0008AC  A0D8               	btfss	status,0,c
   736   0008AE  EF5B  F004         	goto	u21
   737   0008B2  EF5D  F004         	goto	u20
   738   0008B6                     u21:
   739   0008B6  EF4D  F004         	goto	l784
   740   0008BA                     u20:
   741   0008BA  0012               	return		;funcret
   742   0008BC                     __end_of_data:
   743                           	callstack 0
   744                           
   745 ;; *************** function _cmd *****************
   746 ;; Defined at:
   747 ;;		line 161 in file "matrixlcd2.c"
   748 ;; Parameters:    Size  Location     Type
   749 ;;  a               1    wreg     unsigned char 
   750 ;; Auto vars:     Size  Location     Type
   751 ;;  a               1    0[COMRAM] unsigned char 
   752 ;;  i               2    3[COMRAM] int 
   753 ;;  i               2    1[COMRAM] int 
   754 ;; Return value:  Size  Location     Type
   755 ;;                  1    wreg      void 
   756 ;; Registers used:
   757 ;;		wreg, status,2, status,0
   758 ;; Tracked objects:
   759 ;;		On entry : 0/0
   760 ;;		On exit  : 0/0
   761 ;;		Unchanged: 0/0
   762 ;; Data sizes:     COMRAM   BANK0   BANK1   BANK2   BANK3   BANK4   BANK5
   763 ;;      Params:         0       0       0       0       0       0       0
   764 ;;      Locals:         5       0       0       0       0       0       0
   765 ;;      Temps:          0       0       0       0       0       0       0
   766 ;;      Totals:         5       0       0       0       0       0       0
   767 ;;Total ram usage:        5 bytes
   768 ;; Hardware stack levels used: 1
   769 ;; This function calls:
   770 ;;		Nothing
   771 ;; This function is called by:
   772 ;;		_main
   773 ;; This function uses a non-reentrant model
   774 ;;
   775                           
   776                           	psect	text3
   777   0008BC                     __ptext3:
   778                           	callstack 0
   779   0008BC                     _cmd:
   780                           	callstack 30
   781                           
   782                           ;incstack = 0
   783                           ;cmd@a stored from wreg
   784   0008BC  6E01               	movwf	cmd@a^0,c
   785   0008BE                     
   786                           ;matrixlcd2.c: 161:     void cmd(unsigned char a );matrixlcd2.c: 162: {;matrixlcd2.c: 16
      +                          3:     RC0=0;
   787   0008BE  9082               	bcf	3970,0,c	;volatile
   788                           
   789                           ;matrixlcd2.c: 164:     RC1=0;
   790   0008C0  9282               	bcf	3970,1,c	;volatile
   791   0008C2                     
   792                           ;matrixlcd2.c: 165:     PORTD=a;
   793   0008C2  C001  FF83         	movff	cmd@a,3971	;volatile
   794   0008C6                     
   795                           ;matrixlcd2.c: 166:     RC2=1;
   796   0008C6  8482               	bsf	3970,2,c	;volatile
   797   0008C8                     
   798                           ;matrixlcd2.c: 167:     for(int i=0;i<=100;i++);
   799   0008C8  0E00               	movlw	0
   800   0008CA  6E03               	movwf	(cmd@i+1)^0,c
   801   0008CC  0E00               	movlw	0
   802   0008CE  6E02               	movwf	cmd@i^0,c
   803   0008D0                     l800:
   804   0008D0  4A02               	infsnz	cmd@i^0,f,c
   805   0008D2  2A03               	incf	(cmd@i+1)^0,f,c
   806   0008D4  BE03               	btfsc	(cmd@i+1)^0,7,c
   807   0008D6  EF76  F004         	goto	u31
   808   0008DA  5003               	movf	(cmd@i+1)^0,w,c
   809   0008DC  E109               	bnz	u30
   810   0008DE  0E65               	movlw	101
   811   0008E0  5C02               	subwf	cmd@i^0,w,c
   812   0008E2  A0D8               	btfss	status,0,c
   813   0008E4  EF76  F004         	goto	u31
   814   0008E8  EF78  F004         	goto	u30
   815   0008EC                     u31:
   816   0008EC  EF68  F004         	goto	l800
   817   0008F0                     u30:
   818   0008F0                     
   819                           ;matrixlcd2.c: 168:     RC2=0;
   820   0008F0  9482               	bcf	3970,2,c	;volatile
   821   0008F2                     
   822                           ;matrixlcd2.c: 169:     for(int i=0;i<=5000;i++);
   823   0008F2  0E00               	movlw	0
   824   0008F4  6E05               	movwf	(cmd@i_71+1)^0,c
   825   0008F6  0E00               	movlw	0
   826   0008F8  6E04               	movwf	cmd@i_71^0,c
   827   0008FA                     l810:
   828   0008FA  4A04               	infsnz	cmd@i_71^0,f,c
   829   0008FC  2A05               	incf	(cmd@i_71+1)^0,f,c
   830   0008FE  BE05               	btfsc	(cmd@i_71+1)^0,7,c
   831   000900  EF8B  F004         	goto	u41
   832   000904  0E89               	movlw	137
   833   000906  5C04               	subwf	cmd@i_71^0,w,c
   834   000908  0E13               	movlw	19
   835   00090A  5805               	subwfb	(cmd@i_71+1)^0,w,c
   836   00090C  A0D8               	btfss	status,0,c
   837   00090E  EF8B  F004         	goto	u41
   838   000912  EF8D  F004         	goto	u40
   839   000916                     u41:
   840   000916  EF7D  F004         	goto	l810
   841   00091A                     u40:
   842   00091A  0012               	return		;funcret
   843   00091C                     __end_of_cmd:
   844                           	callstack 0
   845                           
   846                           	psect	rparam
   847   000000                     tosu	equ	0xFFF
   848                           tosh	equ	0xFFE
   849                           tosl	equ	0xFFD
   850                           stkptr	equ	0xFFC
   851                           pclatu	equ	0xFFB
   852                           pclath	equ	0xFFA
   853                           pcl	equ	0xFF9
   854                           tblptru	equ	0xFF8
   855                           tblptrh	equ	0xFF7
   856                           tblptrl	equ	0xFF6
   857                           tablat	equ	0xFF5
   858                           prodh	equ	0xFF4
   859                           prodl	equ	0xFF3
   860                           indf0	equ	0xFEF
   861                           postinc0	equ	0xFEE
   862                           postdec0	equ	0xFED
   863                           preinc0	equ	0xFEC
   864                           plusw0	equ	0xFEB
   865                           fsr0h	equ	0xFEA
   866                           fsr0l	equ	0xFE9
   867                           wreg	equ	0xFE8
   868                           indf1	equ	0xFE7
   869                           postinc1	equ	0xFE6
   870                           postdec1	equ	0xFE5
   871                           preinc1	equ	0xFE4
   872                           plusw1	equ	0xFE3
   873                           fsr1h	equ	0xFE2
   874                           fsr1l	equ	0xFE1
   875                           bsr	equ	0xFE0
   876                           indf2	equ	0xFDF
   877                           postinc2	equ	0xFDE
   878                           postdec2	equ	0xFDD
   879                           preinc2	equ	0xFDC
   880                           plusw2	equ	0xFDB
   881                           fsr2h	equ	0xFDA
   882                           fsr2l	equ	0xFD9
   883                           status	equ	0xFD8

Data Sizes:
    Strings     32
    Constant    0
    Data        0
    BSS         0
    Persistent  0
    Stack       0

Auto Spaces:
    Space          Size  Autos    Used
    COMRAM           95      6       6
    BANK0           160      0       0
    BANK1           256      0       0
    BANK2           256      0       0
    BANK3           256      0       0
    BANK4           256      0       0
    BANK5           256      0       0

Pointer List with Targets:

    display@p	PTR const unsigned char  size(1) Largest target is 2
		 -> STR_1(CODE[2]), STR_10(CODE[2]), STR_11(CODE[2]), STR_12(CODE[2]), 
		 -> STR_13(CODE[2]), STR_14(CODE[2]), STR_15(CODE[2]), STR_16(CODE[2]), 
		 -> STR_2(CODE[2]), STR_3(CODE[2]), STR_4(CODE[2]), STR_5(CODE[2]), 
		 -> STR_6(CODE[2]), STR_7(CODE[2]), STR_8(CODE[2]), STR_9(CODE[2]), 


Critical Paths under _main in COMRAM

    _main->_display
    _display->_data

Critical Paths under _main in BANK0

    None.

Critical Paths under _main in BANK1

    None.

Critical Paths under _main in BANK2

    None.

Critical Paths under _main in BANK3

    None.

Critical Paths under _main in BANK4

    None.

Critical Paths under _main in BANK5

    None.

Call Graph Tables:

 ---------------------------------------------------------------------------------
 (Depth) Function   	        Calls       Base Space   Used Autos Params    Refs
 ---------------------------------------------------------------------------------
 (0) _main                                                 0     0      0    1411
                                _cmd
                            _display
 ---------------------------------------------------------------------------------
 (1) _display                                              1     0      1    1336
                                              5 COMRAM     1     0      1
                               _data
 ---------------------------------------------------------------------------------
 (2) _data                                                 5     5      0      75
                                              0 COMRAM     5     5      0
 ---------------------------------------------------------------------------------
 (1) _cmd                                                  5     5      0      75
                                              0 COMRAM     5     5      0
 ---------------------------------------------------------------------------------
 Estimated maximum stack depth 2
 ---------------------------------------------------------------------------------

 Call Graph Graphs:

 _main (ROOT)
   _cmd
   _display
     _data

 Address spaces:
Name               Size   Autos  Total    Cost      Usage
BITCOMRAM           5F      0       0       0        0.0%
EEDATA             100      0       0       0        0.0%
NULL                 0      0       0       0        0.0%
CODE                 0      0       0       0        0.0%
COMRAM              5F      6       6       1        6.3%
STACK                0      0       0       2        0.0%
DATA                 0      0       0       3        0.0%
BITBANK0            A0      0       0       4        0.0%
BANK0               A0      0       0       5        0.0%
BITBANK1           100      0       0       6        0.0%
BANK1              100      0       0       7        0.0%
BITBANK2           100      0       0       8        0.0%
BANK2              100      0       0       9        0.0%
BITBANK3           100      0       0      10        0.0%
BANK3              100      0       0      11        0.0%
BITBANK4           100      0       0      12        0.0%
BANK4              100      0       0      13        0.0%
BITBANK5           100      0       0      14        0.0%
BANK5              100      0       0      15        0.0%
BITBIGSFRh          3E      0       0      16        0.0%
BITBIGSFRlh         2B      0       0      17        0.0%
BITBIGSFRllh         F      0       0      18        0.0%
BITBIGSFRlll       281      0       0      19        0.0%
ABS                  0      0       0      20        0.0%
BIGRAM             5FF      0       0      21        0.0%
BIGSFR               0      0       0     200        0.0%
BITSFR_3             0      0       0     200        0.0%
SFR_3                0      0       0     200        0.0%
BITSFR_2             0      0       0     200        0.0%
SFR_2                0      0       0     200        0.0%
BITSFR_1             0      0       0     200        0.0%
SFR_1                0      0       0     200        0.0%
BITSFR               0      0       0     200        0.0%
SFR                  0      0       0     200        0.0%


Microchip Technology PIC18 Macro Assembler V2.46 build 20240104201356 
Symbol Table                                                                                   Thu Aug 08 13:13:07 2024

                     l40 06A8                       l50 0770                       l43 06EC  
                     l52 0790                       l36 0668                       l61 0834  
                     l53 07D0                       l45 070C                       l70 08F0  
                     l54 07B0                       l46 074C                       l38 0688  
                     l47 072C                       l39 06C8                       l80 08BA  
                     l73 091A                       l57 07F4                       l58 0854  
                     l59 0814                       l77 0890                       l86 0946  
                     u10 0890                       u11 088C                       u20 08BA  
                     u21 08B6                       u30 08F0                       u31 08EC  
                     u40 091A                       u41 0916                      l800 08D0  
                    l810 08FA                      l802 08D4                      l812 08FE  
                    l804 08F2                      l910 091C                      l912 0920  
                    l920 0632                      l762 085E                      l914 092C  
                    l930 0656                      l922 0638                      l764 0862  
                    l916 092E                      l940 069C                      l932 065C  
                    l924 063E                      l790 08C2                      l774 0870  
                    l766 0866                      l950 06DA                      l942 06B6  
                    l934 0676                      l926 0644                      l918 0622  
                    l792 08C6                      l784 089A                      l776 0874  
                    l768 0868                      l960 0720                      l952 06E0  
                    l944 06BC                      l936 067C                      l928 0648  
                    l794 08C8                      l786 089E                      l778 0892  
                    l970 075E                      l962 073A                      l954 06FA  
                    l938 0696                      l946 06C8                      l788 08BE  
                    l980 07A4                      l972 0764                      l964 0740  
                    l956 0700                      l948 06CC                      l990 07E2  
                    l982 07BE                      l974 077E                      l958 071A  
                    l966 074C                      l992 07E8                      l984 07C4  
                    l976 0784                      l968 0750                      l994 0802  
                    l978 079E                      l986 07D0                      l996 0808  
                    l988 07D4                      l998 0822                      _RC0 7C10  
                    _RC1 7C11                      _RB4 7C0C                      _RC2 7C12  
                    _RB5 7C0D                      _RB6 7C0E                      _RB7 7C0F  
                    u220 0946                      u300 073A                      u221 0942  
                    u301 0736                      u310 075E                      u230 0656  
                    u311 075A                      u231 0652                      u320 077E  
                    u240 0676                      u321 077A                      u241 0672  
                    u330 079E                      u250 0696                      u331 079A  
                    u251 0692                      u340 07BE                      u260 06B6  
                    u341 07BA                      u261 06B2                      u350 07E2  
                    u270 06DA                      u351 07DE                      u271 06D6  
                    u360 0802                      u280 06FA                      u361 07FE  
                    u281 06F6                      u370 0822                      u290 071A  
                    u371 081E                      u291 0716                      u380 0842  
                    u381 083E                      _cmd 08BC                     l1000 0828  
                   l1002 0842                     l1004 0848                     ?_cmd 0001  
                   STR_1 0603                     STR_2 0605                     STR_3 0607  
                   STR_4 0609                     STR_5 060B                     STR_6 060D  
                   STR_7 060F                     STR_8 0611                     STR_9 0613  
                   _data 085C                     cmd@a 0001                     cmd@i 0002  
                   _main 0622                     start 0000             ___param_bank 0000  
                  ??_cmd 0001                    ?_data 0001                    ?_main 0001  
                  STR_10 0615                    STR_11 0617                    STR_12 0619  
                  STR_13 061B                    STR_14 061D                    STR_15 061F  
                  STR_16 0601                    _PORTB 0F81                    _PORTD 0F83  
                  _TRISB 0F93                    _TRISC 0F94                    _TRISD 0F95  
        __end_of_display 0948                    data@a 0001                    data@i 0002  
                  tablat 0FF5                    status 0FD8          __initialization 0948  
           __end_of_data 08BC             __end_of_main 085C                   ??_data 0001  
                 ??_main 0007            __activetblptr 0001                   _ADCON1 0FC1  
                 isa$std 0001                ??_display 0007             __mediumconst 0000  
                 tblptrh 0FF7                   tblptrl 0FF6                   tblptru 0FF8  
             __accesstop 0060  __end_of__initialization 0948            ___rparam_used 0001  
         __pcstackCOMRAM 0001                  __Hparam 0000                  __Lparam 0000  
           __psmallconst 0600                  __pcinit 0948                  __ramtop 0600  
                __ptext0 0622                  __ptext1 091C                  __ptext2 085C  
                __ptext3 08BC                  cmd@i_71 0004                  _display 091C  
   end_of_initialization 0948      start_initialization 0948              __end_of_cmd 091C  
               ?_display 0006              __smallconst 0600                 __Hrparam 0000  
               __Lrparam 0000             __Lsmallconst 0600                 data@i_75 0004  
               isa$xinst 0000                 display@p 0006  
