

Microchip MPLAB XC8 Assembler V2.46 build 20240104201356 
                                                                                               Tue Jul 30 11:59:55 2024

Microchip MPLAB XC8 C Compiler v2.46 (Free license) build 20240104201356 Og1 
     1                           	processor	18F4580
     2                           	fnconf	rparam,??,?,0
     3                           	pagewidth 120
     4                           	opt	flic
     5                           	psect	cinit,global,reloc=2,class=CODE,delta=1
     6                           	psect	cstackCOMRAM,global,class=COMRAM,space=1,delta=1,lowdata,noexec
     7                           	psect	text0,global,reloc=2,class=CODE,delta=1
     8                           	psect	smallconst,global,reloc=2,class=SMALLCONST,delta=1,noexec
     9                           	psect	intsave_regs,global,class=BIGRAM,space=1,delta=1,noexec
    10                           	psect	rparam,global,class=COMRAM,space=1,delta=1,noexec
    11   000000                     
    12                           ; Generated 17/10/2023 GMT
    13                           ; 
    14                           ; Copyright © 2023, Microchip Technology Inc. and its subsidiaries ("Microchip")
    15                           ; All rights reserved.
    16                           ; 
    17                           ; This software is developed by Microchip Technology Inc. and its subsidiaries ("Microch
      +                          ip").
    18                           ; 
    19                           ; Redistribution and use in source and binary forms, with or without modification, are
    20                           ; permitted provided that the following conditions are met:
    21                           ; 
    22                           ;     1. Redistributions of source code must retain the above copyright notice, this lis
      +                          t of
    23                           ;        conditions and the following disclaimer.
    24                           ; 
    25                           ;     2. Redistributions in binary form must reproduce the above copyright notice, this 
      +                          list
    26                           ;        of conditions and the following disclaimer in the documentation and/or other
    27                           ;        materials provided with the distribution. Publication is not required when
    28                           ;        this file is used in an embedded application.
    29                           ; 
    30                           ;     3. Microchip's name may not be used to endorse or promote products derived from th
      +                          is
    31                           ;        software without specific prior written permission.
    32                           ; 
    33                           ; THIS SOFTWARE IS PROVIDED BY MICROCHIP "AS IS" AND ANY EXPRESS OR IMPLIED WARRANTIES,
    34                           ; INCLUDING, BUT NOT LIMITED TO, THE IMPLIED WARRANTIES OF MERCHANTABILITY AND FITNESS F
      +                          OR
    35                           ; PURPOSE ARE DISCLAIMED.  IN NO EVENT SHALL MICROCHIP BE LIABLE FOR ANY DIRECT, INDIREC
      +                          T,
    36                           ; INCIDENTAL, SPECIAL, EXEMPLARY, OR CONSEQUENTIAL DAMAGES (INCLUDING BUT NOT LIMITED TO
    37                           ; PROCUREMENT OF SUBSTITUTE GOODS OR SERVICES; LOSS OF USE, DATA OR PROFITS; OR BUSINESS
    38                           ; INTERRUPTION) HOWSOEVER CAUSED AND ON ANY THEORY OF LIABILITY, WHETHER IN CONTRACT, ST
      +                          RICT
    39                           ; LIABILITY, OR TORT (INCLUDING NEGLIGENCE OR OTHERWISE) ARISING IN ANY WAY OUT OF THE U
      +                          SE OF
    40                           ; THIS SOFTWARE, EVEN IF ADVISED OF THE POSSIBILITY OF SUCH DAMAGE.
    41                           ; 
    42                           ; 
    43                           ; Code-generator required, PIC18F4580 Definitions
    44                           ; 
    45                           ; SFR Addresses
    46   000000                     _RC2	set	31762
    47   000000                     _RC1	set	31761
    48   000000                     _TRISC	set	3988
    49   000000                     _RC0	set	31760
    50   000000                     _TRISD	set	3989
    51   000000                     _PORTD	set	3971
    52                           
    53                           ; #config settings
    54                           
    55                           	psect	cinit
    56   000628                     __pcinit:
    57                           	callstack 0
    58   000628                     start_initialization:
    59                           	callstack 0
    60   000628                     __initialization:
    61                           	callstack 0
    62   000628                     end_of_initialization:
    63                           	callstack 0
    64   000628                     __end_of__initialization:
    65                           	callstack 0
    66   000628  0100               	movlb	0
    67   00062A  EF01  F003         	goto	_main	;jump to C main() function
    68                           
    69                           	psect	cstackCOMRAM
    70   000000                     __pcstackCOMRAM:
    71                           	callstack 0
    72   000000                     
    73                           ; 1 bytes @ 0x0
    74 ;;
    75 ;;Main: autosize = 0, tempsize = 0, incstack = 0, save=0
    76 ;;
    77 ;; *************** function _main *****************
    78 ;; Defined at:
    79 ;;		line 11 in file "3buttons.c"
    80 ;; Parameters:    Size  Location     Type
    81 ;;		None
    82 ;; Auto vars:     Size  Location     Type
    83 ;;  j               2    0        unsigned int 
    84 ;;  j               2    0        unsigned int 
    85 ;;  k               2    0        int 
    86 ;;  i               2    0        int 
    87 ;;  i               2    0        int 
    88 ;; Return value:  Size  Location     Type
    89 ;;                  1    wreg      void 
    90 ;; Registers used:
    91 ;;		wreg, status,2, status,0
    92 ;; Tracked objects:
    93 ;;		On entry : 0/0
    94 ;;		On exit  : 0/0
    95 ;;		Unchanged: 0/0
    96 ;; Data sizes:     COMRAM   BANK0   BANK1   BANK2   BANK3   BANK4   BANK5
    97 ;;      Params:         0       0       0       0       0       0       0
    98 ;;      Locals:         0       0       0       0       0       0       0
    99 ;;      Temps:          0       0       0       0       0       0       0
   100 ;;      Totals:         0       0       0       0       0       0       0
   101 ;;Total ram usage:        0 bytes
   102 ;; This function calls:
   103 ;;		Nothing
   104 ;; This function is called by:
   105 ;;		Startup code after reset
   106 ;; This function uses a non-reentrant model
   107 ;;
   108                           
   109                           	psect	text0
   110   000602                     __ptext0:
   111                           	callstack 0
   112   000602                     _main:
   113                           	callstack 31
   114   000602  6894               	setf	148,c	;volatile
   115   000604  0E00               	movlw	0
   116   000606  6E95               	movwf	149,c	;volatile
   117   000608  A082               	btfss	3970,0,c	;volatile
   118   00060A  EF09  F003         	goto	u11
   119   00060E  EF0B  F003         	goto	u10
   120   000612                     u11:
   121   000612  EF0E  F003         	goto	l718
   122   000616                     u10:
   123   000616  6883               	setf	131,c	;volatile
   124   000618  EF10  F003         	goto	l19
   125   00061C                     l718:
   126   00061C  0E00               	movlw	0
   127   00061E  6E83               	movwf	131,c	;volatile
   128   000620                     l19:
   129   000620                     l724:
   130   000620  EF10  F003         	goto	l724
   131   000624  EF00  F000         	goto	start
   132   000628                     __end_of_main:
   133                           	callstack 0
   134                           
   135                           	psect	smallconst
   136   000600                     __psmallconst:
   137                           	callstack 0
   138   000600  00                 	db	0
   139   000601  00                 	db	0	; dummy byte at the end
   140   000000                     
   141                           	psect	rparam
   142   000000                     tosu	equ	0xFFF
   143                           tosh	equ	0xFFE
   144                           tosl	equ	0xFFD
   145                           stkptr	equ	0xFFC
   146                           pclatu	equ	0xFFB
   147                           pclath	equ	0xFFA
   148                           pcl	equ	0xFF9
   149                           tblptru	equ	0xFF8
   150                           tblptrh	equ	0xFF7
   151                           tblptrl	equ	0xFF6
   152                           tablat	equ	0xFF5
   153                           prodh	equ	0xFF4
   154                           prodl	equ	0xFF3
   155                           indf0	equ	0xFEF
   156                           postinc0	equ	0xFEE
   157                           postdec0	equ	0xFED
   158                           preinc0	equ	0xFEC
   159                           plusw0	equ	0xFEB
   160                           fsr0h	equ	0xFEA
   161                           fsr0l	equ	0xFE9
   162                           wreg	equ	0xFE8
   163                           indf1	equ	0xFE7
   164                           postinc1	equ	0xFE6
   165                           postdec1	equ	0xFE5
   166                           preinc1	equ	0xFE4
   167                           plusw1	equ	0xFE3
   168                           fsr1h	equ	0xFE2
   169                           fsr1l	equ	0xFE1
   170                           bsr	equ	0xFE0
   171                           indf2	equ	0xFDF
   172                           postinc2	equ	0xFDE
   173                           postdec2	equ	0xFDD
   174                           preinc2	equ	0xFDC
   175                           plusw2	equ	0xFDB
   176                           fsr2h	equ	0xFDA
   177                           fsr2l	equ	0xFD9
   178                           status	equ	0xFD8

Data Sizes:
    Strings     0
    Constant    0
    Data        0
    BSS         0
    Persistent  0
    Stack       0

Auto Spaces:
    Space          Size  Autos    Used
    COMRAM           95      0       0
    BANK0           160      0       0
    BANK1           256      0       0
    BANK2           256      0       0
    BANK3           256      0       0
    BANK4           256      0       0
    BANK5           256      0       0

Pointer List with Targets:

    None.

Critical Paths under _main in COMRAM

    None.

Critical Paths under _main in BANK0

    None.

Critical Paths under _main in BANK1

    None.

Critical Paths under _main in BANK2

    None.

Critical Paths under _main in BANK3

    None.

Critical Paths under _main in BANK4

    None.

Critical Paths under _main in BANK5

    None.

Call Graph Tables:

 ---------------------------------------------------------------------------------
 (Depth) Function   	        Calls       Base Space   Used Autos Params    Refs
 ---------------------------------------------------------------------------------
 (0) _main                                                10    10      0     180
 ---------------------------------------------------------------------------------
 Estimated maximum stack depth 0
 ---------------------------------------------------------------------------------

 Call Graph Graphs:

 _main (ROOT)

 Address spaces:
Name               Size   Autos  Total    Cost      Usage
BITCOMRAM           5F      0       0       0        0.0%
EEDATA             100      0       0       0        0.0%
NULL                 0      0       0       0        0.0%
CODE                 0      0       0       0        0.0%
COMRAM              5F      0       0       1        0.0%
STACK                0      0       0       2        0.0%
DATA                 0      0       0       3        0.0%
BITBANK0            A0      0       0       4        0.0%
BANK0               A0      0       0       5        0.0%
BITBANK1           100      0       0       6        0.0%
BANK1              100      0       0       7        0.0%
BITBANK2           100      0       0       8        0.0%
BANK2              100      0       0       9        0.0%
BITBANK3           100      0       0      10        0.0%
BANK3              100      0       0      11        0.0%
BITBANK4           100      0       0      12        0.0%
BANK4              100      0       0      13        0.0%
BITBANK5           100      0       0      14        0.0%
BANK5              100      0       0      15        0.0%
BITBIGSFRh          6A      0       0      16        0.0%
BITBIGSFRlh         10      0       0      17        0.0%
BITBIGSFRll        282      0       0      18        0.0%
ABS                  0      0       0      19        0.0%
BIGRAM             5FF      0       0      20        0.0%
BIGSFR               0      0       0     200        0.0%
BITSFR_3             0      0       0     200        0.0%
SFR_3                0      0       0     200        0.0%
BITSFR_2             0      0       0     200        0.0%
SFR_2                0      0       0     200        0.0%
BITSFR_1             0      0       0     200        0.0%
SFR_1                0      0       0     200        0.0%
BITSFR               0      0       0     200        0.0%
SFR                  0      0       0     200        0.0%


Microchip Technology PIC18 Macro Assembler V2.46 build 20240104201356 
Symbol Table                                                                                   Tue Jul 30 11:59:55 2024

                     l19 0620                       u10 0616                       u11 0612  
                    l710 0602                      l712 0604                      l714 0608  
                    l724 0620                      l716 0616                      l718 061C  
                    _RC0 7C10                      _RC1 7C11                      _RC2 7C12  
                   _main 0602                     start 0000             ___param_bank 0000  
                  ?_main 0000                    _PORTD 0F83                    _TRISC 0F94  
                  _TRISD 0F95          __initialization 0628             __end_of_main 0628  
                 ??_main 0000            __activetblptr 0000                   isa$std 0001  
           __mediumconst 0000               __accesstop 0060  __end_of__initialization 0628  
          ___rparam_used 0001           __pcstackCOMRAM 0000                  __Hparam 0000  
                __Lparam 0000             __psmallconst 0600                  __pcinit 0628  
                __ramtop 0600                  __ptext0 0602     end_of_initialization 0628  
    start_initialization 0628              __smallconst 0600                 __Hrparam 0000  
               __Lrparam 0000                 isa$xinst 0000  
